---------------------------------------------------------------
[ 2019-09-10T23:57:27+08:00 ] 59.60.132.100 GET api.3ii.cn/appHeart?t=1568131059101&mid=1000&sign=533764f95ff38e88f2673e6c94ecd678
[ sql ] [ DB ] CONNECT:[ UseTime:0.000420s ] mysql:host=127.0.0.1;port=3306;dbname=epay_3ii_cn;charset=utf8
[ sql ] [ SQL ] SHOW COLUMNS FROM `box_config` [ RunTime:0.000720s ]
[ sql ] [ SQL ] SELECT `value` FROM `box_config` WHERE  `code` = 'admin_login_path' LIMIT 1 [ RunTime:0.000223s ]
[ sql ] [ SQL ] SHOW COLUMNS FROM `box_user` [ RunTime:0.000945s ]
[ sql ] [ SQL ] SELECT `id`,`lastheart`,`email`,`mid`,`jkstate` FROM `box_user` WHERE  `jkstate` = '1' [ RunTime:0.000304s ]
[ sql ] [ SQL ] SHOW COLUMNS FROM `box_pay_order` [ RunTime:0.000661s ]
[ sql ] [ SQL ] SELECT * FROM `box_pay_order` WHERE  `state` = 0 [ RunTime:0.000253s ]
[ sql ] [ SQL ] SHOW COLUMNS FROM `box_tmp_price` [ RunTime:0.000509s ]
[ sql ] [ SQL ] SELECT * FROM `box_tmp_price` [ RunTime:0.000193s ]
[ sql ] [ SQL ] SHOW COLUMNS FROM `box_pay` [ RunTime:0.000561s ]
[ sql ] [ SQL ] SELECT `id`,`ctime`,`status` FROM `box_pay` WHERE  `status` = 1 [ RunTime:0.000199s ]
[ sql ] [ SQL ] SELECT `apikey` FROM `box_user` WHERE  `mid` = 1000 LIMIT 1 [ RunTime:0.000262s ]
[ sql ] [ SQL ] UPDATE `box_user`  SET `lastheart`=1568131047,`jkstate`='1'  WHERE  `mid` = 1000 [ RunTime:0.000667s ]
---------------------------------------------------------------
[ 2019-09-10T23:57:32+08:00 ] 125.79.14.217 GET api.3ii.cn/appHeart?t=1568131064352&mid=1000&sign=729786fd8712befe6a83d9ea889f94d5
[ sql ] [ DB ] CONNECT:[ UseTime:0.000465s ] mysql:host=127.0.0.1;port=3306;dbname=epay_3ii_cn;charset=utf8
[ sql ] [ SQL ] SHOW COLUMNS FROM `box_config` [ RunTime:0.001540s ]
[ sql ] [ SQL ] SELECT `value` FROM `box_config` WHERE  `code` = 'admin_login_path' LIMIT 1 [ RunTime:0.000301s ]
[ sql ] [ SQL ] SHOW COLUMNS FROM `box_user` [ RunTime:0.001185s ]
[ sql ] [ SQL ] SELECT `id`,`lastheart`,`email`,`mid`,`jkstate` FROM `box_user` WHERE  `jkstate` = '1' [ RunTime:0.000363s ]
[ sql ] [ SQL ] SHOW COLUMNS FROM `box_pay_order` [ RunTime:0.000686s ]
[ sql ] [ SQL ] SELECT * FROM `box_pay_order` WHERE  `state` = 0 [ RunTime:0.000238s ]
[ sql ] [ SQL ] SHOW COLUMNS FROM `box_tmp_price` [ RunTime:0.000629s ]
[ sql ] [ SQL ] SELECT * FROM `box_tmp_price` [ RunTime:0.000170s ]
[ sql ] [ SQL ] SHOW COLUMNS FROM `box_pay` [ RunTime:0.000628s ]
[ sql ] [ SQL ] SELECT `id`,`ctime`,`status` FROM `box_pay` WHERE  `status` = 1 [ RunTime:0.000208s ]
[ sql ] [ SQL ] SELECT `apikey` FROM `box_user` WHERE  `mid` = 1000 LIMIT 1 [ RunTime:0.000281s ]
[ sql ] [ SQL ] UPDATE `box_user`  SET `lastheart`=1568131052,`jkstate`='1'  WHERE  `mid` = 1000 [ RunTime:0.000299s ]
---------------------------------------------------------------
[ 2019-09-10T23:58:16+08:00 ] 125.79.14.217 GET api.3ii.cn/appHeart?t=1568131108429&mid=1000&sign=a7748890317fc586069c768701b68a60
[ sql ] [ DB ] CONNECT:[ UseTime:0.000386s ] mysql:host=127.0.0.1;port=3306;dbname=epay_3ii_cn;charset=utf8
[ sql ] [ SQL ] SHOW COLUMNS FROM `box_config` [ RunTime:0.001109s ]
[ sql ] [ SQL ] SELECT `value` FROM `box_config` WHERE  `code` = 'admin_login_path' LIMIT 1 [ RunTime:0.000308s ]
[ sql ] [ SQL ] SHOW COLUMNS FROM `box_user` [ RunTime:0.001487s ]
[ sql ] [ SQL ] SELECT `id`,`lastheart`,`email`,`mid`,`jkstate` FROM `box_user` WHERE  `jkstate` = '1' [ RunTime:0.000419s ]
[ sql ] [ SQL ] SHOW COLUMNS FROM `box_pay_order` [ RunTime:0.000683s ]
[ sql ] [ SQL ] SELECT * FROM `box_pay_order` WHERE  `state` = 0 [ RunTime:0.000248s ]
[ sql ] [ SQL ] SHOW COLUMNS FROM `box_tmp_price` [ RunTime:0.000732s ]
[ sql ] [ SQL ] SELECT * FROM `box_tmp_price` [ RunTime:0.000223s ]
[ sql ] [ SQL ] SHOW COLUMNS FROM `box_pay` [ RunTime:0.000858s ]
[ sql ] [ SQL ] SELECT `id`,`ctime`,`status` FROM `box_pay` WHERE  `status` = 1 [ RunTime:0.000412s ]
[ sql ] [ SQL ] SELECT `apikey` FROM `box_user` WHERE  `mid` = 1000 LIMIT 1 [ RunTime:0.000318s ]
[ sql ] [ SQL ] UPDATE `box_user`  SET `lastheart`=1568131096,`jkstate`='1'  WHERE  `mid` = 1000 [ RunTime:0.000312s ]
---------------------------------------------------------------
[ 2019-09-10T23:58:42+08:00 ] 125.79.14.217 GET ccpay.3ii.cn/admin
[ sql ] [ DB ] CONNECT:[ UseTime:0.000363s ] mysql:host=127.0.0.1;port=3306;dbname=epay_3ii_cn;charset=utf8
[ sql ] [ SQL ] SHOW COLUMNS FROM `box_config` [ RunTime:0.000787s ]
[ sql ] [ SQL ] SELECT `value` FROM `box_config` WHERE  `code` = 'admin_login_path' LIMIT 1 [ RunTime:0.000261s ]
[ sql ] [ SQL ] SHOW COLUMNS FROM `box_admin` [ RunTime:0.000759s ]
[ sql ] [ SQL ] SELECT * FROM `box_admin` WHERE  `names` = 'ichuxin' LIMIT 1 [ RunTime:0.000250s ]
[ sql ] [ SQL ] SHOW COLUMNS FROM `box_operation` [ RunTime:0.000592s ]
[ sql ] [ SQL ] INSERT INTO `box_operation` (`action` , `name` , `time`) VALUES ('admin/index/index' , 'ichuxin' , 1568131122) [ RunTime:0.000270s ]
[ sql ] [ SQL ] SELECT * FROM `box_admin` WHERE  `names` = 'ichuxin' LIMIT 1 [ RunTime:0.000252s ]
[ sql ] [ SQL ] SHOW COLUMNS FROM `box_auth_role` [ RunTime:0.000548s ]
[ sql ] [ SQL ] SELECT `role_name` FROM `box_auth_role` WHERE  `role_id` = 1 LIMIT 1 [ RunTime:0.000239s ]
[ sql ] [ SQL ] SELECT * FROM `box_auth_role` WHERE  `role_id` = 1 LIMIT 1 [ RunTime:0.000219s ]
[ sql ] [ SQL ] SHOW COLUMNS FROM `box_auth_menu` [ RunTime:0.000639s ]
[ sql ] [ SQL ] SELECT `url` FROM `box_auth_menu` WHERE  `id` IN (26,32,34,35,48,49,50,1,3,11,12,13,4,14,15,16,5,7,8,9,10,6,17,18,20,2,47,51,54,52,58,53,59,60,61,36,37,39,40,41,43,44,38,55,56,42,62,57,63,45,46) [ RunTime:0.000304s ]
[ sql ] [ SQL ] SELECT * FROM `box_auth_role` WHERE  `role_id` = 1 LIMIT 1 [ RunTime:0.000205s ]
[ sql ] [ SQL ] SELECT * FROM `box_auth_menu` WHERE  `parent_id` = 0  AND `type` = 'menu'  AND `id` IN (26,32,34,35,48,49,50,1,3,11,12,13,4,14,15,16,5,7,8,9,10,6,17,18,20,2,47,51,54,52,58,53,59,60,61,36,37,39,40,41,43,44,38,55,56,42,62,57,63,45,46) ORDER BY `sort` ASC [ RunTime:0.000348s ]
[ sql ] [ SQL ] SELECT * FROM `box_auth_menu` WHERE  `parent_id` = 26  AND `type` = 'menu'  AND `id` IN (26,32,34,35,48,49,50,1,3,11,12,13,4,14,15,16,5,7,8,9,10,6,17,18,20,2,47,51,54,52,58,53,59,60,61,36,37,39,40,41,43,44,38,55,56,42,62,57,63,45,46) ORDER BY `sort` ASC [ RunTime:0.000323s ]
[ sql ] [ SQL ] SELECT * FROM `box_auth_menu` WHERE  `parent_id` = 1  AND `type` = 'menu'  AND `id` IN (26,32,34,35,48,49,50,1,3,11,12,13,4,14,15,16,5,7,8,9,10,6,17,18,20,2,47,51,54,52,58,53,59,60,61,36,37,39,40,41,43,44,38,55,56,42,62,57,63,45,46) ORDER BY `sort` ASC [ RunTime:0.000332s ]
[ sql ] [ SQL ] SELECT * FROM `box_auth_menu` WHERE  `parent_id` = 2  AND `type` = 'menu'  AND `id` IN (26,32,34,35,48,49,50,1,3,11,12,13,4,14,15,16,5,7,8,9,10,6,17,18,20,2,47,51,54,52,58,53,59,60,61,36,37,39,40,41,43,44,38,55,56,42,62,57,63,45,46) ORDER BY `sort` ASC [ RunTime:0.000374s ]
[ sql ] [ SQL ] SELECT * FROM `box_auth_menu` WHERE  `parent_id` = 51  AND `type` = 'menu'  AND `id` IN (26,32,34,35,48,49,50,1,3,11,12,13,4,14,15,16,5,7,8,9,10,6,17,18,20,2,47,51,54,52,58,53,59,60,61,36,37,39,40,41,43,44,38,55,56,42,62,57,63,45,46) ORDER BY `sort` ASC [ RunTime:0.000384s ]
[ sql ] [ SQL ] SELECT * FROM `box_auth_menu` WHERE  `parent_id` = 59  AND `type` = 'menu'  AND `id` IN (26,32,34,35,48,49,50,1,3,11,12,13,4,14,15,16,5,7,8,9,10,6,17,18,20,2,47,51,54,52,58,53,59,60,61,36,37,39,40,41,43,44,38,55,56,42,62,57,63,45,46) ORDER BY `sort` ASC [ RunTime:0.000352s ]
[ sql ] [ SQL ] SELECT * FROM `box_auth_menu` WHERE  `parent_id` = 36  AND `type` = 'menu'  AND `id` IN (26,32,34,35,48,49,50,1,3,11,12,13,4,14,15,16,5,7,8,9,10,6,17,18,20,2,47,51,54,52,58,53,59,60,61,36,37,39,40,41,43,44,38,55,56,42,62,57,63,45,46) ORDER BY `sort` ASC [ RunTime:0.000307s ]
[ sql ] [ SQL ] SELECT * FROM `box_auth_menu` WHERE  `parent_id` = 55  AND `type` = 'menu'  AND `id` IN (26,32,34,35,48,49,50,1,3,11,12,13,4,14,15,16,5,7,8,9,10,6,17,18,20,2,47,51,54,52,58,53,59,60,61,36,37,39,40,41,43,44,38,55,56,42,62,57,63,45,46) ORDER BY `sort` ASC [ RunTime:0.000382s ]
[ sql ] [ SQL ] SELECT * FROM `box_auth_menu` WHERE  `parent_id` = 45  AND `type` = 'menu'  AND `id` IN (26,32,34,35,48,49,50,1,3,11,12,13,4,14,15,16,5,7,8,9,10,6,17,18,20,2,47,51,54,52,58,53,59,60,61,36,37,39,40,41,43,44,38,55,56,42,62,57,63,45,46) ORDER BY `sort` ASC [ RunTime:0.000308s ]
---------------------------------------------------------------
[ 2019-09-10T23:58:42+08:00 ] 125.79.14.217 GET ccpay.3ii.cn/admin/index/welcome
[ sql ] [ DB ] CONNECT:[ UseTime:0.000399s ] mysql:host=127.0.0.1;port=3306;dbname=epay_3ii_cn;charset=utf8
[ sql ] [ SQL ] SHOW COLUMNS FROM `box_config` [ RunTime:0.000841s ]
[ sql ] [ SQL ] SELECT `value` FROM `box_config` WHERE  `code` = 'admin_login_path' LIMIT 1 [ RunTime:0.000225s ]
[ sql ] [ SQL ] SHOW COLUMNS FROM `box_admin` [ RunTime:0.000687s ]
[ sql ] [ SQL ] SELECT * FROM `box_admin` WHERE  `names` = 'ichuxin' LIMIT 1 [ RunTime:0.000266s ]
[ sql ] [ SQL ] SHOW COLUMNS FROM `box_operation` [ RunTime:0.000526s ]
[ sql ] [ SQL ] INSERT INTO `box_operation` (`action` , `name` , `time`) VALUES ('admin/index/welcome' , 'ichuxin' , 1568131122) [ RunTime:0.000283s ]
[ sql ] [ SQL ] SELECT * FROM `box_admin` WHERE  `names` = 'ichuxin' LIMIT 1 [ RunTime:0.000212s ]
[ sql ] [ SQL ] SHOW COLUMNS FROM `box_auth_role` [ RunTime:0.000568s ]
[ sql ] [ SQL ] SELECT `role_name` FROM `box_auth_role` WHERE  `role_id` = 1 LIMIT 1 [ RunTime:0.000237s ]
[ sql ] [ SQL ] SELECT * FROM `box_auth_role` WHERE  `role_id` = 1 LIMIT 1 [ RunTime:0.000252s ]
[ sql ] [ SQL ] SHOW COLUMNS FROM `box_auth_menu` [ RunTime:0.000582s ]
[ sql ] [ SQL ] SELECT `url` FROM `box_auth_menu` WHERE  `id` IN (26,32,34,35,48,49,50,1,3,11,12,13,4,14,15,16,5,7,8,9,10,6,17,18,20,2,47,51,54,52,58,53,59,60,61,36,37,39,40,41,43,44,38,55,56,42,62,57,63,45,46) [ RunTime:0.000343s ]
[ sql ] [ SQL ] SELECT * FROM `box_auth_role` WHERE  `role_id` = 1 LIMIT 1 [ RunTime:0.000211s ]
[ sql ] [ SQL ] SELECT * FROM `box_auth_menu` WHERE  `parent_id` = 0  AND `type` = 'menu'  AND `id` IN (26,32,34,35,48,49,50,1,3,11,12,13,4,14,15,16,5,7,8,9,10,6,17,18,20,2,47,51,54,52,58,53,59,60,61,36,37,39,40,41,43,44,38,55,56,42,62,57,63,45,46) ORDER BY `sort` ASC [ RunTime:0.000320s ]
[ sql ] [ SQL ] SELECT * FROM `box_auth_menu` WHERE  `parent_id` = 26  AND `type` = 'menu'  AND `id` IN (26,32,34,35,48,49,50,1,3,11,12,13,4,14,15,16,5,7,8,9,10,6,17,18,20,2,47,51,54,52,58,53,59,60,61,36,37,39,40,41,43,44,38,55,56,42,62,57,63,45,46) ORDER BY `sort` ASC [ RunTime:0.000367s ]
[ sql ] [ SQL ] SELECT * FROM `box_auth_menu` WHERE  `parent_id` = 1  AND `type` = 'menu'  AND `id` IN (26,32,34,35,48,49,50,1,3,11,12,13,4,14,15,16,5,7,8,9,10,6,17,18,20,2,47,51,54,52,58,53,59,60,61,36,37,39,40,41,43,44,38,55,56,42,62,57,63,45,46) ORDER BY `sort` ASC [ RunTime:0.000318s ]
[ sql ] [ SQL ] SELECT * FROM `box_auth_menu` WHERE  `parent_id` = 2  AND `type` = 'menu'  AND `id` IN (26,32,34,35,48,49,50,1,3,11,12,13,4,14,15,16,5,7,8,9,10,6,17,18,20,2,47,51,54,52,58,53,59,60,61,36,37,39,40,41,43,44,38,55,56,42,62,57,63,45,46) ORDER BY `sort` ASC [ RunTime:0.000304s ]
[ sql ] [ SQL ] SELECT * FROM `box_auth_menu` WHERE  `parent_id` = 51  AND `type` = 'menu'  AND `id` IN (26,32,34,35,48,49,50,1,3,11,12,13,4,14,15,16,5,7,8,9,10,6,17,18,20,2,47,51,54,52,58,53,59,60,61,36,37,39,40,41,43,44,38,55,56,42,62,57,63,45,46) ORDER BY `sort` ASC [ RunTime:0.000376s ]
[ sql ] [ SQL ] SELECT * FROM `box_auth_menu` WHERE  `parent_id` = 59  AND `type` = 'menu'  AND `id` IN (26,32,34,35,48,49,50,1,3,11,12,13,4,14,15,16,5,7,8,9,10,6,17,18,20,2,47,51,54,52,58,53,59,60,61,36,37,39,40,41,43,44,38,55,56,42,62,57,63,45,46) ORDER BY `sort` ASC [ RunTime:0.000305s ]
[ sql ] [ SQL ] SELECT * FROM `box_auth_menu` WHERE  `parent_id` = 36  AND `type` = 'menu'  AND `id` IN (26,32,34,35,48,49,50,1,3,11,12,13,4,14,15,16,5,7,8,9,10,6,17,18,20,2,47,51,54,52,58,53,59,60,61,36,37,39,40,41,43,44,38,55,56,42,62,57,63,45,46) ORDER BY `sort` ASC [ RunTime:0.000325s ]
[ sql ] [ SQL ] SELECT * FROM `box_auth_menu` WHERE  `parent_id` = 55  AND `type` = 'menu'  AND `id` IN (26,32,34,35,48,49,50,1,3,11,12,13,4,14,15,16,5,7,8,9,10,6,17,18,20,2,47,51,54,52,58,53,59,60,61,36,37,39,40,41,43,44,38,55,56,42,62,57,63,45,46) ORDER BY `sort` ASC [ RunTime:0.000327s ]
[ sql ] [ SQL ] SELECT * FROM `box_auth_menu` WHERE  `parent_id` = 45  AND `type` = 'menu'  AND `id` IN (26,32,34,35,48,49,50,1,3,11,12,13,4,14,15,16,5,7,8,9,10,6,17,18,20,2,47,51,54,52,58,53,59,60,61,36,37,39,40,41,43,44,38,55,56,42,62,57,63,45,46) ORDER BY `sort` ASC [ RunTime:0.000308s ]
[ sql ] [ SQL ] SELECT * FROM `box_admin` WHERE  `names` = 'ichuxin' LIMIT 1 [ RunTime:0.000221s ]
---------------------------------------------------------------
[ 2019-09-10T23:58:44+08:00 ] 125.79.14.217 GET ccpay.3ii.cn/admin/orders/index
[ sql ] [ DB ] CONNECT:[ UseTime:0.000637s ] mysql:host=127.0.0.1;port=3306;dbname=epay_3ii_cn;charset=utf8
[ sql ] [ SQL ] SHOW COLUMNS FROM `box_config` [ RunTime:0.000966s ]
[ sql ] [ SQL ] SELECT `value` FROM `box_config` WHERE  `code` = 'admin_login_path' LIMIT 1 [ RunTime:0.000227s ]
[ sql ] [ SQL ] SHOW COLUMNS FROM `box_admin` [ RunTime:0.000793s ]
[ sql ] [ SQL ] SELECT * FROM `box_admin` WHERE  `names` = 'ichuxin' LIMIT 1 [ RunTime:0.000322s ]
[ sql ] [ SQL ] SHOW COLUMNS FROM `box_operation` [ RunTime:0.000590s ]
[ sql ] [ SQL ] INSERT INTO `box_operation` (`action` , `name` , `time`) VALUES ('admin/orders/index' , 'ichuxin' , 1568131124) [ RunTime:0.000284s ]
[ sql ] [ SQL ] SELECT * FROM `box_admin` WHERE  `names` = 'ichuxin' LIMIT 1 [ RunTime:0.000215s ]
[ sql ] [ SQL ] SHOW COLUMNS FROM `box_auth_role` [ RunTime:0.000553s ]
[ sql ] [ SQL ] SELECT `role_name` FROM `box_auth_role` WHERE  `role_id` = 1 LIMIT 1 [ RunTime:0.000213s ]
[ sql ] [ SQL ] SELECT * FROM `box_auth_role` WHERE  `role_id` = 1 LIMIT 1 [ RunTime:0.000250s ]
[ sql ] [ SQL ] SHOW COLUMNS FROM `box_auth_menu` [ RunTime:0.000620s ]
[ sql ] [ SQL ] SELECT `url` FROM `box_auth_menu` WHERE  `id` IN (26,32,34,35,48,49,50,1,3,11,12,13,4,14,15,16,5,7,8,9,10,6,17,18,20,2,47,51,54,52,58,53,59,60,61,36,37,39,40,41,43,44,38,55,56,42,62,57,63,45,46) [ RunTime:0.000332s ]
[ sql ] [ SQL ] SELECT * FROM `box_auth_role` WHERE  `role_id` = 1 LIMIT 1 [ RunTime:0.000220s ]
[ sql ] [ SQL ] SELECT * FROM `box_auth_menu` WHERE  `parent_id` = 0  AND `type` = 'menu'  AND `id` IN (26,32,34,35,48,49,50,1,3,11,12,13,4,14,15,16,5,7,8,9,10,6,17,18,20,2,47,51,54,52,58,53,59,60,61,36,37,39,40,41,43,44,38,55,56,42,62,57,63,45,46) ORDER BY `sort` ASC [ RunTime:0.000367s ]
[ sql ] [ SQL ] SELECT * FROM `box_auth_menu` WHERE  `parent_id` = 26  AND `type` = 'menu'  AND `id` IN (26,32,34,35,48,49,50,1,3,11,12,13,4,14,15,16,5,7,8,9,10,6,17,18,20,2,47,51,54,52,58,53,59,60,61,36,37,39,40,41,43,44,38,55,56,42,62,57,63,45,46) ORDER BY `sort` ASC [ RunTime:0.000321s ]
[ sql ] [ SQL ] SELECT * FROM `box_auth_menu` WHERE  `parent_id` = 1  AND `type` = 'menu'  AND `id` IN (26,32,34,35,48,49,50,1,3,11,12,13,4,14,15,16,5,7,8,9,10,6,17,18,20,2,47,51,54,52,58,53,59,60,61,36,37,39,40,41,43,44,38,55,56,42,62,57,63,45,46) ORDER BY `sort` ASC [ RunTime:0.000327s ]
[ sql ] [ SQL ] SELECT * FROM `box_auth_menu` WHERE  `parent_id` = 2  AND `type` = 'menu'  AND `id` IN (26,32,34,35,48,49,50,1,3,11,12,13,4,14,15,16,5,7,8,9,10,6,17,18,20,2,47,51,54,52,58,53,59,60,61,36,37,39,40,41,43,44,38,55,56,42,62,57,63,45,46) ORDER BY `sort` ASC [ RunTime:0.000317s ]
[ sql ] [ SQL ] SELECT * FROM `box_auth_menu` WHERE  `parent_id` = 51  AND `type` = 'menu'  AND `id` IN (26,32,34,35,48,49,50,1,3,11,12,13,4,14,15,16,5,7,8,9,10,6,17,18,20,2,47,51,54,52,58,53,59,60,61,36,37,39,40,41,43,44,38,55,56,42,62,57,63,45,46) ORDER BY `sort` ASC [ RunTime:0.000306s ]
[ sql ] [ SQL ] SELECT * FROM `box_auth_menu` WHERE  `parent_id` = 59  AND `type` = 'menu'  AND `id` IN (26,32,34,35,48,49,50,1,3,11,12,13,4,14,15,16,5,7,8,9,10,6,17,18,20,2,47,51,54,52,58,53,59,60,61,36,37,39,40,41,43,44,38,55,56,42,62,57,63,45,46) ORDER BY `sort` ASC [ RunTime:0.000403s ]
[ sql ] [ SQL ] SELECT * FROM `box_auth_menu` WHERE  `parent_id` = 36  AND `type` = 'menu'  AND `id` IN (26,32,34,35,48,49,50,1,3,11,12,13,4,14,15,16,5,7,8,9,10,6,17,18,20,2,47,51,54,52,58,53,59,60,61,36,37,39,40,41,43,44,38,55,56,42,62,57,63,45,46) ORDER BY `sort` ASC [ RunTime:0.000371s ]
[ sql ] [ SQL ] SELECT * FROM `box_auth_menu` WHERE  `parent_id` = 55  AND `type` = 'menu'  AND `id` IN (26,32,34,35,48,49,50,1,3,11,12,13,4,14,15,16,5,7,8,9,10,6,17,18,20,2,47,51,54,52,58,53,59,60,61,36,37,39,40,41,43,44,38,55,56,42,62,57,63,45,46) ORDER BY `sort` ASC [ RunTime:0.000323s ]
[ sql ] [ SQL ] SELECT * FROM `box_auth_menu` WHERE  `parent_id` = 45  AND `type` = 'menu'  AND `id` IN (26,32,34,35,48,49,50,1,3,11,12,13,4,14,15,16,5,7,8,9,10,6,17,18,20,2,47,51,54,52,58,53,59,60,61,36,37,39,40,41,43,44,38,55,56,42,62,57,63,45,46) ORDER BY `sort` ASC [ RunTime:0.000318s ]
---------------------------------------------------------------
[ 2019-09-10T23:58:44+08:00 ] 125.79.14.217 POST ccpay.3ii.cn/admin/orders/index
[ sql ] [ DB ] CONNECT:[ UseTime:0.000392s ] mysql:host=127.0.0.1;port=3306;dbname=epay_3ii_cn;charset=utf8
[ sql ] [ SQL ] SHOW COLUMNS FROM `box_config` [ RunTime:0.000778s ]
[ sql ] [ SQL ] SELECT `value` FROM `box_config` WHERE  `code` = 'admin_login_path' LIMIT 1 [ RunTime:0.000227s ]
[ sql ] [ SQL ] SHOW COLUMNS FROM `box_admin` [ RunTime:0.001013s ]
[ sql ] [ SQL ] SELECT * FROM `box_admin` WHERE  `names` = 'ichuxin' LIMIT 1 [ RunTime:0.000366s ]
[ sql ] [ SQL ] SHOW COLUMNS FROM `box_operation` [ RunTime:0.000774s ]
[ sql ] [ SQL ] INSERT INTO `box_operation` (`action` , `name` , `time`) VALUES ('admin/orders/index' , 'ichuxin' , 1568131124) [ RunTime:0.000364s ]
[ sql ] [ SQL ] SELECT * FROM `box_admin` WHERE  `names` = 'ichuxin' LIMIT 1 [ RunTime:0.000372s ]
[ sql ] [ SQL ] SHOW COLUMNS FROM `box_auth_role` [ RunTime:0.000957s ]
[ sql ] [ SQL ] SELECT `role_name` FROM `box_auth_role` WHERE  `role_id` = 1 LIMIT 1 [ RunTime:0.000318s ]
[ sql ] [ SQL ] SELECT * FROM `box_auth_role` WHERE  `role_id` = 1 LIMIT 1 [ RunTime:0.000218s ]
[ sql ] [ SQL ] SHOW COLUMNS FROM `box_auth_menu` [ RunTime:0.000577s ]
[ sql ] [ SQL ] SELECT `url` FROM `box_auth_menu` WHERE  `id` IN (26,32,34,35,48,49,50,1,3,11,12,13,4,14,15,16,5,7,8,9,10,6,17,18,20,2,47,51,54,52,58,53,59,60,61,36,37,39,40,41,43,44,38,55,56,42,62,57,63,45,46) [ RunTime:0.000318s ]
[ sql ] [ SQL ] SELECT * FROM `box_auth_role` WHERE  `role_id` = 1 LIMIT 1 [ RunTime:0.000228s ]
[ sql ] [ SQL ] SELECT * FROM `box_auth_menu` WHERE  `parent_id` = 0  AND `type` = 'menu'  AND `id` IN (26,32,34,35,48,49,50,1,3,11,12,13,4,14,15,16,5,7,8,9,10,6,17,18,20,2,47,51,54,52,58,53,59,60,61,36,37,39,40,41,43,44,38,55,56,42,62,57,63,45,46) ORDER BY `sort` ASC [ RunTime:0.000346s ]
[ sql ] [ SQL ] SELECT * FROM `box_auth_menu` WHERE  `parent_id` = 26  AND `type` = 'menu'  AND `id` IN (26,32,34,35,48,49,50,1,3,11,12,13,4,14,15,16,5,7,8,9,10,6,17,18,20,2,47,51,54,52,58,53,59,60,61,36,37,39,40,41,43,44,38,55,56,42,62,57,63,45,46) ORDER BY `sort` ASC [ RunTime:0.000322s ]
[ sql ] [ SQL ] SELECT * FROM `box_auth_menu` WHERE  `parent_id` = 1  AND `type` = 'menu'  AND `id` IN (26,32,34,35,48,49,50,1,3,11,12,13,4,14,15,16,5,7,8,9,10,6,17,18,20,2,47,51,54,52,58,53,59,60,61,36,37,39,40,41,43,44,38,55,56,42,62,57,63,45,46) ORDER BY `sort` ASC [ RunTime:0.000359s ]
[ sql ] [ SQL ] SELECT * FROM `box_auth_menu` WHERE  `parent_id` = 2  AND `type` = 'menu'  AND `id` IN (26,32,34,35,48,49,50,1,3,11,12,13,4,14,15,16,5,7,8,9,10,6,17,18,20,2,47,51,54,52,58,53,59,60,61,36,37,39,40,41,43,44,38,55,56,42,62,57,63,45,46) ORDER BY `sort` ASC [ RunTime:0.000325s ]
[ sql ] [ SQL ] SELECT * FROM `box_auth_menu` WHERE  `parent_id` = 51  AND `type` = 'menu'  AND `id` IN (26,32,34,35,48,49,50,1,3,11,12,13,4,14,15,16,5,7,8,9,10,6,17,18,20,2,47,51,54,52,58,53,59,60,61,36,37,39,40,41,43,44,38,55,56,42,62,57,63,45,46) ORDER BY `sort` ASC [ RunTime:0.000349s ]
[ sql ] [ SQL ] SELECT * FROM `box_auth_menu` WHERE  `parent_id` = 59  AND `type` = 'menu'  AND `id` IN (26,32,34,35,48,49,50,1,3,11,12,13,4,14,15,16,5,7,8,9,10,6,17,18,20,2,47,51,54,52,58,53,59,60,61,36,37,39,40,41,43,44,38,55,56,42,62,57,63,45,46) ORDER BY `sort` ASC [ RunTime:0.000330s ]
[ sql ] [ SQL ] SELECT * FROM `box_auth_menu` WHERE  `parent_id` = 36  AND `type` = 'menu'  AND `id` IN (26,32,34,35,48,49,50,1,3,11,12,13,4,14,15,16,5,7,8,9,10,6,17,18,20,2,47,51,54,52,58,53,59,60,61,36,37,39,40,41,43,44,38,55,56,42,62,57,63,45,46) ORDER BY `sort` ASC [ RunTime:0.000405s ]
[ sql ] [ SQL ] SELECT * FROM `box_auth_menu` WHERE  `parent_id` = 55  AND `type` = 'menu'  AND `id` IN (26,32,34,35,48,49,50,1,3,11,12,13,4,14,15,16,5,7,8,9,10,6,17,18,20,2,47,51,54,52,58,53,59,60,61,36,37,39,40,41,43,44,38,55,56,42,62,57,63,45,46) ORDER BY `sort` ASC [ RunTime:0.000322s ]
[ sql ] [ SQL ] SELECT * FROM `box_auth_menu` WHERE  `parent_id` = 45  AND `type` = 'menu'  AND `id` IN (26,32,34,35,48,49,50,1,3,11,12,13,4,14,15,16,5,7,8,9,10,6,17,18,20,2,47,51,54,52,58,53,59,60,61,36,37,39,40,41,43,44,38,55,56,42,62,57,63,45,46) ORDER BY `sort` ASC [ RunTime:0.000391s ]
[ sql ] [ SQL ] SHOW COLUMNS FROM `box_pay_order` [ RunTime:0.000747s ]
[ sql ] [ SQL ] SELECT COUNT(*) AS tp_count FROM `box_pay_order` WHERE  `create_date` BETWEEN 1567267200 AND 1568131199 LIMIT 1 [ RunTime:0.000315s ]
[ sql ] [ SQL ] SELECT * FROM `box_pay_order` WHERE  `create_date` BETWEEN 1567267200 AND 1568131199 ORDER BY `create_date` DESC LIMIT 0,90 [ RunTime:0.000372s ]
---------------------------------------------------------------
[ 2019-09-10T23:58:50+08:00 ] 125.79.14.217 GET ccpay.3ii.cn/admin/orders/pay/type/1
[ sql ] [ DB ] CONNECT:[ UseTime:0.000392s ] mysql:host=127.0.0.1;port=3306;dbname=epay_3ii_cn;charset=utf8
[ sql ] [ SQL ] SHOW COLUMNS FROM `box_config` [ RunTime:0.000856s ]
[ sql ] [ SQL ] SELECT `value` FROM `box_config` WHERE  `code` = 'admin_login_path' LIMIT 1 [ RunTime:0.000265s ]
[ sql ] [ SQL ] SHOW COLUMNS FROM `box_admin` [ RunTime:0.000989s ]
[ sql ] [ SQL ] SELECT * FROM `box_admin` WHERE  `names` = 'ichuxin' LIMIT 1 [ RunTime:0.000286s ]
[ sql ] [ SQL ] SHOW COLUMNS FROM `box_operation` [ RunTime:0.000550s ]
[ sql ] [ SQL ] INSERT INTO `box_operation` (`action` , `name` , `time`) VALUES ('admin/orders/pay' , 'ichuxin' , 1568131130) [ RunTime:0.000338s ]
[ sql ] [ SQL ] SELECT * FROM `box_admin` WHERE  `names` = 'ichuxin' LIMIT 1 [ RunTime:0.000210s ]
[ sql ] [ SQL ] SHOW COLUMNS FROM `box_auth_role` [ RunTime:0.000581s ]
[ sql ] [ SQL ] SELECT `role_name` FROM `box_auth_role` WHERE  `role_id` = 1 LIMIT 1 [ RunTime:0.000186s ]
[ sql ] [ SQL ] SELECT * FROM `box_auth_role` WHERE  `role_id` = 1 LIMIT 1 [ RunTime:0.000349s ]
[ sql ] [ SQL ] SHOW COLUMNS FROM `box_auth_menu` [ RunTime:0.000598s ]
[ sql ] [ SQL ] SELECT `url` FROM `box_auth_menu` WHERE  `id` IN (26,32,34,35,48,49,50,1,3,11,12,13,4,14,15,16,5,7,8,9,10,6,17,18,20,2,47,51,54,52,58,53,59,60,61,36,37,39,40,41,43,44,38,55,56,42,62,57,63,45,46) [ RunTime:0.000385s ]
[ sql ] [ SQL ] SELECT * FROM `box_auth_role` WHERE  `role_id` = 1 LIMIT 1 [ RunTime:0.000207s ]
[ sql ] [ SQL ] SELECT * FROM `box_auth_menu` WHERE  `parent_id` = 0  AND `type` = 'menu'  AND `id` IN (26,32,34,35,48,49,50,1,3,11,12,13,4,14,15,16,5,7,8,9,10,6,17,18,20,2,47,51,54,52,58,53,59,60,61,36,37,39,40,41,43,44,38,55,56,42,62,57,63,45,46) ORDER BY `sort` ASC [ RunTime:0.000320s ]
[ sql ] [ SQL ] SELECT * FROM `box_auth_menu` WHERE  `parent_id` = 26  AND `type` = 'menu'  AND `id` IN (26,32,34,35,48,49,50,1,3,11,12,13,4,14,15,16,5,7,8,9,10,6,17,18,20,2,47,51,54,52,58,53,59,60,61,36,37,39,40,41,43,44,38,55,56,42,62,57,63,45,46) ORDER BY `sort` ASC [ RunTime:0.000390s ]
[ sql ] [ SQL ] SELECT * FROM `box_auth_menu` WHERE  `parent_id` = 1  AND `type` = 'menu'  AND `id` IN (26,32,34,35,48,49,50,1,3,11,12,13,4,14,15,16,5,7,8,9,10,6,17,18,20,2,47,51,54,52,58,53,59,60,61,36,37,39,40,41,43,44,38,55,56,42,62,57,63,45,46) ORDER BY `sort` ASC [ RunTime:0.000349s ]
[ sql ] [ SQL ] SELECT * FROM `box_auth_menu` WHERE  `parent_id` = 2  AND `type` = 'menu'  AND `id` IN (26,32,34,35,48,49,50,1,3,11,12,13,4,14,15,16,5,7,8,9,10,6,17,18,20,2,47,51,54,52,58,53,59,60,61,36,37,39,40,41,43,44,38,55,56,42,62,57,63,45,46) ORDER BY `sort` ASC [ RunTime:0.000309s ]
[ sql ] [ SQL ] SELECT * FROM `box_auth_menu` WHERE  `parent_id` = 51  AND `type` = 'menu'  AND `id` IN (26,32,34,35,48,49,50,1,3,11,12,13,4,14,15,16,5,7,8,9,10,6,17,18,20,2,47,51,54,52,58,53,59,60,61,36,37,39,40,41,43,44,38,55,56,42,62,57,63,45,46) ORDER BY `sort` ASC [ RunTime:0.000317s ]
[ sql ] [ SQL ] SELECT * FROM `box_auth_menu` WHERE  `parent_id` = 59  AND `type` = 'menu'  AND `id` IN (26,32,34,35,48,49,50,1,3,11,12,13,4,14,15,16,5,7,8,9,10,6,17,18,20,2,47,51,54,52,58,53,59,60,61,36,37,39,40,41,43,44,38,55,56,42,62,57,63,45,46) ORDER BY `sort` ASC [ RunTime:0.000336s ]
[ sql ] [ SQL ] SELECT * FROM `box_auth_menu` WHERE  `parent_id` = 36  AND `type` = 'menu'  AND `id` IN (26,32,34,35,48,49,50,1,3,11,12,13,4,14,15,16,5,7,8,9,10,6,17,18,20,2,47,51,54,52,58,53,59,60,61,36,37,39,40,41,43,44,38,55,56,42,62,57,63,45,46) ORDER BY `sort` ASC [ RunTime:0.000309s ]
[ sql ] [ SQL ] SELECT * FROM `box_auth_menu` WHERE  `parent_id` = 55  AND `type` = 'menu'  AND `id` IN (26,32,34,35,48,49,50,1,3,11,12,13,4,14,15,16,5,7,8,9,10,6,17,18,20,2,47,51,54,52,58,53,59,60,61,36,37,39,40,41,43,44,38,55,56,42,62,57,63,45,46) ORDER BY `sort` ASC [ RunTime:0.000313s ]
[ sql ] [ SQL ] SELECT * FROM `box_auth_menu` WHERE  `parent_id` = 45  AND `type` = 'menu'  AND `id` IN (26,32,34,35,48,49,50,1,3,11,12,13,4,14,15,16,5,7,8,9,10,6,17,18,20,2,47,51,54,52,58,53,59,60,61,36,37,39,40,41,43,44,38,55,56,42,62,57,63,45,46) ORDER BY `sort` ASC [ RunTime:0.000378s ]
---------------------------------------------------------------
[ 2019-09-10T23:58:50+08:00 ] 125.79.14.217 POST ccpay.3ii.cn/admin/orders/pay
[ sql ] [ DB ] CONNECT:[ UseTime:0.000368s ] mysql:host=127.0.0.1;port=3306;dbname=epay_3ii_cn;charset=utf8
[ sql ] [ SQL ] SHOW COLUMNS FROM `box_config` [ RunTime:0.000716s ]
[ sql ] [ SQL ] SELECT `value` FROM `box_config` WHERE  `code` = 'admin_login_path' LIMIT 1 [ RunTime:0.000241s ]
[ sql ] [ SQL ] SHOW COLUMNS FROM `box_admin` [ RunTime:0.000691s ]
[ sql ] [ SQL ] SELECT * FROM `box_admin` WHERE  `names` = 'ichuxin' LIMIT 1 [ RunTime:0.000268s ]
[ sql ] [ SQL ] SHOW COLUMNS FROM `box_operation` [ RunTime:0.000550s ]
[ sql ] [ SQL ] INSERT INTO `box_operation` (`action` , `name` , `time`) VALUES ('admin/orders/pay' , 'ichuxin' , 1568131130) [ RunTime:0.000250s ]
[ sql ] [ SQL ] SELECT * FROM `box_admin` WHERE  `names` = 'ichuxin' LIMIT 1 [ RunTime:0.000228s ]
[ sql ] [ SQL ] SHOW COLUMNS FROM `box_auth_role` [ RunTime:0.000528s ]
[ sql ] [ SQL ] SELECT `role_name` FROM `box_auth_role` WHERE  `role_id` = 1 LIMIT 1 [ RunTime:0.000211s ]
[ sql ] [ SQL ] SELECT * FROM `box_auth_role` WHERE  `role_id` = 1 LIMIT 1 [ RunTime:0.000232s ]
[ sql ] [ SQL ] SHOW COLUMNS FROM `box_auth_menu` [ RunTime:0.000618s ]
[ sql ] [ SQL ] SELECT `url` FROM `box_auth_menu` WHERE  `id` IN (26,32,34,35,48,49,50,1,3,11,12,13,4,14,15,16,5,7,8,9,10,6,17,18,20,2,47,51,54,52,58,53,59,60,61,36,37,39,40,41,43,44,38,55,56,42,62,57,63,45,46) [ RunTime:0.000327s ]
[ sql ] [ SQL ] SELECT * FROM `box_auth_role` WHERE  `role_id` = 1 LIMIT 1 [ RunTime:0.000205s ]
[ sql ] [ SQL ] SELECT * FROM `box_auth_menu` WHERE  `parent_id` = 0  AND `type` = 'menu'  AND `id` IN (26,32,34,35,48,49,50,1,3,11,12,13,4,14,15,16,5,7,8,9,10,6,17,18,20,2,47,51,54,52,58,53,59,60,61,36,37,39,40,41,43,44,38,55,56,42,62,57,63,45,46) ORDER BY `sort` ASC [ RunTime:0.000348s ]
[ sql ] [ SQL ] SELECT * FROM `box_auth_menu` WHERE  `parent_id` = 26  AND `type` = 'menu'  AND `id` IN (26,32,34,35,48,49,50,1,3,11,12,13,4,14,15,16,5,7,8,9,10,6,17,18,20,2,47,51,54,52,58,53,59,60,61,36,37,39,40,41,43,44,38,55,56,42,62,57,63,45,46) ORDER BY `sort` ASC [ RunTime:0.000310s ]
[ sql ] [ SQL ] SELECT * FROM `box_auth_menu` WHERE  `parent_id` = 1  AND `type` = 'menu'  AND `id` IN (26,32,34,35,48,49,50,1,3,11,12,13,4,14,15,16,5,7,8,9,10,6,17,18,20,2,47,51,54,52,58,53,59,60,61,36,37,39,40,41,43,44,38,55,56,42,62,57,63,45,46) ORDER BY `sort` ASC [ RunTime:0.000305s ]
[ sql ] [ SQL ] SELECT * FROM `box_auth_menu` WHERE  `parent_id` = 2  AND `type` = 'menu'  AND `id` IN (26,32,34,35,48,49,50,1,3,11,12,13,4,14,15,16,5,7,8,9,10,6,17,18,20,2,47,51,54,52,58,53,59,60,61,36,37,39,40,41,43,44,38,55,56,42,62,57,63,45,46) ORDER BY `sort` ASC [ RunTime:0.000334s ]
[ sql ] [ SQL ] SELECT * FROM `box_auth_menu` WHERE  `parent_id` = 51  AND `type` = 'menu'  AND `id` IN (26,32,34,35,48,49,50,1,3,11,12,13,4,14,15,16,5,7,8,9,10,6,17,18,20,2,47,51,54,52,58,53,59,60,61,36,37,39,40,41,43,44,38,55,56,42,62,57,63,45,46) ORDER BY `sort` ASC [ RunTime:0.000302s ]
[ sql ] [ SQL ] SELECT * FROM `box_auth_menu` WHERE  `parent_id` = 59  AND `type` = 'menu'  AND `id` IN (26,32,34,35,48,49,50,1,3,11,12,13,4,14,15,16,5,7,8,9,10,6,17,18,20,2,47,51,54,52,58,53,59,60,61,36,37,39,40,41,43,44,38,55,56,42,62,57,63,45,46) ORDER BY `sort` ASC [ RunTime:0.000301s ]
[ sql ] [ SQL ] SELECT * FROM `box_auth_menu` WHERE  `parent_id` = 36  AND `type` = 'menu'  AND `id` IN (26,32,34,35,48,49,50,1,3,11,12,13,4,14,15,16,5,7,8,9,10,6,17,18,20,2,47,51,54,52,58,53,59,60,61,36,37,39,40,41,43,44,38,55,56,42,62,57,63,45,46) ORDER BY `sort` ASC [ RunTime:0.000328s ]
[ sql ] [ SQL ] SELECT * FROM `box_auth_menu` WHERE  `parent_id` = 55  AND `type` = 'menu'  AND `id` IN (26,32,34,35,48,49,50,1,3,11,12,13,4,14,15,16,5,7,8,9,10,6,17,18,20,2,47,51,54,52,58,53,59,60,61,36,37,39,40,41,43,44,38,55,56,42,62,57,63,45,46) ORDER BY `sort` ASC [ RunTime:0.000300s ]
[ sql ] [ SQL ] SELECT * FROM `box_auth_menu` WHERE  `parent_id` = 45  AND `type` = 'menu'  AND `id` IN (26,32,34,35,48,49,50,1,3,11,12,13,4,14,15,16,5,7,8,9,10,6,17,18,20,2,47,51,54,52,58,53,59,60,61,36,37,39,40,41,43,44,38,55,56,42,62,57,63,45,46) ORDER BY `sort` ASC [ RunTime:0.000315s ]
[ sql ] [ SQL ] SHOW COLUMNS FROM `box_pay` [ RunTime:0.000705s ]
[ sql ] [ SQL ] SELECT COUNT(*) AS tp_count FROM `box_pay` WHERE  `type` = 1  AND `ctime` BETWEEN 1567267200 AND 1568131199 LIMIT 1 [ RunTime:0.000215s ]
[ sql ] [ SQL ] SELECT * FROM `box_pay` WHERE  `type` = 1  AND `ctime` BETWEEN 1567267200 AND 1568131199 ORDER BY `ctime` DESC LIMIT 0,90 [ RunTime:0.000235s ]
---------------------------------------------------------------
[ 2019-09-10T23:58:51+08:00 ] 125.79.14.217 GET ccpay.3ii.cn/admin/orders/pay/type/2
[ sql ] [ DB ] CONNECT:[ UseTime:0.000388s ] mysql:host=127.0.0.1;port=3306;dbname=epay_3ii_cn;charset=utf8
[ sql ] [ SQL ] SHOW COLUMNS FROM `box_config` [ RunTime:0.000710s ]
[ sql ] [ SQL ] SELECT `value` FROM `box_config` WHERE  `code` = 'admin_login_path' LIMIT 1 [ RunTime:0.000249s ]
[ sql ] [ SQL ] SHOW COLUMNS FROM `box_admin` [ RunTime:0.001188s ]
[ sql ] [ SQL ] SELECT * FROM `box_admin` WHERE  `names` = 'ichuxin' LIMIT 1 [ RunTime:0.000343s ]
[ sql ] [ SQL ] SHOW COLUMNS FROM `box_operation` [ RunTime:0.000904s ]
[ sql ] [ SQL ] INSERT INTO `box_operation` (`action` , `name` , `time`) VALUES ('admin/orders/pay' , 'ichuxin' , 1568131131) [ RunTime:0.000412s ]
[ sql ] [ SQL ] SELECT * FROM `box_admin` WHERE  `names` = 'ichuxin' LIMIT 1 [ RunTime:0.000297s ]
[ sql ] [ SQL ] SHOW COLUMNS FROM `box_auth_role` [ RunTime:0.000787s ]
[ sql ] [ SQL ] SELECT `role_name` FROM `box_auth_role` WHERE  `role_id` = 1 LIMIT 1 [ RunTime:0.000250s ]
[ sql ] [ SQL ] SELECT * FROM `box_auth_role` WHERE  `role_id` = 1 LIMIT 1 [ RunTime:0.000296s ]
[ sql ] [ SQL ] SHOW COLUMNS FROM `box_auth_menu` [ RunTime:0.000759s ]
[ sql ] [ SQL ] SELECT `url` FROM `box_auth_menu` WHERE  `id` IN (26,32,34,35,48,49,50,1,3,11,12,13,4,14,15,16,5,7,8,9,10,6,17,18,20,2,47,51,54,52,58,53,59,60,61,36,37,39,40,41,43,44,38,55,56,42,62,57,63,45,46) [ RunTime:0.000370s ]
[ sql ] [ SQL ] SELECT * FROM `box_auth_role` WHERE  `role_id` = 1 LIMIT 1 [ RunTime:0.000210s ]
[ sql ] [ SQL ] SELECT * FROM `box_auth_menu` WHERE  `parent_id` = 0  AND `type` = 'menu'  AND `id` IN (26,32,34,35,48,49,50,1,3,11,12,13,4,14,15,16,5,7,8,9,10,6,17,18,20,2,47,51,54,52,58,53,59,60,61,36,37,39,40,41,43,44,38,55,56,42,62,57,63,45,46) ORDER BY `sort` ASC [ RunTime:0.000385s ]
[ sql ] [ SQL ] SELECT * FROM `box_auth_menu` WHERE  `parent_id` = 26  AND `type` = 'menu'  AND `id` IN (26,32,34,35,48,49,50,1,3,11,12,13,4,14,15,16,5,7,8,9,10,6,17,18,20,2,47,51,54,52,58,53,59,60,61,36,37,39,40,41,43,44,38,55,56,42,62,57,63,45,46) ORDER BY `sort` ASC [ RunTime:0.000379s ]
[ sql ] [ SQL ] SELECT * FROM `box_auth_menu` WHERE  `parent_id` = 1  AND `type` = 'menu'  AND `id` IN (26,32,34,35,48,49,50,1,3,11,12,13,4,14,15,16,5,7,8,9,10,6,17,18,20,2,47,51,54,52,58,53,59,60,61,36,37,39,40,41,43,44,38,55,56,42,62,57,63,45,46) ORDER BY `sort` ASC [ RunTime:0.000412s ]
[ sql ] [ SQL ] SELECT * FROM `box_auth_menu` WHERE  `parent_id` = 2  AND `type` = 'menu'  AND `id` IN (26,32,34,35,48,49,50,1,3,11,12,13,4,14,15,16,5,7,8,9,10,6,17,18,20,2,47,51,54,52,58,53,59,60,61,36,37,39,40,41,43,44,38,55,56,42,62,57,63,45,46) ORDER BY `sort` ASC [ RunTime:0.000352s ]
[ sql ] [ SQL ] SELECT * FROM `box_auth_menu` WHERE  `parent_id` = 51  AND `type` = 'menu'  AND `id` IN (26,32,34,35,48,49,50,1,3,11,12,13,4,14,15,16,5,7,8,9,10,6,17,18,20,2,47,51,54,52,58,53,59,60,61,36,37,39,40,41,43,44,38,55,56,42,62,57,63,45,46) ORDER BY `sort` ASC [ RunTime:0.000342s ]
[ sql ] [ SQL ] SELECT * FROM `box_auth_menu` WHERE  `parent_id` = 59  AND `type` = 'menu'  AND `id` IN (26,32,34,35,48,49,50,1,3,11,12,13,4,14,15,16,5,7,8,9,10,6,17,18,20,2,47,51,54,52,58,53,59,60,61,36,37,39,40,41,43,44,38,55,56,42,62,57,63,45,46) ORDER BY `sort` ASC [ RunTime:0.000375s ]
[ sql ] [ SQL ] SELECT * FROM `box_auth_menu` WHERE  `parent_id` = 36  AND `type` = 'menu'  AND `id` IN (26,32,34,35,48,49,50,1,3,11,12,13,4,14,15,16,5,7,8,9,10,6,17,18,20,2,47,51,54,52,58,53,59,60,61,36,37,39,40,41,43,44,38,55,56,42,62,57,63,45,46) ORDER BY `sort` ASC [ RunTime:0.000407s ]
[ sql ] [ SQL ] SELECT * FROM `box_auth_menu` WHERE  `parent_id` = 55  AND `type` = 'menu'  AND `id` IN (26,32,34,35,48,49,50,1,3,11,12,13,4,14,15,16,5,7,8,9,10,6,17,18,20,2,47,51,54,52,58,53,59,60,61,36,37,39,40,41,43,44,38,55,56,42,62,57,63,45,46) ORDER BY `sort` ASC [ RunTime:0.000381s ]
[ sql ] [ SQL ] SELECT * FROM `box_auth_menu` WHERE  `parent_id` = 45  AND `type` = 'menu'  AND `id` IN (26,32,34,35,48,49,50,1,3,11,12,13,4,14,15,16,5,7,8,9,10,6,17,18,20,2,47,51,54,52,58,53,59,60,61,36,37,39,40,41,43,44,38,55,56,42,62,57,63,45,46) ORDER BY `sort` ASC [ RunTime:0.000319s ]
---------------------------------------------------------------
[ 2019-09-10T23:58:51+08:00 ] 125.79.14.217 POST ccpay.3ii.cn/admin/orders/pay
[ sql ] [ DB ] CONNECT:[ UseTime:0.000508s ] mysql:host=127.0.0.1;port=3306;dbname=epay_3ii_cn;charset=utf8
[ sql ] [ SQL ] SHOW COLUMNS FROM `box_config` [ RunTime:0.000999s ]
[ sql ] [ SQL ] SELECT `value` FROM `box_config` WHERE  `code` = 'admin_login_path' LIMIT 1 [ RunTime:0.000312s ]
[ sql ] [ SQL ] SHOW COLUMNS FROM `box_admin` [ RunTime:0.000749s ]
[ sql ] [ SQL ] SELECT * FROM `box_admin` WHERE  `names` = 'ichuxin' LIMIT 1 [ RunTime:0.000274s ]
[ sql ] [ SQL ] SHOW COLUMNS FROM `box_operation` [ RunTime:0.000541s ]
[ sql ] [ SQL ] INSERT INTO `box_operation` (`action` , `name` , `time`) VALUES ('admin/orders/pay' , 'ichuxin' , 1568131131) [ RunTime:0.000252s ]
[ sql ] [ SQL ] SELECT * FROM `box_admin` WHERE  `names` = 'ichuxin' LIMIT 1 [ RunTime:0.000211s ]
[ sql ] [ SQL ] SHOW COLUMNS FROM `box_auth_role` [ RunTime:0.000537s ]
[ sql ] [ SQL ] SELECT `role_name` FROM `box_auth_role` WHERE  `role_id` = 1 LIMIT 1 [ RunTime:0.000210s ]
[ sql ] [ SQL ] SELECT * FROM `box_auth_role` WHERE  `role_id` = 1 LIMIT 1 [ RunTime:0.000252s ]
[ sql ] [ SQL ] SHOW COLUMNS FROM `box_auth_menu` [ RunTime:0.000605s ]
[ sql ] [ SQL ] SELECT `url` FROM `box_auth_menu` WHERE  `id` IN (26,32,34,35,48,49,50,1,3,11,12,13,4,14,15,16,5,7,8,9,10,6,17,18,20,2,47,51,54,52,58,53,59,60,61,36,37,39,40,41,43,44,38,55,56,42,62,57,63,45,46) [ RunTime:0.000304s ]
[ sql ] [ SQL ] SELECT * FROM `box_auth_role` WHERE  `role_id` = 1 LIMIT 1 [ RunTime:0.000204s ]
[ sql ] [ SQL ] SELECT * FROM `box_auth_menu` WHERE  `parent_id` = 0  AND `type` = 'menu'  AND `id` IN (26,32,34,35,48,49,50,1,3,11,12,13,4,14,15,16,5,7,8,9,10,6,17,18,20,2,47,51,54,52,58,53,59,60,61,36,37,39,40,41,43,44,38,55,56,42,62,57,63,45,46) ORDER BY `sort` ASC [ RunTime:0.000318s ]
[ sql ] [ SQL ] SELECT * FROM `box_auth_menu` WHERE  `parent_id` = 26  AND `type` = 'menu'  AND `id` IN (26,32,34,35,48,49,50,1,3,11,12,13,4,14,15,16,5,7,8,9,10,6,17,18,20,2,47,51,54,52,58,53,59,60,61,36,37,39,40,41,43,44,38,55,56,42,62,57,63,45,46) ORDER BY `sort` ASC [ RunTime:0.000321s ]
[ sql ] [ SQL ] SELECT * FROM `box_auth_menu` WHERE  `parent_id` = 1  AND `type` = 'menu'  AND `id` IN (26,32,34,35,48,49,50,1,3,11,12,13,4,14,15,16,5,7,8,9,10,6,17,18,20,2,47,51,54,52,58,53,59,60,61,36,37,39,40,41,43,44,38,55,56,42,62,57,63,45,46) ORDER BY `sort` ASC [ RunTime:0.000326s ]
[ sql ] [ SQL ] SELECT * FROM `box_auth_menu` WHERE  `parent_id` = 2  AND `type` = 'menu'  AND `id` IN (26,32,34,35,48,49,50,1,3,11,12,13,4,14,15,16,5,7,8,9,10,6,17,18,20,2,47,51,54,52,58,53,59,60,61,36,37,39,40,41,43,44,38,55,56,42,62,57,63,45,46) ORDER BY `sort` ASC [ RunTime:0.000370s ]
[ sql ] [ SQL ] SELECT * FROM `box_auth_menu` WHERE  `parent_id` = 51  AND `type` = 'menu'  AND `id` IN (26,32,34,35,48,49,50,1,3,11,12,13,4,14,15,16,5,7,8,9,10,6,17,18,20,2,47,51,54,52,58,53,59,60,61,36,37,39,40,41,43,44,38,55,56,42,62,57,63,45,46) ORDER BY `sort` ASC [ RunTime:0.000335s ]
[ sql ] [ SQL ] SELECT * FROM `box_auth_menu` WHERE  `parent_id` = 59  AND `type` = 'menu'  AND `id` IN (26,32,34,35,48,49,50,1,3,11,12,13,4,14,15,16,5,7,8,9,10,6,17,18,20,2,47,51,54,52,58,53,59,60,61,36,37,39,40,41,43,44,38,55,56,42,62,57,63,45,46) ORDER BY `sort` ASC [ RunTime:0.000306s ]
[ sql ] [ SQL ] SELECT * FROM `box_auth_menu` WHERE  `parent_id` = 36  AND `type` = 'menu'  AND `id` IN (26,32,34,35,48,49,50,1,3,11,12,13,4,14,15,16,5,7,8,9,10,6,17,18,20,2,47,51,54,52,58,53,59,60,61,36,37,39,40,41,43,44,38,55,56,42,62,57,63,45,46) ORDER BY `sort` ASC [ RunTime:0.000316s ]
[ sql ] [ SQL ] SELECT * FROM `box_auth_menu` WHERE  `parent_id` = 55  AND `type` = 'menu'  AND `id` IN (26,32,34,35,48,49,50,1,3,11,12,13,4,14,15,16,5,7,8,9,10,6,17,18,20,2,47,51,54,52,58,53,59,60,61,36,37,39,40,41,43,44,38,55,56,42,62,57,63,45,46) ORDER BY `sort` ASC [ RunTime:0.000304s ]
[ sql ] [ SQL ] SELECT * FROM `box_auth_menu` WHERE  `parent_id` = 45  AND `type` = 'menu'  AND `id` IN (26,32,34,35,48,49,50,1,3,11,12,13,4,14,15,16,5,7,8,9,10,6,17,18,20,2,47,51,54,52,58,53,59,60,61,36,37,39,40,41,43,44,38,55,56,42,62,57,63,45,46) ORDER BY `sort` ASC [ RunTime:0.000319s ]
[ sql ] [ SQL ] SHOW COLUMNS FROM `box_pay` [ RunTime:0.000707s ]
[ sql ] [ SQL ] SELECT COUNT(*) AS tp_count FROM `box_pay` WHERE  `type` = 2  AND `ctime` BETWEEN 1567267200 AND 1568131199 LIMIT 1 [ RunTime:0.000207s ]
[ sql ] [ SQL ] SELECT * FROM `box_pay` WHERE  `type` = 2  AND `ctime` BETWEEN 1567267200 AND 1568131199 ORDER BY `ctime` DESC LIMIT 0,90 [ RunTime:0.000260s ]
---------------------------------------------------------------
[ 2019-09-10T23:59:27+08:00 ] 125.79.14.217 GET api.3ii.cn/appHeart?t=1568131179102&mid=1000&sign=4da78797826ab3090ea49c87a4cb4636
[ sql ] [ DB ] CONNECT:[ UseTime:0.000375s ] mysql:host=127.0.0.1;port=3306;dbname=epay_3ii_cn;charset=utf8
[ sql ] [ SQL ] SHOW COLUMNS FROM `box_config` [ RunTime:0.002786s ]
[ sql ] [ SQL ] SELECT `value` FROM `box_config` WHERE  `code` = 'admin_login_path' LIMIT 1 [ RunTime:0.000261s ]
[ sql ] [ SQL ] SHOW COLUMNS FROM `box_user` [ RunTime:0.001111s ]
[ sql ] [ SQL ] SELECT `id`,`lastheart`,`email`,`mid`,`jkstate` FROM `box_user` WHERE  `jkstate` = '1' [ RunTime:0.000334s ]
[ sql ] [ SQL ] SHOW COLUMNS FROM `box_pay_order` [ RunTime:0.000699s ]
[ sql ] [ SQL ] SELECT * FROM `box_pay_order` WHERE  `state` = 0 [ RunTime:0.000231s ]
[ sql ] [ SQL ] SHOW COLUMNS FROM `box_tmp_price` [ RunTime:0.000561s ]
[ sql ] [ SQL ] SELECT * FROM `box_tmp_price` [ RunTime:0.000162s ]
[ sql ] [ SQL ] SHOW COLUMNS FROM `box_pay` [ RunTime:0.000585s ]
[ sql ] [ SQL ] SELECT `id`,`ctime`,`status` FROM `box_pay` WHERE  `status` = 1 [ RunTime:0.000186s ]
[ sql ] [ SQL ] SELECT `apikey` FROM `box_user` WHERE  `mid` = 1000 LIMIT 1 [ RunTime:0.000252s ]
[ sql ] [ SQL ] UPDATE `box_user`  SET `lastheart`=1568131167,`jkstate`='1'  WHERE  `mid` = 1000 [ RunTime:0.000297s ]
---------------------------------------------------------------
[ 2019-09-10T23:59:32+08:00 ] 59.60.132.100 GET api.3ii.cn/appHeart?t=1568131184354&mid=1000&sign=99e45b0dd25607e2155c77b516d10c91
[ sql ] [ DB ] CONNECT:[ UseTime:0.000468s ] mysql:host=127.0.0.1;port=3306;dbname=epay_3ii_cn;charset=utf8
[ sql ] [ SQL ] SHOW COLUMNS FROM `box_config` [ RunTime:0.000886s ]
[ sql ] [ SQL ] SELECT `value` FROM `box_config` WHERE  `code` = 'admin_login_path' LIMIT 1 [ RunTime:0.000225s ]
[ sql ] [ SQL ] SHOW COLUMNS FROM `box_user` [ RunTime:0.001009s ]
[ sql ] [ SQL ] SELECT `id`,`lastheart`,`email`,`mid`,`jkstate` FROM `box_user` WHERE  `jkstate` = '1' [ RunTime:0.000326s ]
[ sql ] [ SQL ] SHOW COLUMNS FROM `box_pay_order` [ RunTime:0.000679s ]
[ sql ] [ SQL ] SELECT * FROM `box_pay_order` WHERE  `state` = 0 [ RunTime:0.000301s ]
[ sql ] [ SQL ] SHOW COLUMNS FROM `box_tmp_price` [ RunTime:0.000746s ]
[ sql ] [ SQL ] SELECT * FROM `box_tmp_price` [ RunTime:0.000231s ]
[ sql ] [ SQL ] SHOW COLUMNS FROM `box_pay` [ RunTime:0.000819s ]
[ sql ] [ SQL ] SELECT `id`,`ctime`,`status` FROM `box_pay` WHERE  `status` = 1 [ RunTime:0.000256s ]
[ sql ] [ SQL ] SELECT `apikey` FROM `box_user` WHERE  `mid` = 1000 LIMIT 1 [ RunTime:0.000286s ]
[ sql ] [ SQL ] UPDATE `box_user`  SET `lastheart`=1568131172,`jkstate`='1'  WHERE  `mid` = 1000 [ RunTime:0.000316s ]
---------------------------------------------------------------
[ 2019-09-10T23:59:34+08:00 ] 125.79.14.217 POST ccpay.3ii.cn/admin/system/del
[ sql ] [ DB ] CONNECT:[ UseTime:0.000506s ] mysql:host=127.0.0.1;port=3306;dbname=epay_3ii_cn;charset=utf8
[ sql ] [ SQL ] SHOW COLUMNS FROM `box_config` [ RunTime:0.000757s ]
[ sql ] [ SQL ] SELECT `value` FROM `box_config` WHERE  `code` = 'admin_login_path' LIMIT 1 [ RunTime:0.000225s ]
[ sql ] [ SQL ] SHOW COLUMNS FROM `box_admin` [ RunTime:0.000801s ]
[ sql ] [ SQL ] SELECT * FROM `box_admin` WHERE  `names` = 'ichuxin' LIMIT 1 [ RunTime:0.000284s ]
[ sql ] [ SQL ] SHOW COLUMNS FROM `box_operation` [ RunTime:0.000647s ]
[ sql ] [ SQL ] INSERT INTO `box_operation` (`action` , `name` , `time`) VALUES ('admin/system/del' , 'ichuxin' , 1568131174) [ RunTime:0.000331s ]
[ sql ] [ SQL ] SELECT * FROM `box_admin` WHERE  `names` = 'ichuxin' LIMIT 1 [ RunTime:0.000261s ]
[ sql ] [ SQL ] SHOW COLUMNS FROM `box_auth_role` [ RunTime:0.000677s ]
[ sql ] [ SQL ] SELECT `role_name` FROM `box_auth_role` WHERE  `role_id` = 1 LIMIT 1 [ RunTime:0.000215s ]
[ sql ] [ SQL ] SELECT * FROM `box_auth_role` WHERE  `role_id` = 1 LIMIT 1 [ RunTime:0.000247s ]
[ sql ] [ SQL ] SHOW COLUMNS FROM `box_auth_menu` [ RunTime:0.000761s ]
[ sql ] [ SQL ] SELECT `url` FROM `box_auth_menu` WHERE  `id` IN (26,32,34,35,48,49,50,1,3,11,12,13,4,14,15,16,5,7,8,9,10,6,17,18,20,2,47,51,54,52,58,53,59,60,61,36,37,39,40,41,43,44,38,55,56,42,62,57,63,45,46) [ RunTime:0.000437s ]
[ sql ] [ SQL ] SELECT * FROM `box_auth_role` WHERE  `role_id` = 1 LIMIT 1 [ RunTime:0.000212s ]
[ sql ] [ SQL ] SELECT * FROM `box_auth_menu` WHERE  `parent_id` = 0  AND `type` = 'menu'  AND `id` IN (26,32,34,35,48,49,50,1,3,11,12,13,4,14,15,16,5,7,8,9,10,6,17,18,20,2,47,51,54,52,58,53,59,60,61,36,37,39,40,41,43,44,38,55,56,42,62,57,63,45,46) ORDER BY `sort` ASC [ RunTime:0.000340s ]
[ sql ] [ SQL ] SELECT * FROM `box_auth_menu` WHERE  `parent_id` = 26  AND `type` = 'menu'  AND `id` IN (26,32,34,35,48,49,50,1,3,11,12,13,4,14,15,16,5,7,8,9,10,6,17,18,20,2,47,51,54,52,58,53,59,60,61,36,37,39,40,41,43,44,38,55,56,42,62,57,63,45,46) ORDER BY `sort` ASC [ RunTime:0.000344s ]
[ sql ] [ SQL ] SELECT * FROM `box_auth_menu` WHERE  `parent_id` = 1  AND `type` = 'menu'  AND `id` IN (26,32,34,35,48,49,50,1,3,11,12,13,4,14,15,16,5,7,8,9,10,6,17,18,20,2,47,51,54,52,58,53,59,60,61,36,37,39,40,41,43,44,38,55,56,42,62,57,63,45,46) ORDER BY `sort` ASC [ RunTime:0.000377s ]
[ sql ] [ SQL ] SELECT * FROM `box_auth_menu` WHERE  `parent_id` = 2  AND `type` = 'menu'  AND `id` IN (26,32,34,35,48,49,50,1,3,11,12,13,4,14,15,16,5,7,8,9,10,6,17,18,20,2,47,51,54,52,58,53,59,60,61,36,37,39,40,41,43,44,38,55,56,42,62,57,63,45,46) ORDER BY `sort` ASC [ RunTime:0.000351s ]
[ sql ] [ SQL ] SELECT * FROM `box_auth_menu` WHERE  `parent_id` = 51  AND `type` = 'menu'  AND `id` IN (26,32,34,35,48,49,50,1,3,11,12,13,4,14,15,16,5,7,8,9,10,6,17,18,20,2,47,51,54,52,58,53,59,60,61,36,37,39,40,41,43,44,38,55,56,42,62,57,63,45,46) ORDER BY `sort` ASC [ RunTime:0.000369s ]
[ sql ] [ SQL ] SELECT * FROM `box_auth_menu` WHERE  `parent_id` = 59  AND `type` = 'menu'  AND `id` IN (26,32,34,35,48,49,50,1,3,11,12,13,4,14,15,16,5,7,8,9,10,6,17,18,20,2,47,51,54,52,58,53,59,60,61,36,37,39,40,41,43,44,38,55,56,42,62,57,63,45,46) ORDER BY `sort` ASC [ RunTime:0.000361s ]
[ sql ] [ SQL ] SELECT * FROM `box_auth_menu` WHERE  `parent_id` = 36  AND `type` = 'menu'  AND `id` IN (26,32,34,35,48,49,50,1,3,11,12,13,4,14,15,16,5,7,8,9,10,6,17,18,20,2,47,51,54,52,58,53,59,60,61,36,37,39,40,41,43,44,38,55,56,42,62,57,63,45,46) ORDER BY `sort` ASC [ RunTime:0.000351s ]
[ sql ] [ SQL ] SELECT * FROM `box_auth_menu` WHERE  `parent_id` = 55  AND `type` = 'menu'  AND `id` IN (26,32,34,35,48,49,50,1,3,11,12,13,4,14,15,16,5,7,8,9,10,6,17,18,20,2,47,51,54,52,58,53,59,60,61,36,37,39,40,41,43,44,38,55,56,42,62,57,63,45,46) ORDER BY `sort` ASC [ RunTime:0.000356s ]
[ sql ] [ SQL ] SELECT * FROM `box_auth_menu` WHERE  `parent_id` = 45  AND `type` = 'menu'  AND `id` IN (26,32,34,35,48,49,50,1,3,11,12,13,4,14,15,16,5,7,8,9,10,6,17,18,20,2,47,51,54,52,58,53,59,60,61,36,37,39,40,41,43,44,38,55,56,42,62,57,63,45,46) ORDER BY `sort` ASC [ RunTime:0.000412s ]
[ sql ] [ SQL ] SHOW COLUMNS FROM `box_pay` [ RunTime:0.000871s ]
[ sql ] [ SQL ] DELETE FROM `box_pay`    WHERE  `status` = 2 [ RunTime:0.016843s ]
---------------------------------------------------------------
[ 2019-09-10T23:59:35+08:00 ] 125.79.14.217 GET ccpay.3ii.cn/admin/orders/pay/type/2
[ sql ] [ DB ] CONNECT:[ UseTime:0.000506s ] mysql:host=127.0.0.1;port=3306;dbname=epay_3ii_cn;charset=utf8
[ sql ] [ SQL ] SHOW COLUMNS FROM `box_config` [ RunTime:0.000754s ]
[ sql ] [ SQL ] SELECT `value` FROM `box_config` WHERE  `code` = 'admin_login_path' LIMIT 1 [ RunTime:0.000223s ]
[ sql ] [ SQL ] SHOW COLUMNS FROM `box_admin` [ RunTime:0.000952s ]
[ sql ] [ SQL ] SELECT * FROM `box_admin` WHERE  `names` = 'ichuxin' LIMIT 1 [ RunTime:0.000280s ]
[ sql ] [ SQL ] SHOW COLUMNS FROM `box_operation` [ RunTime:0.000561s ]
[ sql ] [ SQL ] INSERT INTO `box_operation` (`action` , `name` , `time`) VALUES ('admin/orders/pay' , 'ichuxin' , 1568131175) [ RunTime:0.000264s ]
[ sql ] [ SQL ] SELECT * FROM `box_admin` WHERE  `names` = 'ichuxin' LIMIT 1 [ RunTime:0.000228s ]
[ sql ] [ SQL ] SHOW COLUMNS FROM `box_auth_role` [ RunTime:0.000562s ]
[ sql ] [ SQL ] SELECT `role_name` FROM `box_auth_role` WHERE  `role_id` = 1 LIMIT 1 [ RunTime:0.000276s ]
[ sql ] [ SQL ] SELECT * FROM `box_auth_role` WHERE  `role_id` = 1 LIMIT 1 [ RunTime:0.000215s ]
[ sql ] [ SQL ] SHOW COLUMNS FROM `box_auth_menu` [ RunTime:0.000620s ]
[ sql ] [ SQL ] SELECT `url` FROM `box_auth_menu` WHERE  `id` IN (26,32,34,35,48,49,50,1,3,11,12,13,4,14,15,16,5,7,8,9,10,6,17,18,20,2,47,51,54,52,58,53,59,60,61,36,37,39,40,41,43,44,38,55,56,42,62,57,63,45,46) [ RunTime:0.000325s ]
[ sql ] [ SQL ] SELECT * FROM `box_auth_role` WHERE  `role_id` = 1 LIMIT 1 [ RunTime:0.000208s ]
[ sql ] [ SQL ] SELECT * FROM `box_auth_menu` WHERE  `parent_id` = 0  AND `type` = 'menu'  AND `id` IN (26,32,34,35,48,49,50,1,3,11,12,13,4,14,15,16,5,7,8,9,10,6,17,18,20,2,47,51,54,52,58,53,59,60,61,36,37,39,40,41,43,44,38,55,56,42,62,57,63,45,46) ORDER BY `sort` ASC [ RunTime:0.000349s ]
[ sql ] [ SQL ] SELECT * FROM `box_auth_menu` WHERE  `parent_id` = 26  AND `type` = 'menu'  AND `id` IN (26,32,34,35,48,49,50,1,3,11,12,13,4,14,15,16,5,7,8,9,10,6,17,18,20,2,47,51,54,52,58,53,59,60,61,36,37,39,40,41,43,44,38,55,56,42,62,57,63,45,46) ORDER BY `sort` ASC [ RunTime:0.000332s ]
[ sql ] [ SQL ] SELECT * FROM `box_auth_menu` WHERE  `parent_id` = 1  AND `type` = 'menu'  AND `id` IN (26,32,34,35,48,49,50,1,3,11,12,13,4,14,15,16,5,7,8,9,10,6,17,18,20,2,47,51,54,52,58,53,59,60,61,36,37,39,40,41,43,44,38,55,56,42,62,57,63,45,46) ORDER BY `sort` ASC [ RunTime:0.000377s ]
[ sql ] [ SQL ] SELECT * FROM `box_auth_menu` WHERE  `parent_id` = 2  AND `type` = 'menu'  AND `id` IN (26,32,34,35,48,49,50,1,3,11,12,13,4,14,15,16,5,7,8,9,10,6,17,18,20,2,47,51,54,52,58,53,59,60,61,36,37,39,40,41,43,44,38,55,56,42,62,57,63,45,46) ORDER BY `sort` ASC [ RunTime:0.000410s ]
[ sql ] [ SQL ] SELECT * FROM `box_auth_menu` WHERE  `parent_id` = 51  AND `type` = 'menu'  AND `id` IN (26,32,34,35,48,49,50,1,3,11,12,13,4,14,15,16,5,7,8,9,10,6,17,18,20,2,47,51,54,52,58,53,59,60,61,36,37,39,40,41,43,44,38,55,56,42,62,57,63,45,46) ORDER BY `sort` ASC [ RunTime:0.000358s ]
[ sql ] [ SQL ] SELECT * FROM `box_auth_menu` WHERE  `parent_id` = 59  AND `type` = 'menu'  AND `id` IN (26,32,34,35,48,49,50,1,3,11,12,13,4,14,15,16,5,7,8,9,10,6,17,18,20,2,47,51,54,52,58,53,59,60,61,36,37,39,40,41,43,44,38,55,56,42,62,57,63,45,46) ORDER BY `sort` ASC [ RunTime:0.000349s ]
[ sql ] [ SQL ] SELECT * FROM `box_auth_menu` WHERE  `parent_id` = 36  AND `type` = 'menu'  AND `id` IN (26,32,34,35,48,49,50,1,3,11,12,13,4,14,15,16,5,7,8,9,10,6,17,18,20,2,47,51,54,52,58,53,59,60,61,36,37,39,40,41,43,44,38,55,56,42,62,57,63,45,46) ORDER BY `sort` ASC [ RunTime:0.000307s ]
[ sql ] [ SQL ] SELECT * FROM `box_auth_menu` WHERE  `parent_id` = 55  AND `type` = 'menu'  AND `id` IN (26,32,34,35,48,49,50,1,3,11,12,13,4,14,15,16,5,7,8,9,10,6,17,18,20,2,47,51,54,52,58,53,59,60,61,36,37,39,40,41,43,44,38,55,56,42,62,57,63,45,46) ORDER BY `sort` ASC [ RunTime:0.000340s ]
[ sql ] [ SQL ] SELECT * FROM `box_auth_menu` WHERE  `parent_id` = 45  AND `type` = 'menu'  AND `id` IN (26,32,34,35,48,49,50,1,3,11,12,13,4,14,15,16,5,7,8,9,10,6,17,18,20,2,47,51,54,52,58,53,59,60,61,36,37,39,40,41,43,44,38,55,56,42,62,57,63,45,46) ORDER BY `sort` ASC [ RunTime:0.000327s ]
---------------------------------------------------------------
[ 2019-09-10T23:59:35+08:00 ] 125.79.14.217 POST ccpay.3ii.cn/admin/orders/pay
[ sql ] [ DB ] CONNECT:[ UseTime:0.000416s ] mysql:host=127.0.0.1;port=3306;dbname=epay_3ii_cn;charset=utf8
[ sql ] [ SQL ] SHOW COLUMNS FROM `box_config` [ RunTime:0.000743s ]
[ sql ] [ SQL ] SELECT `value` FROM `box_config` WHERE  `code` = 'admin_login_path' LIMIT 1 [ RunTime:0.000265s ]
[ sql ] [ SQL ] SHOW COLUMNS FROM `box_admin` [ RunTime:0.000779s ]
[ sql ] [ SQL ] SELECT * FROM `box_admin` WHERE  `names` = 'ichuxin' LIMIT 1 [ RunTime:0.000244s ]
[ sql ] [ SQL ] SHOW COLUMNS FROM `box_operation` [ RunTime:0.000574s ]
[ sql ] [ SQL ] INSERT INTO `box_operation` (`action` , `name` , `time`) VALUES ('admin/orders/pay' , 'ichuxin' , 1568131175) [ RunTime:0.000256s ]
[ sql ] [ SQL ] SELECT * FROM `box_admin` WHERE  `names` = 'ichuxin' LIMIT 1 [ RunTime:0.000228s ]
[ sql ] [ SQL ] SHOW COLUMNS FROM `box_auth_role` [ RunTime:0.000541s ]
[ sql ] [ SQL ] SELECT `role_name` FROM `box_auth_role` WHERE  `role_id` = 1 LIMIT 1 [ RunTime:0.000222s ]
[ sql ] [ SQL ] SELECT * FROM `box_auth_role` WHERE  `role_id` = 1 LIMIT 1 [ RunTime:0.000216s ]
[ sql ] [ SQL ] SHOW COLUMNS FROM `box_auth_menu` [ RunTime:0.000616s ]
[ sql ] [ SQL ] SELECT `url` FROM `box_auth_menu` WHERE  `id` IN (26,32,34,35,48,49,50,1,3,11,12,13,4,14,15,16,5,7,8,9,10,6,17,18,20,2,47,51,54,52,58,53,59,60,61,36,37,39,40,41,43,44,38,55,56,42,62,57,63,45,46) [ RunTime:0.000298s ]
[ sql ] [ SQL ] SELECT * FROM `box_auth_role` WHERE  `role_id` = 1 LIMIT 1 [ RunTime:0.000241s ]
[ sql ] [ SQL ] SELECT * FROM `box_auth_menu` WHERE  `parent_id` = 0  AND `type` = 'menu'  AND `id` IN (26,32,34,35,48,49,50,1,3,11,12,13,4,14,15,16,5,7,8,9,10,6,17,18,20,2,47,51,54,52,58,53,59,60,61,36,37,39,40,41,43,44,38,55,56,42,62,57,63,45,46) ORDER BY `sort` ASC [ RunTime:0.000338s ]
[ sql ] [ SQL ] SELECT * FROM `box_auth_menu` WHERE  `parent_id` = 26  AND `type` = 'menu'  AND `id` IN (26,32,34,35,48,49,50,1,3,11,12,13,4,14,15,16,5,7,8,9,10,6,17,18,20,2,47,51,54,52,58,53,59,60,61,36,37,39,40,41,43,44,38,55,56,42,62,57,63,45,46) ORDER BY `sort` ASC [ RunTime:0.000315s ]
[ sql ] [ SQL ] SELECT * FROM `box_auth_menu` WHERE  `parent_id` = 1  AND `type` = 'menu'  AND `id` IN (26,32,34,35,48,49,50,1,3,11,12,13,4,14,15,16,5,7,8,9,10,6,17,18,20,2,47,51,54,52,58,53,59,60,61,36,37,39,40,41,43,44,38,55,56,42,62,57,63,45,46) ORDER BY `sort` ASC [ RunTime:0.000340s ]
[ sql ] [ SQL ] SELECT * FROM `box_auth_menu` WHERE  `parent_id` = 2  AND `type` = 'menu'  AND `id` IN (26,32,34,35,48,49,50,1,3,11,12,13,4,14,15,16,5,7,8,9,10,6,17,18,20,2,47,51,54,52,58,53,59,60,61,36,37,39,40,41,43,44,38,55,56,42,62,57,63,45,46) ORDER BY `sort` ASC [ RunTime:0.000313s ]
[ sql ] [ SQL ] SELECT * FROM `box_auth_menu` WHERE  `parent_id` = 51  AND `type` = 'menu'  AND `id` IN (26,32,34,35,48,49,50,1,3,11,12,13,4,14,15,16,5,7,8,9,10,6,17,18,20,2,47,51,54,52,58,53,59,60,61,36,37,39,40,41,43,44,38,55,56,42,62,57,63,45,46) ORDER BY `sort` ASC [ RunTime:0.000310s ]
[ sql ] [ SQL ] SELECT * FROM `box_auth_menu` WHERE  `parent_id` = 59  AND `type` = 'menu'  AND `id` IN (26,32,34,35,48,49,50,1,3,11,12,13,4,14,15,16,5,7,8,9,10,6,17,18,20,2,47,51,54,52,58,53,59,60,61,36,37,39,40,41,43,44,38,55,56,42,62,57,63,45,46) ORDER BY `sort` ASC [ RunTime:0.000320s ]
[ sql ] [ SQL ] SELECT * FROM `box_auth_menu` WHERE  `parent_id` = 36  AND `type` = 'menu'  AND `id` IN (26,32,34,35,48,49,50,1,3,11,12,13,4,14,15,16,5,7,8,9,10,6,17,18,20,2,47,51,54,52,58,53,59,60,61,36,37,39,40,41,43,44,38,55,56,42,62,57,63,45,46) ORDER BY `sort` ASC [ RunTime:0.000317s ]
[ sql ] [ SQL ] SELECT * FROM `box_auth_menu` WHERE  `parent_id` = 55  AND `type` = 'menu'  AND `id` IN (26,32,34,35,48,49,50,1,3,11,12,13,4,14,15,16,5,7,8,9,10,6,17,18,20,2,47,51,54,52,58,53,59,60,61,36,37,39,40,41,43,44,38,55,56,42,62,57,63,45,46) ORDER BY `sort` ASC [ RunTime:0.000329s ]
[ sql ] [ SQL ] SELECT * FROM `box_auth_menu` WHERE  `parent_id` = 45  AND `type` = 'menu'  AND `id` IN (26,32,34,35,48,49,50,1,3,11,12,13,4,14,15,16,5,7,8,9,10,6,17,18,20,2,47,51,54,52,58,53,59,60,61,36,37,39,40,41,43,44,38,55,56,42,62,57,63,45,46) ORDER BY `sort` ASC [ RunTime:0.000315s ]
[ sql ] [ SQL ] SHOW COLUMNS FROM `box_pay` [ RunTime:0.000711s ]
[ sql ] [ SQL ] SELECT COUNT(*) AS tp_count FROM `box_pay` WHERE  `type` = 2  AND `ctime` BETWEEN 1567267200 AND 1568131199 LIMIT 1 [ RunTime:0.000335s ]
[ sql ] [ SQL ] SELECT * FROM `box_pay` WHERE  `type` = 2  AND `ctime` BETWEEN 1567267200 AND 1568131199 ORDER BY `ctime` DESC LIMIT 0,90 [ RunTime:0.000327s ]
---------------------------------------------------------------
[ 2019-09-10T23:59:39+08:00 ] 125.79.14.217 GET ccpay.3ii.cn/admin/orders/pay/type/1
[ sql ] [ DB ] CONNECT:[ UseTime:0.000386s ] mysql:host=127.0.0.1;port=3306;dbname=epay_3ii_cn;charset=utf8
[ sql ] [ SQL ] SHOW COLUMNS FROM `box_config` [ RunTime:0.000712s ]
[ sql ] [ SQL ] SELECT `value` FROM `box_config` WHERE  `code` = 'admin_login_path' LIMIT 1 [ RunTime:0.000215s ]
[ sql ] [ SQL ] SHOW COLUMNS FROM `box_admin` [ RunTime:0.000869s ]
[ sql ] [ SQL ] SELECT * FROM `box_admin` WHERE  `names` = 'ichuxin' LIMIT 1 [ RunTime:0.000251s ]
[ sql ] [ SQL ] SHOW COLUMNS FROM `box_operation` [ RunTime:0.000554s ]
[ sql ] [ SQL ] INSERT INTO `box_operation` (`action` , `name` , `time`) VALUES ('admin/orders/pay' , 'ichuxin' , 1568131179) [ RunTime:0.000268s ]
[ sql ] [ SQL ] SELECT * FROM `box_admin` WHERE  `names` = 'ichuxin' LIMIT 1 [ RunTime:0.000202s ]
[ sql ] [ SQL ] SHOW COLUMNS FROM `box_auth_role` [ RunTime:0.000567s ]
[ sql ] [ SQL ] SELECT `role_name` FROM `box_auth_role` WHERE  `role_id` = 1 LIMIT 1 [ RunTime:0.000179s ]
[ sql ] [ SQL ] SELECT * FROM `box_auth_role` WHERE  `role_id` = 1 LIMIT 1 [ RunTime:0.000250s ]
[ sql ] [ SQL ] SHOW COLUMNS FROM `box_auth_menu` [ RunTime:0.000581s ]
[ sql ] [ SQL ] SELECT `url` FROM `box_auth_menu` WHERE  `id` IN (26,32,34,35,48,49,50,1,3,11,12,13,4,14,15,16,5,7,8,9,10,6,17,18,20,2,47,51,54,52,58,53,59,60,61,36,37,39,40,41,43,44,38,55,56,42,62,57,63,45,46) [ RunTime:0.000331s ]
[ sql ] [ SQL ] SELECT * FROM `box_auth_role` WHERE  `role_id` = 1 LIMIT 1 [ RunTime:0.000197s ]
[ sql ] [ SQL ] SELECT * FROM `box_auth_menu` WHERE  `parent_id` = 0  AND `type` = 'menu'  AND `id` IN (26,32,34,35,48,49,50,1,3,11,12,13,4,14,15,16,5,7,8,9,10,6,17,18,20,2,47,51,54,52,58,53,59,60,61,36,37,39,40,41,43,44,38,55,56,42,62,57,63,45,46) ORDER BY `sort` ASC [ RunTime:0.000316s ]
[ sql ] [ SQL ] SELECT * FROM `box_auth_menu` WHERE  `parent_id` = 26  AND `type` = 'menu'  AND `id` IN (26,32,34,35,48,49,50,1,3,11,12,13,4,14,15,16,5,7,8,9,10,6,17,18,20,2,47,51,54,52,58,53,59,60,61,36,37,39,40,41,43,44,38,55,56,42,62,57,63,45,46) ORDER BY `sort` ASC [ RunTime:0.000374s ]
[ sql ] [ SQL ] SELECT * FROM `box_auth_menu` WHERE  `parent_id` = 1  AND `type` = 'menu'  AND `id` IN (26,32,34,35,48,49,50,1,3,11,12,13,4,14,15,16,5,7,8,9,10,6,17,18,20,2,47,51,54,52,58,53,59,60,61,36,37,39,40,41,43,44,38,55,56,42,62,57,63,45,46) ORDER BY `sort` ASC [ RunTime:0.000325s ]
[ sql ] [ SQL ] SELECT * FROM `box_auth_menu` WHERE  `parent_id` = 2  AND `type` = 'menu'  AND `id` IN (26,32,34,35,48,49,50,1,3,11,12,13,4,14,15,16,5,7,8,9,10,6,17,18,20,2,47,51,54,52,58,53,59,60,61,36,37,39,40,41,43,44,38,55,56,42,62,57,63,45,46) ORDER BY `sort` ASC [ RunTime:0.000302s ]
[ sql ] [ SQL ] SELECT * FROM `box_auth_menu` WHERE  `parent_id` = 51  AND `type` = 'menu'  AND `id` IN (26,32,34,35,48,49,50,1,3,11,12,13,4,14,15,16,5,7,8,9,10,6,17,18,20,2,47,51,54,52,58,53,59,60,61,36,37,39,40,41,43,44,38,55,56,42,62,57,63,45,46) ORDER BY `sort` ASC [ RunTime:0.000329s ]
[ sql ] [ SQL ] SELECT * FROM `box_auth_menu` WHERE  `parent_id` = 59  AND `type` = 'menu'  AND `id` IN (26,32,34,35,48,49,50,1,3,11,12,13,4,14,15,16,5,7,8,9,10,6,17,18,20,2,47,51,54,52,58,53,59,60,61,36,37,39,40,41,43,44,38,55,56,42,62,57,63,45,46) ORDER BY `sort` ASC [ RunTime:0.000325s ]
[ sql ] [ SQL ] SELECT * FROM `box_auth_menu` WHERE  `parent_id` = 36  AND `type` = 'menu'  AND `id` IN (26,32,34,35,48,49,50,1,3,11,12,13,4,14,15,16,5,7,8,9,10,6,17,18,20,2,47,51,54,52,58,53,59,60,61,36,37,39,40,41,43,44,38,55,56,42,62,57,63,45,46) ORDER BY `sort` ASC [ RunTime:0.000320s ]
[ sql ] [ SQL ] SELECT * FROM `box_auth_menu` WHERE  `parent_id` = 55  AND `type` = 'menu'  AND `id` IN (26,32,34,35,48,49,50,1,3,11,12,13,4,14,15,16,5,7,8,9,10,6,17,18,20,2,47,51,54,52,58,53,59,60,61,36,37,39,40,41,43,44,38,55,56,42,62,57,63,45,46) ORDER BY `sort` ASC [ RunTime:0.000329s ]
[ sql ] [ SQL ] SELECT * FROM `box_auth_menu` WHERE  `parent_id` = 45  AND `type` = 'menu'  AND `id` IN (26,32,34,35,48,49,50,1,3,11,12,13,4,14,15,16,5,7,8,9,10,6,17,18,20,2,47,51,54,52,58,53,59,60,61,36,37,39,40,41,43,44,38,55,56,42,62,57,63,45,46) ORDER BY `sort` ASC [ RunTime:0.000307s ]
---------------------------------------------------------------
[ 2019-09-10T23:59:39+08:00 ] 125.79.14.217 POST ccpay.3ii.cn/admin/orders/pay
[ sql ] [ DB ] CONNECT:[ UseTime:0.000446s ] mysql:host=127.0.0.1;port=3306;dbname=epay_3ii_cn;charset=utf8
[ sql ] [ SQL ] SHOW COLUMNS FROM `box_config` [ RunTime:0.000871s ]
[ sql ] [ SQL ] SELECT `value` FROM `box_config` WHERE  `code` = 'admin_login_path' LIMIT 1 [ RunTime:0.000297s ]
[ sql ] [ SQL ] SHOW COLUMNS FROM `box_admin` [ RunTime:0.000915s ]
[ sql ] [ SQL ] SELECT * FROM `box_admin` WHERE  `names` = 'ichuxin' LIMIT 1 [ RunTime:0.000264s ]
[ sql ] [ SQL ] SHOW COLUMNS FROM `box_operation` [ RunTime:0.000639s ]
[ sql ] [ SQL ] INSERT INTO `box_operation` (`action` , `name` , `time`) VALUES ('admin/orders/pay' , 'ichuxin' , 1568131179) [ RunTime:0.000321s ]
[ sql ] [ SQL ] SELECT * FROM `box_admin` WHERE  `names` = 'ichuxin' LIMIT 1 [ RunTime:0.000257s ]
[ sql ] [ SQL ] SHOW COLUMNS FROM `box_auth_role` [ RunTime:0.000617s ]
[ sql ] [ SQL ] SELECT `role_name` FROM `box_auth_role` WHERE  `role_id` = 1 LIMIT 1 [ RunTime:0.000251s ]
[ sql ] [ SQL ] SELECT * FROM `box_auth_role` WHERE  `role_id` = 1 LIMIT 1 [ RunTime:0.000347s ]
[ sql ] [ SQL ] SHOW COLUMNS FROM `box_auth_menu` [ RunTime:0.000693s ]
[ sql ] [ SQL ] SELECT `url` FROM `box_auth_menu` WHERE  `id` IN (26,32,34,35,48,49,50,1,3,11,12,13,4,14,15,16,5,7,8,9,10,6,17,18,20,2,47,51,54,52,58,53,59,60,61,36,37,39,40,41,43,44,38,55,56,42,62,57,63,45,46) [ RunTime:0.000361s ]
[ sql ] [ SQL ] SELECT * FROM `box_auth_role` WHERE  `role_id` = 1 LIMIT 1 [ RunTime:0.000272s ]
[ sql ] [ SQL ] SELECT * FROM `box_auth_menu` WHERE  `parent_id` = 0  AND `type` = 'menu'  AND `id` IN (26,32,34,35,48,49,50,1,3,11,12,13,4,14,15,16,5,7,8,9,10,6,17,18,20,2,47,51,54,52,58,53,59,60,61,36,37,39,40,41,43,44,38,55,56,42,62,57,63,45,46) ORDER BY `sort` ASC [ RunTime:0.000429s ]
[ sql ] [ SQL ] SELECT * FROM `box_auth_menu` WHERE  `parent_id` = 26  AND `type` = 'menu'  AND `id` IN (26,32,34,35,48,49,50,1,3,11,12,13,4,14,15,16,5,7,8,9,10,6,17,18,20,2,47,51,54,52,58,53,59,60,61,36,37,39,40,41,43,44,38,55,56,42,62,57,63,45,46) ORDER BY `sort` ASC [ RunTime:0.000380s ]
[ sql ] [ SQL ] SELECT * FROM `box_auth_menu` WHERE  `parent_id` = 1  AND `type` = 'menu'  AND `id` IN (26,32,34,35,48,49,50,1,3,11,12,13,4,14,15,16,5,7,8,9,10,6,17,18,20,2,47,51,54,52,58,53,59,60,61,36,37,39,40,41,43,44,38,55,56,42,62,57,63,45,46) ORDER BY `sort` ASC [ RunTime:0.000395s ]
[ sql ] [ SQL ] SELECT * FROM `box_auth_menu` WHERE  `parent_id` = 2  AND `type` = 'menu'  AND `id` IN (26,32,34,35,48,49,50,1,3,11,12,13,4,14,15,16,5,7,8,9,10,6,17,18,20,2,47,51,54,52,58,53,59,60,61,36,37,39,40,41,43,44,38,55,56,42,62,57,63,45,46) ORDER BY `sort` ASC [ RunTime:0.000384s ]
[ sql ] [ SQL ] SELECT * FROM `box_auth_menu` WHERE  `parent_id` = 51  AND `type` = 'menu'  AND `id` IN (26,32,34,35,48,49,50,1,3,11,12,13,4,14,15,16,5,7,8,9,10,6,17,18,20,2,47,51,54,52,58,53,59,60,61,36,37,39,40,41,43,44,38,55,56,42,62,57,63,45,46) ORDER BY `sort` ASC [ RunTime:0.000489s ]
[ sql ] [ SQL ] SELECT * FROM `box_auth_menu` WHERE  `parent_id` = 59  AND `type` = 'menu'  AND `id` IN (26,32,34,35,48,49,50,1,3,11,12,13,4,14,15,16,5,7,8,9,10,6,17,18,20,2,47,51,54,52,58,53,59,60,61,36,37,39,40,41,43,44,38,55,56,42,62,57,63,45,46) ORDER BY `sort` ASC [ RunTime:0.000415s ]
[ sql ] [ SQL ] SELECT * FROM `box_auth_menu` WHERE  `parent_id` = 36  AND `type` = 'menu'  AND `id` IN (26,32,34,35,48,49,50,1,3,11,12,13,4,14,15,16,5,7,8,9,10,6,17,18,20,2,47,51,54,52,58,53,59,60,61,36,37,39,40,41,43,44,38,55,56,42,62,57,63,45,46) ORDER BY `sort` ASC [ RunTime:0.000323s ]
[ sql ] [ SQL ] SELECT * FROM `box_auth_menu` WHERE  `parent_id` = 55  AND `type` = 'menu'  AND `id` IN (26,32,34,35,48,49,50,1,3,11,12,13,4,14,15,16,5,7,8,9,10,6,17,18,20,2,47,51,54,52,58,53,59,60,61,36,37,39,40,41,43,44,38,55,56,42,62,57,63,45,46) ORDER BY `sort` ASC [ RunTime:0.000400s ]
[ sql ] [ SQL ] SELECT * FROM `box_auth_menu` WHERE  `parent_id` = 45  AND `type` = 'menu'  AND `id` IN (26,32,34,35,48,49,50,1,3,11,12,13,4,14,15,16,5,7,8,9,10,6,17,18,20,2,47,51,54,52,58,53,59,60,61,36,37,39,40,41,43,44,38,55,56,42,62,57,63,45,46) ORDER BY `sort` ASC [ RunTime:0.000327s ]
[ sql ] [ SQL ] SHOW COLUMNS FROM `box_pay` [ RunTime:0.000753s ]
[ sql ] [ SQL ] SELECT COUNT(*) AS tp_count FROM `box_pay` WHERE  `type` = 1  AND `ctime` BETWEEN 1567267200 AND 1568131199 LIMIT 1 [ RunTime:0.000329s ]
[ sql ] [ SQL ] SELECT * FROM `box_pay` WHERE  `type` = 1  AND `ctime` BETWEEN 1567267200 AND 1568131199 ORDER BY `ctime` DESC LIMIT 0,90 [ RunTime:0.000357s ]
---------------------------------------------------------------
[ 2019-09-10T23:59:40+08:00 ] 125.79.14.217 GET ccpay.3ii.cn/admin/orders/pay/type/2
[ sql ] [ DB ] CONNECT:[ UseTime:0.000383s ] mysql:host=127.0.0.1;port=3306;dbname=epay_3ii_cn;charset=utf8
[ sql ] [ SQL ] SHOW COLUMNS FROM `box_config` [ RunTime:0.000744s ]
[ sql ] [ SQL ] SELECT `value` FROM `box_config` WHERE  `code` = 'admin_login_path' LIMIT 1 [ RunTime:0.000228s ]
[ sql ] [ SQL ] SHOW COLUMNS FROM `box_admin` [ RunTime:0.000733s ]
[ sql ] [ SQL ] SELECT * FROM `box_admin` WHERE  `names` = 'ichuxin' LIMIT 1 [ RunTime:0.000287s ]
[ sql ] [ SQL ] SHOW COLUMNS FROM `box_operation` [ RunTime:0.000542s ]
[ sql ] [ SQL ] INSERT INTO `box_operation` (`action` , `name` , `time`) VALUES ('admin/orders/pay' , 'ichuxin' , 1568131179) [ RunTime:0.000327s ]
[ sql ] [ SQL ] SELECT * FROM `box_admin` WHERE  `names` = 'ichuxin' LIMIT 1 [ RunTime:0.000218s ]
[ sql ] [ SQL ] SHOW COLUMNS FROM `box_auth_role` [ RunTime:0.000655s ]
[ sql ] [ SQL ] SELECT `role_name` FROM `box_auth_role` WHERE  `role_id` = 1 LIMIT 1 [ RunTime:0.000205s ]
[ sql ] [ SQL ] SELECT * FROM `box_auth_role` WHERE  `role_id` = 1 LIMIT 1 [ RunTime:0.000314s ]
[ sql ] [ SQL ] SHOW COLUMNS FROM `box_auth_menu` [ RunTime:0.000618s ]
[ sql ] [ SQL ] SELECT `url` FROM `box_auth_menu` WHERE  `id` IN (26,32,34,35,48,49,50,1,3,11,12,13,4,14,15,16,5,7,8,9,10,6,17,18,20,2,47,51,54,52,58,53,59,60,61,36,37,39,40,41,43,44,38,55,56,42,62,57,63,45,46) [ RunTime:0.000376s ]
[ sql ] [ SQL ] SELECT * FROM `box_auth_role` WHERE  `role_id` = 1 LIMIT 1 [ RunTime:0.000198s ]
[ sql ] [ SQL ] SELECT * FROM `box_auth_menu` WHERE  `parent_id` = 0  AND `type` = 'menu'  AND `id` IN (26,32,34,35,48,49,50,1,3,11,12,13,4,14,15,16,5,7,8,9,10,6,17,18,20,2,47,51,54,52,58,53,59,60,61,36,37,39,40,41,43,44,38,55,56,42,62,57,63,45,46) ORDER BY `sort` ASC [ RunTime:0.000319s ]
[ sql ] [ SQL ] SELECT * FROM `box_auth_menu` WHERE  `parent_id` = 26  AND `type` = 'menu'  AND `id` IN (26,32,34,35,48,49,50,1,3,11,12,13,4,14,15,16,5,7,8,9,10,6,17,18,20,2,47,51,54,52,58,53,59,60,61,36,37,39,40,41,43,44,38,55,56,42,62,57,63,45,46) ORDER BY `sort` ASC [ RunTime:0.000310s ]
[ sql ] [ SQL ] SELECT * FROM `box_auth_menu` WHERE  `parent_id` = 1  AND `type` = 'menu'  AND `id` IN (26,32,34,35,48,49,50,1,3,11,12,13,4,14,15,16,5,7,8,9,10,6,17,18,20,2,47,51,54,52,58,53,59,60,61,36,37,39,40,41,43,44,38,55,56,42,62,57,63,45,46) ORDER BY `sort` ASC [ RunTime:0.000348s ]
[ sql ] [ SQL ] SELECT * FROM `box_auth_menu` WHERE  `parent_id` = 2  AND `type` = 'menu'  AND `id` IN (26,32,34,35,48,49,50,1,3,11,12,13,4,14,15,16,5,7,8,9,10,6,17,18,20,2,47,51,54,52,58,53,59,60,61,36,37,39,40,41,43,44,38,55,56,42,62,57,63,45,46) ORDER BY `sort` ASC [ RunTime:0.000397s ]
[ sql ] [ SQL ] SELECT * FROM `box_auth_menu` WHERE  `parent_id` = 51  AND `type` = 'menu'  AND `id` IN (26,32,34,35,48,49,50,1,3,11,12,13,4,14,15,16,5,7,8,9,10,6,17,18,20,2,47,51,54,52,58,53,59,60,61,36,37,39,40,41,43,44,38,55,56,42,62,57,63,45,46) ORDER BY `sort` ASC [ RunTime:0.000303s ]
[ sql ] [ SQL ] SELECT * FROM `box_auth_menu` WHERE  `parent_id` = 59  AND `type` = 'menu'  AND `id` IN (26,32,34,35,48,49,50,1,3,11,12,13,4,14,15,16,5,7,8,9,10,6,17,18,20,2,47,51,54,52,58,53,59,60,61,36,37,39,40,41,43,44,38,55,56,42,62,57,63,45,46) ORDER BY `sort` ASC [ RunTime:0.000321s ]
[ sql ] [ SQL ] SELECT * FROM `box_auth_menu` WHERE  `parent_id` = 36  AND `type` = 'menu'  AND `id` IN (26,32,34,35,48,49,50,1,3,11,12,13,4,14,15,16,5,7,8,9,10,6,17,18,20,2,47,51,54,52,58,53,59,60,61,36,37,39,40,41,43,44,38,55,56,42,62,57,63,45,46) ORDER BY `sort` ASC [ RunTime:0.000301s ]
[ sql ] [ SQL ] SELECT * FROM `box_auth_menu` WHERE  `parent_id` = 55  AND `type` = 'menu'  AND `id` IN (26,32,34,35,48,49,50,1,3,11,12,13,4,14,15,16,5,7,8,9,10,6,17,18,20,2,47,51,54,52,58,53,59,60,61,36,37,39,40,41,43,44,38,55,56,42,62,57,63,45,46) ORDER BY `sort` ASC [ RunTime:0.000300s ]
[ sql ] [ SQL ] SELECT * FROM `box_auth_menu` WHERE  `parent_id` = 45  AND `type` = 'menu'  AND `id` IN (26,32,34,35,48,49,50,1,3,11,12,13,4,14,15,16,5,7,8,9,10,6,17,18,20,2,47,51,54,52,58,53,59,60,61,36,37,39,40,41,43,44,38,55,56,42,62,57,63,45,46) ORDER BY `sort` ASC [ RunTime:0.000352s ]
---------------------------------------------------------------
[ 2019-09-10T23:59:40+08:00 ] 125.79.14.217 POST ccpay.3ii.cn/admin/orders/pay
[ sql ] [ DB ] CONNECT:[ UseTime:0.000449s ] mysql:host=127.0.0.1;port=3306;dbname=epay_3ii_cn;charset=utf8
[ sql ] [ SQL ] SHOW COLUMNS FROM `box_config` [ RunTime:0.000737s ]
[ sql ] [ SQL ] SELECT `value` FROM `box_config` WHERE  `code` = 'admin_login_path' LIMIT 1 [ RunTime:0.000238s ]
[ sql ] [ SQL ] SHOW COLUMNS FROM `box_admin` [ RunTime:0.000939s ]
[ sql ] [ SQL ] SELECT * FROM `box_admin` WHERE  `names` = 'ichuxin' LIMIT 1 [ RunTime:0.000315s ]
[ sql ] [ SQL ] SHOW COLUMNS FROM `box_operation` [ RunTime:0.000537s ]
[ sql ] [ SQL ] INSERT INTO `box_operation` (`action` , `name` , `time`) VALUES ('admin/orders/pay' , 'ichuxin' , 1568131180) [ RunTime:0.000257s ]
[ sql ] [ SQL ] SELECT * FROM `box_admin` WHERE  `names` = 'ichuxin' LIMIT 1 [ RunTime:0.000236s ]
[ sql ] [ SQL ] SHOW COLUMNS FROM `box_auth_role` [ RunTime:0.000543s ]
[ sql ] [ SQL ] SELECT `role_name` FROM `box_auth_role` WHERE  `role_id` = 1 LIMIT 1 [ RunTime:0.000209s ]
[ sql ] [ SQL ] SELECT * FROM `box_auth_role` WHERE  `role_id` = 1 LIMIT 1 [ RunTime:0.000227s ]
[ sql ] [ SQL ] SHOW COLUMNS FROM `box_auth_menu` [ RunTime:0.000622s ]
[ sql ] [ SQL ] SELECT `url` FROM `box_auth_menu` WHERE  `id` IN (26,32,34,35,48,49,50,1,3,11,12,13,4,14,15,16,5,7,8,9,10,6,17,18,20,2,47,51,54,52,58,53,59,60,61,36,37,39,40,41,43,44,38,55,56,42,62,57,63,45,46) [ RunTime:0.000334s ]
[ sql ] [ SQL ] SELECT * FROM `box_auth_role` WHERE  `role_id` = 1 LIMIT 1 [ RunTime:0.000202s ]
[ sql ] [ SQL ] SELECT * FROM `box_auth_menu` WHERE  `parent_id` = 0  AND `type` = 'menu'  AND `id` IN (26,32,34,35,48,49,50,1,3,11,12,13,4,14,15,16,5,7,8,9,10,6,17,18,20,2,47,51,54,52,58,53,59,60,61,36,37,39,40,41,43,44,38,55,56,42,62,57,63,45,46) ORDER BY `sort` ASC [ RunTime:0.000335s ]
[ sql ] [ SQL ] SELECT * FROM `box_auth_menu` WHERE  `parent_id` = 26  AND `type` = 'menu'  AND `id` IN (26,32,34,35,48,49,50,1,3,11,12,13,4,14,15,16,5,7,8,9,10,6,17,18,20,2,47,51,54,52,58,53,59,60,61,36,37,39,40,41,43,44,38,55,56,42,62,57,63,45,46) ORDER BY `sort` ASC [ RunTime:0.000322s ]
[ sql ] [ SQL ] SELECT * FROM `box_auth_menu` WHERE  `parent_id` = 1  AND `type` = 'menu'  AND `id` IN (26,32,34,35,48,49,50,1,3,11,12,13,4,14,15,16,5,7,8,9,10,6,17,18,20,2,47,51,54,52,58,53,59,60,61,36,37,39,40,41,43,44,38,55,56,42,62,57,63,45,46) ORDER BY `sort` ASC [ RunTime:0.000329s ]
[ sql ] [ SQL ] SELECT * FROM `box_auth_menu` WHERE  `parent_id` = 2  AND `type` = 'menu'  AND `id` IN (26,32,34,35,48,49,50,1,3,11,12,13,4,14,15,16,5,7,8,9,10,6,17,18,20,2,47,51,54,52,58,53,59,60,61,36,37,39,40,41,43,44,38,55,56,42,62,57,63,45,46) ORDER BY `sort` ASC [ RunTime:0.000319s ]
[ sql ] [ SQL ] SELECT * FROM `box_auth_menu` WHERE  `parent_id` = 51  AND `type` = 'menu'  AND `id` IN (26,32,34,35,48,49,50,1,3,11,12,13,4,14,15,16,5,7,8,9,10,6,17,18,20,2,47,51,54,52,58,53,59,60,61,36,37,39,40,41,43,44,38,55,56,42,62,57,63,45,46) ORDER BY `sort` ASC [ RunTime:0.000322s ]
[ sql ] [ SQL ] SELECT * FROM `box_auth_menu` WHERE  `parent_id` = 59  AND `type` = 'menu'  AND `id` IN (26,32,34,35,48,49,50,1,3,11,12,13,4,14,15,16,5,7,8,9,10,6,17,18,20,2,47,51,54,52,58,53,59,60,61,36,37,39,40,41,43,44,38,55,56,42,62,57,63,45,46) ORDER BY `sort` ASC [ RunTime:0.000305s ]
[ sql ] [ SQL ] SELECT * FROM `box_auth_menu` WHERE  `parent_id` = 36  AND `type` = 'menu'  AND `id` IN (26,32,34,35,48,49,50,1,3,11,12,13,4,14,15,16,5,7,8,9,10,6,17,18,20,2,47,51,54,52,58,53,59,60,61,36,37,39,40,41,43,44,38,55,56,42,62,57,63,45,46) ORDER BY `sort` ASC [ RunTime:0.000352s ]
[ sql ] [ SQL ] SELECT * FROM `box_auth_menu` WHERE  `parent_id` = 55  AND `type` = 'menu'  AND `id` IN (26,32,34,35,48,49,50,1,3,11,12,13,4,14,15,16,5,7,8,9,10,6,17,18,20,2,47,51,54,52,58,53,59,60,61,36,37,39,40,41,43,44,38,55,56,42,62,57,63,45,46) ORDER BY `sort` ASC [ RunTime:0.000344s ]
[ sql ] [ SQL ] SELECT * FROM `box_auth_menu` WHERE  `parent_id` = 45  AND `type` = 'menu'  AND `id` IN (26,32,34,35,48,49,50,1,3,11,12,13,4,14,15,16,5,7,8,9,10,6,17,18,20,2,47,51,54,52,58,53,59,60,61,36,37,39,40,41,43,44,38,55,56,42,62,57,63,45,46) ORDER BY `sort` ASC [ RunTime:0.000309s ]
[ sql ] [ SQL ] SHOW COLUMNS FROM `box_pay` [ RunTime:0.000763s ]
[ sql ] [ SQL ] SELECT COUNT(*) AS tp_count FROM `box_pay` WHERE  `type` = 2  AND `ctime` BETWEEN 1567267200 AND 1568131199 LIMIT 1 [ RunTime:0.000206s ]
[ sql ] [ SQL ] SELECT * FROM `box_pay` WHERE  `type` = 2  AND `ctime` BETWEEN 1567267200 AND 1568131199 ORDER BY `ctime` DESC LIMIT 0,90 [ RunTime:0.000226s ]
---------------------------------------------------------------
[ 2019-09-10T23:59:41+08:00 ] 125.79.14.217 GET ccpay.3ii.cn/admin/orders/pay/type/1
[ sql ] [ DB ] CONNECT:[ UseTime:0.000412s ] mysql:host=127.0.0.1;port=3306;dbname=epay_3ii_cn;charset=utf8
[ sql ] [ SQL ] SHOW COLUMNS FROM `box_config` [ RunTime:0.000700s ]
[ sql ] [ SQL ] SELECT `value` FROM `box_config` WHERE  `code` = 'admin_login_path' LIMIT 1 [ RunTime:0.000262s ]
[ sql ] [ SQL ] SHOW COLUMNS FROM `box_admin` [ RunTime:0.000783s ]
[ sql ] [ SQL ] SELECT * FROM `box_admin` WHERE  `names` = 'ichuxin' LIMIT 1 [ RunTime:0.000260s ]
[ sql ] [ SQL ] SHOW COLUMNS FROM `box_operation` [ RunTime:0.000528s ]
[ sql ] [ SQL ] INSERT INTO `box_operation` (`action` , `name` , `time`) VALUES ('admin/orders/pay' , 'ichuxin' , 1568131181) [ RunTime:0.000299s ]
[ sql ] [ SQL ] SELECT * FROM `box_admin` WHERE  `names` = 'ichuxin' LIMIT 1 [ RunTime:0.000205s ]
[ sql ] [ SQL ] SHOW COLUMNS FROM `box_auth_role` [ RunTime:0.000583s ]
[ sql ] [ SQL ] SELECT `role_name` FROM `box_auth_role` WHERE  `role_id` = 1 LIMIT 1 [ RunTime:0.000184s ]
[ sql ] [ SQL ] SELECT * FROM `box_auth_role` WHERE  `role_id` = 1 LIMIT 1 [ RunTime:0.000265s ]
[ sql ] [ SQL ] SHOW COLUMNS FROM `box_auth_menu` [ RunTime:0.000572s ]
[ sql ] [ SQL ] SELECT `url` FROM `box_auth_menu` WHERE  `id` IN (26,32,34,35,48,49,50,1,3,11,12,13,4,14,15,16,5,7,8,9,10,6,17,18,20,2,47,51,54,52,58,53,59,60,61,36,37,39,40,41,43,44,38,55,56,42,62,57,63,45,46) [ RunTime:0.000328s ]
[ sql ] [ SQL ] SELECT * FROM `box_auth_role` WHERE  `role_id` = 1 LIMIT 1 [ RunTime:0.000196s ]
[ sql ] [ SQL ] SELECT * FROM `box_auth_menu` WHERE  `parent_id` = 0  AND `type` = 'menu'  AND `id` IN (26,32,34,35,48,49,50,1,3,11,12,13,4,14,15,16,5,7,8,9,10,6,17,18,20,2,47,51,54,52,58,53,59,60,61,36,37,39,40,41,43,44,38,55,56,42,62,57,63,45,46) ORDER BY `sort` ASC [ RunTime:0.000342s ]
[ sql ] [ SQL ] SELECT * FROM `box_auth_menu` WHERE  `parent_id` = 26  AND `type` = 'menu'  AND `id` IN (26,32,34,35,48,49,50,1,3,11,12,13,4,14,15,16,5,7,8,9,10,6,17,18,20,2,47,51,54,52,58,53,59,60,61,36,37,39,40,41,43,44,38,55,56,42,62,57,63,45,46) ORDER BY `sort` ASC [ RunTime:0.000356s ]
[ sql ] [ SQL ] SELECT * FROM `box_auth_menu` WHERE  `parent_id` = 1  AND `type` = 'menu'  AND `id` IN (26,32,34,35,48,49,50,1,3,11,12,13,4,14,15,16,5,7,8,9,10,6,17,18,20,2,47,51,54,52,58,53,59,60,61,36,37,39,40,41,43,44,38,55,56,42,62,57,63,45,46) ORDER BY `sort` ASC [ RunTime:0.000304s ]
[ sql ] [ SQL ] SELECT * FROM `box_auth_menu` WHERE  `parent_id` = 2  AND `type` = 'menu'  AND `id` IN (26,32,34,35,48,49,50,1,3,11,12,13,4,14,15,16,5,7,8,9,10,6,17,18,20,2,47,51,54,52,58,53,59,60,61,36,37,39,40,41,43,44,38,55,56,42,62,57,63,45,46) ORDER BY `sort` ASC [ RunTime:0.000305s ]
[ sql ] [ SQL ] SELECT * FROM `box_auth_menu` WHERE  `parent_id` = 51  AND `type` = 'menu'  AND `id` IN (26,32,34,35,48,49,50,1,3,11,12,13,4,14,15,16,5,7,8,9,10,6,17,18,20,2,47,51,54,52,58,53,59,60,61,36,37,39,40,41,43,44,38,55,56,42,62,57,63,45,46) ORDER BY `sort` ASC [ RunTime:0.000328s ]
[ sql ] [ SQL ] SELECT * FROM `box_auth_menu` WHERE  `parent_id` = 59  AND `type` = 'menu'  AND `id` IN (26,32,34,35,48,49,50,1,3,11,12,13,4,14,15,16,5,7,8,9,10,6,17,18,20,2,47,51,54,52,58,53,59,60,61,36,37,39,40,41,43,44,38,55,56,42,62,57,63,45,46) ORDER BY `sort` ASC [ RunTime:0.000352s ]
[ sql ] [ SQL ] SELECT * FROM `box_auth_menu` WHERE  `parent_id` = 36  AND `type` = 'menu'  AND `id` IN (26,32,34,35,48,49,50,1,3,11,12,13,4,14,15,16,5,7,8,9,10,6,17,18,20,2,47,51,54,52,58,53,59,60,61,36,37,39,40,41,43,44,38,55,56,42,62,57,63,45,46) ORDER BY `sort` ASC [ RunTime:0.000323s ]
[ sql ] [ SQL ] SELECT * FROM `box_auth_menu` WHERE  `parent_id` = 55  AND `type` = 'menu'  AND `id` IN (26,32,34,35,48,49,50,1,3,11,12,13,4,14,15,16,5,7,8,9,10,6,17,18,20,2,47,51,54,52,58,53,59,60,61,36,37,39,40,41,43,44,38,55,56,42,62,57,63,45,46) ORDER BY `sort` ASC [ RunTime:0.000316s ]
[ sql ] [ SQL ] SELECT * FROM `box_auth_menu` WHERE  `parent_id` = 45  AND `type` = 'menu'  AND `id` IN (26,32,34,35,48,49,50,1,3,11,12,13,4,14,15,16,5,7,8,9,10,6,17,18,20,2,47,51,54,52,58,53,59,60,61,36,37,39,40,41,43,44,38,55,56,42,62,57,63,45,46) ORDER BY `sort` ASC [ RunTime:0.000403s ]
---------------------------------------------------------------
[ 2019-09-10T23:59:41+08:00 ] 125.79.14.217 POST ccpay.3ii.cn/admin/orders/pay
[ sql ] [ DB ] CONNECT:[ UseTime:0.000368s ] mysql:host=127.0.0.1;port=3306;dbname=epay_3ii_cn;charset=utf8
[ sql ] [ SQL ] SHOW COLUMNS FROM `box_config` [ RunTime:0.000733s ]
[ sql ] [ SQL ] SELECT `value` FROM `box_config` WHERE  `code` = 'admin_login_path' LIMIT 1 [ RunTime:0.000239s ]
[ sql ] [ SQL ] SHOW COLUMNS FROM `box_admin` [ RunTime:0.000714s ]
[ sql ] [ SQL ] SELECT * FROM `box_admin` WHERE  `names` = 'ichuxin' LIMIT 1 [ RunTime:0.000255s ]
[ sql ] [ SQL ] SHOW COLUMNS FROM `box_operation` [ RunTime:0.000558s ]
[ sql ] [ SQL ] INSERT INTO `box_operation` (`action` , `name` , `time`) VALUES ('admin/orders/pay' , 'ichuxin' , 1568131181) [ RunTime:0.000252s ]
[ sql ] [ SQL ] SELECT * FROM `box_admin` WHERE  `names` = 'ichuxin' LIMIT 1 [ RunTime:0.000204s ]
[ sql ] [ SQL ] SHOW COLUMNS FROM `box_auth_role` [ RunTime:0.000556s ]
[ sql ] [ SQL ] SELECT `role_name` FROM `box_auth_role` WHERE  `role_id` = 1 LIMIT 1 [ RunTime:0.000181s ]
[ sql ] [ SQL ] SELECT * FROM `box_auth_role` WHERE  `role_id` = 1 LIMIT 1 [ RunTime:0.000228s ]
[ sql ] [ SQL ] SHOW COLUMNS FROM `box_auth_menu` [ RunTime:0.000656s ]
[ sql ] [ SQL ] SELECT `url` FROM `box_auth_menu` WHERE  `id` IN (26,32,34,35,48,49,50,1,3,11,12,13,4,14,15,16,5,7,8,9,10,6,17,18,20,2,47,51,54,52,58,53,59,60,61,36,37,39,40,41,43,44,38,55,56,42,62,57,63,45,46) [ RunTime:0.000307s ]
[ sql ] [ SQL ] SELECT * FROM `box_auth_role` WHERE  `role_id` = 1 LIMIT 1 [ RunTime:0.000211s ]
[ sql ] [ SQL ] SELECT * FROM `box_auth_menu` WHERE  `parent_id` = 0  AND `type` = 'menu'  AND `id` IN (26,32,34,35,48,49,50,1,3,11,12,13,4,14,15,16,5,7,8,9,10,6,17,18,20,2,47,51,54,52,58,53,59,60,61,36,37,39,40,41,43,44,38,55,56,42,62,57,63,45,46) ORDER BY `sort` ASC [ RunTime:0.000324s ]
[ sql ] [ SQL ] SELECT * FROM `box_auth_menu` WHERE  `parent_id` = 26  AND `type` = 'menu'  AND `id` IN (26,32,34,35,48,49,50,1,3,11,12,13,4,14,15,16,5,7,8,9,10,6,17,18,20,2,47,51,54,52,58,53,59,60,61,36,37,39,40,41,43,44,38,55,56,42,62,57,63,45,46) ORDER BY `sort` ASC [ RunTime:0.000331s ]
[ sql ] [ SQL ] SELECT * FROM `box_auth_menu` WHERE  `parent_id` = 1  AND `type` = 'menu'  AND `id` IN (26,32,34,35,48,49,50,1,3,11,12,13,4,14,15,16,5,7,8,9,10,6,17,18,20,2,47,51,54,52,58,53,59,60,61,36,37,39,40,41,43,44,38,55,56,42,62,57,63,45,46) ORDER BY `sort` ASC [ RunTime:0.000359s ]
[ sql ] [ SQL ] SELECT * FROM `box_auth_menu` WHERE  `parent_id` = 2  AND `type` = 'menu'  AND `id` IN (26,32,34,35,48,49,50,1,3,11,12,13,4,14,15,16,5,7,8,9,10,6,17,18,20,2,47,51,54,52,58,53,59,60,61,36,37,39,40,41,43,44,38,55,56,42,62,57,63,45,46) ORDER BY `sort` ASC [ RunTime:0.000314s ]
[ sql ] [ SQL ] SELECT * FROM `box_auth_menu` WHERE  `parent_id` = 51  AND `type` = 'menu'  AND `id` IN (26,32,34,35,48,49,50,1,3,11,12,13,4,14,15,16,5,7,8,9,10,6,17,18,20,2,47,51,54,52,58,53,59,60,61,36,37,39,40,41,43,44,38,55,56,42,62,57,63,45,46) ORDER BY `sort` ASC [ RunTime:0.000358s ]
[ sql ] [ SQL ] SELECT * FROM `box_auth_menu` WHERE  `parent_id` = 59  AND `type` = 'menu'  AND `id` IN (26,32,34,35,48,49,50,1,3,11,12,13,4,14,15,16,5,7,8,9,10,6,17,18,20,2,47,51,54,52,58,53,59,60,61,36,37,39,40,41,43,44,38,55,56,42,62,57,63,45,46) ORDER BY `sort` ASC [ RunTime:0.000330s ]
[ sql ] [ SQL ] SELECT * FROM `box_auth_menu` WHERE  `parent_id` = 36  AND `type` = 'menu'  AND `id` IN (26,32,34,35,48,49,50,1,3,11,12,13,4,14,15,16,5,7,8,9,10,6,17,18,20,2,47,51,54,52,58,53,59,60,61,36,37,39,40,41,43,44,38,55,56,42,62,57,63,45,46) ORDER BY `sort` ASC [ RunTime:0.000347s ]
[ sql ] [ SQL ] SELECT * FROM `box_auth_menu` WHERE  `parent_id` = 55  AND `type` = 'menu'  AND `id` IN (26,32,34,35,48,49,50,1,3,11,12,13,4,14,15,16,5,7,8,9,10,6,17,18,20,2,47,51,54,52,58,53,59,60,61,36,37,39,40,41,43,44,38,55,56,42,62,57,63,45,46) ORDER BY `sort` ASC [ RunTime:0.000307s ]
[ sql ] [ SQL ] SELECT * FROM `box_auth_menu` WHERE  `parent_id` = 45  AND `type` = 'menu'  AND `id` IN (26,32,34,35,48,49,50,1,3,11,12,13,4,14,15,16,5,7,8,9,10,6,17,18,20,2,47,51,54,52,58,53,59,60,61,36,37,39,40,41,43,44,38,55,56,42,62,57,63,45,46) ORDER BY `sort` ASC [ RunTime:0.000327s ]
[ sql ] [ SQL ] SHOW COLUMNS FROM `box_pay` [ RunTime:0.000771s ]
[ sql ] [ SQL ] SELECT COUNT(*) AS tp_count FROM `box_pay` WHERE  `type` = 1  AND `ctime` BETWEEN 1567267200 AND 1568131199 LIMIT 1 [ RunTime:0.000238s ]
[ sql ] [ SQL ] SELECT * FROM `box_pay` WHERE  `type` = 1  AND `ctime` BETWEEN 1567267200 AND 1568131199 ORDER BY `ctime` DESC LIMIT 0,90 [ RunTime:0.000217s ]
---------------------------------------------------------------
[ 2019-09-10T23:59:44+08:00 ] 125.79.14.217 GET ccpay.3ii.cn/admin/orders/index
[ sql ] [ DB ] CONNECT:[ UseTime:0.000363s ] mysql:host=127.0.0.1;port=3306;dbname=epay_3ii_cn;charset=utf8
[ sql ] [ SQL ] SHOW COLUMNS FROM `box_config` [ RunTime:0.000728s ]
[ sql ] [ SQL ] SELECT `value` FROM `box_config` WHERE  `code` = 'admin_login_path' LIMIT 1 [ RunTime:0.000244s ]
[ sql ] [ SQL ] SHOW COLUMNS FROM `box_admin` [ RunTime:0.000741s ]
[ sql ] [ SQL ] SELECT * FROM `box_admin` WHERE  `names` = 'ichuxin' LIMIT 1 [ RunTime:0.000245s ]
[ sql ] [ SQL ] SHOW COLUMNS FROM `box_operation` [ RunTime:0.000559s ]
[ sql ] [ SQL ] INSERT INTO `box_operation` (`action` , `name` , `time`) VALUES ('admin/orders/index' , 'ichuxin' , 1568131184) [ RunTime:0.000266s ]
[ sql ] [ SQL ] SELECT * FROM `box_admin` WHERE  `names` = 'ichuxin' LIMIT 1 [ RunTime:0.000204s ]
[ sql ] [ SQL ] SHOW COLUMNS FROM `box_auth_role` [ RunTime:0.000583s ]
[ sql ] [ SQL ] SELECT `role_name` FROM `box_auth_role` WHERE  `role_id` = 1 LIMIT 1 [ RunTime:0.000181s ]
[ sql ] [ SQL ] SELECT * FROM `box_auth_role` WHERE  `role_id` = 1 LIMIT 1 [ RunTime:0.000243s ]
[ sql ] [ SQL ] SHOW COLUMNS FROM `box_auth_menu` [ RunTime:0.000613s ]
[ sql ] [ SQL ] SELECT `url` FROM `box_auth_menu` WHERE  `id` IN (26,32,34,35,48,49,50,1,3,11,12,13,4,14,15,16,5,7,8,9,10,6,17,18,20,2,47,51,54,52,58,53,59,60,61,36,37,39,40,41,43,44,38,55,56,42,62,57,63,45,46) [ RunTime:0.000374s ]
[ sql ] [ SQL ] SELECT * FROM `box_auth_role` WHERE  `role_id` = 1 LIMIT 1 [ RunTime:0.000211s ]
[ sql ] [ SQL ] SELECT * FROM `box_auth_menu` WHERE  `parent_id` = 0  AND `type` = 'menu'  AND `id` IN (26,32,34,35,48,49,50,1,3,11,12,13,4,14,15,16,5,7,8,9,10,6,17,18,20,2,47,51,54,52,58,53,59,60,61,36,37,39,40,41,43,44,38,55,56,42,62,57,63,45,46) ORDER BY `sort` ASC [ RunTime:0.000341s ]
[ sql ] [ SQL ] SELECT * FROM `box_auth_menu` WHERE  `parent_id` = 26  AND `type` = 'menu'  AND `id` IN (26,32,34,35,48,49,50,1,3,11,12,13,4,14,15,16,5,7,8,9,10,6,17,18,20,2,47,51,54,52,58,53,59,60,61,36,37,39,40,41,43,44,38,55,56,42,62,57,63,45,46) ORDER BY `sort` ASC [ RunTime:0.000334s ]
[ sql ] [ SQL ] SELECT * FROM `box_auth_menu` WHERE  `parent_id` = 1  AND `type` = 'menu'  AND `id` IN (26,32,34,35,48,49,50,1,3,11,12,13,4,14,15,16,5,7,8,9,10,6,17,18,20,2,47,51,54,52,58,53,59,60,61,36,37,39,40,41,43,44,38,55,56,42,62,57,63,45,46) ORDER BY `sort` ASC [ RunTime:0.000329s ]
[ sql ] [ SQL ] SELECT * FROM `box_auth_menu` WHERE  `parent_id` = 2  AND `type` = 'menu'  AND `id` IN (26,32,34,35,48,49,50,1,3,11,12,13,4,14,15,16,5,7,8,9,10,6,17,18,20,2,47,51,54,52,58,53,59,60,61,36,37,39,40,41,43,44,38,55,56,42,62,57,63,45,46) ORDER BY `sort` ASC [ RunTime:0.000331s ]
[ sql ] [ SQL ] SELECT * FROM `box_auth_menu` WHERE  `parent_id` = 51  AND `type` = 'menu'  AND `id` IN (26,32,34,35,48,49,50,1,3,11,12,13,4,14,15,16,5,7,8,9,10,6,17,18,20,2,47,51,54,52,58,53,59,60,61,36,37,39,40,41,43,44,38,55,56,42,62,57,63,45,46) ORDER BY `sort` ASC [ RunTime:0.000346s ]
[ sql ] [ SQL ] SELECT * FROM `box_auth_menu` WHERE  `parent_id` = 59  AND `type` = 'menu'  AND `id` IN (26,32,34,35,48,49,50,1,3,11,12,13,4,14,15,16,5,7,8,9,10,6,17,18,20,2,47,51,54,52,58,53,59,60,61,36,37,39,40,41,43,44,38,55,56,42,62,57,63,45,46) ORDER BY `sort` ASC [ RunTime:0.000317s ]
[ sql ] [ SQL ] SELECT * FROM `box_auth_menu` WHERE  `parent_id` = 36  AND `type` = 'menu'  AND `id` IN (26,32,34,35,48,49,50,1,3,11,12,13,4,14,15,16,5,7,8,9,10,6,17,18,20,2,47,51,54,52,58,53,59,60,61,36,37,39,40,41,43,44,38,55,56,42,62,57,63,45,46) ORDER BY `sort` ASC [ RunTime:0.000326s ]
[ sql ] [ SQL ] SELECT * FROM `box_auth_menu` WHERE  `parent_id` = 55  AND `type` = 'menu'  AND `id` IN (26,32,34,35,48,49,50,1,3,11,12,13,4,14,15,16,5,7,8,9,10,6,17,18,20,2,47,51,54,52,58,53,59,60,61,36,37,39,40,41,43,44,38,55,56,42,62,57,63,45,46) ORDER BY `sort` ASC [ RunTime:0.000300s ]
[ sql ] [ SQL ] SELECT * FROM `box_auth_menu` WHERE  `parent_id` = 45  AND `type` = 'menu'  AND `id` IN (26,32,34,35,48,49,50,1,3,11,12,13,4,14,15,16,5,7,8,9,10,6,17,18,20,2,47,51,54,52,58,53,59,60,61,36,37,39,40,41,43,44,38,55,56,42,62,57,63,45,46) ORDER BY `sort` ASC [ RunTime:0.000328s ]
---------------------------------------------------------------
[ 2019-09-10T23:59:44+08:00 ] 125.79.14.217 POST ccpay.3ii.cn/admin/orders/index
[ sql ] [ DB ] CONNECT:[ UseTime:0.000387s ] mysql:host=127.0.0.1;port=3306;dbname=epay_3ii_cn;charset=utf8
[ sql ] [ SQL ] SHOW COLUMNS FROM `box_config` [ RunTime:0.000770s ]
[ sql ] [ SQL ] SELECT `value` FROM `box_config` WHERE  `code` = 'admin_login_path' LIMIT 1 [ RunTime:0.000233s ]
[ sql ] [ SQL ] SHOW COLUMNS FROM `box_admin` [ RunTime:0.000958s ]
[ sql ] [ SQL ] SELECT * FROM `box_admin` WHERE  `names` = 'ichuxin' LIMIT 1 [ RunTime:0.000312s ]
[ sql ] [ SQL ] SHOW COLUMNS FROM `box_operation` [ RunTime:0.000649s ]
[ sql ] [ SQL ] INSERT INTO `box_operation` (`action` , `name` , `time`) VALUES ('admin/orders/index' , 'ichuxin' , 1568131184) [ RunTime:0.000262s ]
[ sql ] [ SQL ] SELECT * FROM `box_admin` WHERE  `names` = 'ichuxin' LIMIT 1 [ RunTime:0.000252s ]
[ sql ] [ SQL ] SHOW COLUMNS FROM `box_auth_role` [ RunTime:0.000586s ]
[ sql ] [ SQL ] SELECT `role_name` FROM `box_auth_role` WHERE  `role_id` = 1 LIMIT 1 [ RunTime:0.000215s ]
[ sql ] [ SQL ] SELECT * FROM `box_auth_role` WHERE  `role_id` = 1 LIMIT 1 [ RunTime:0.000208s ]
[ sql ] [ SQL ] SHOW COLUMNS FROM `box_auth_menu` [ RunTime:0.000592s ]
[ sql ] [ SQL ] SELECT `url` FROM `box_auth_menu` WHERE  `id` IN (26,32,34,35,48,49,50,1,3,11,12,13,4,14,15,16,5,7,8,9,10,6,17,18,20,2,47,51,54,52,58,53,59,60,61,36,37,39,40,41,43,44,38,55,56,42,62,57,63,45,46) [ RunTime:0.000306s ]
[ sql ] [ SQL ] SELECT * FROM `box_auth_role` WHERE  `role_id` = 1 LIMIT 1 [ RunTime:0.000238s ]
[ sql ] [ SQL ] SELECT * FROM `box_auth_menu` WHERE  `parent_id` = 0  AND `type` = 'menu'  AND `id` IN (26,32,34,35,48,49,50,1,3,11,12,13,4,14,15,16,5,7,8,9,10,6,17,18,20,2,47,51,54,52,58,53,59,60,61,36,37,39,40,41,43,44,38,55,56,42,62,57,63,45,46) ORDER BY `sort` ASC [ RunTime:0.000339s ]
[ sql ] [ SQL ] SELECT * FROM `box_auth_menu` WHERE  `parent_id` = 26  AND `type` = 'menu'  AND `id` IN (26,32,34,35,48,49,50,1,3,11,12,13,4,14,15,16,5,7,8,9,10,6,17,18,20,2,47,51,54,52,58,53,59,60,61,36,37,39,40,41,43,44,38,55,56,42,62,57,63,45,46) ORDER BY `sort` ASC [ RunTime:0.000361s ]
[ sql ] [ SQL ] SELECT * FROM `box_auth_menu` WHERE  `parent_id` = 1  AND `type` = 'menu'  AND `id` IN (26,32,34,35,48,49,50,1,3,11,12,13,4,14,15,16,5,7,8,9,10,6,17,18,20,2,47,51,54,52,58,53,59,60,61,36,37,39,40,41,43,44,38,55,56,42,62,57,63,45,46) ORDER BY `sort` ASC [ RunTime:0.000345s ]
[ sql ] [ SQL ] SELECT * FROM `box_auth_menu` WHERE  `parent_id` = 2  AND `type` = 'menu'  AND `id` IN (26,32,34,35,48,49,50,1,3,11,12,13,4,14,15,16,5,7,8,9,10,6,17,18,20,2,47,51,54,52,58,53,59,60,61,36,37,39,40,41,43,44,38,55,56,42,62,57,63,45,46) ORDER BY `sort` ASC [ RunTime:0.000325s ]
[ sql ] [ SQL ] SELECT * FROM `box_auth_menu` WHERE  `parent_id` = 51  AND `type` = 'menu'  AND `id` IN (26,32,34,35,48,49,50,1,3,11,12,13,4,14,15,16,5,7,8,9,10,6,17,18,20,2,47,51,54,52,58,53,59,60,61,36,37,39,40,41,43,44,38,55,56,42,62,57,63,45,46) ORDER BY `sort` ASC [ RunTime:0.000303s ]
[ sql ] [ SQL ] SELECT * FROM `box_auth_menu` WHERE  `parent_id` = 59  AND `type` = 'menu'  AND `id` IN (26,32,34,35,48,49,50,1,3,11,12,13,4,14,15,16,5,7,8,9,10,6,17,18,20,2,47,51,54,52,58,53,59,60,61,36,37,39,40,41,43,44,38,55,56,42,62,57,63,45,46) ORDER BY `sort` ASC [ RunTime:0.000302s ]
[ sql ] [ SQL ] SELECT * FROM `box_auth_menu` WHERE  `parent_id` = 36  AND `type` = 'menu'  AND `id` IN (26,32,34,35,48,49,50,1,3,11,12,13,4,14,15,16,5,7,8,9,10,6,17,18,20,2,47,51,54,52,58,53,59,60,61,36,37,39,40,41,43,44,38,55,56,42,62,57,63,45,46) ORDER BY `sort` ASC [ RunTime:0.000310s ]
[ sql ] [ SQL ] SELECT * FROM `box_auth_menu` WHERE  `parent_id` = 55  AND `type` = 'menu'  AND `id` IN (26,32,34,35,48,49,50,1,3,11,12,13,4,14,15,16,5,7,8,9,10,6,17,18,20,2,47,51,54,52,58,53,59,60,61,36,37,39,40,41,43,44,38,55,56,42,62,57,63,45,46) ORDER BY `sort` ASC [ RunTime:0.000353s ]
[ sql ] [ SQL ] SELECT * FROM `box_auth_menu` WHERE  `parent_id` = 45  AND `type` = 'menu'  AND `id` IN (26,32,34,35,48,49,50,1,3,11,12,13,4,14,15,16,5,7,8,9,10,6,17,18,20,2,47,51,54,52,58,53,59,60,61,36,37,39,40,41,43,44,38,55,56,42,62,57,63,45,46) ORDER BY `sort` ASC [ RunTime:0.000304s ]
[ sql ] [ SQL ] SHOW COLUMNS FROM `box_pay_order` [ RunTime:0.000802s ]
[ sql ] [ SQL ] SELECT COUNT(*) AS tp_count FROM `box_pay_order` WHERE  `create_date` BETWEEN 1567267200 AND 1568131199 LIMIT 1 [ RunTime:0.000210s ]
[ sql ] [ SQL ] SELECT * FROM `box_pay_order` WHERE  `create_date` BETWEEN 1567267200 AND 1568131199 ORDER BY `create_date` DESC LIMIT 0,90 [ RunTime:0.000335s ]
