---------------------------------------------------------------
[ 2019-09-25T10:48:37+08:00 ] 182.254.52.17 POST api.3ii.cn/appHeart?t%3D1569139029022%26mid%3D1000%26sign%3Dafdce590c69e693f4b124f3dbc584765
[ sql ] [ DB ] CONNECT:[ UseTime:0.000461s ] mysql:host=127.0.0.1;port=3306;dbname=epay_3ii_cn;charset=utf8
[ sql ] [ SQL ] SHOW COLUMNS FROM `box_config` [ RunTime:0.000777s ]
[ sql ] [ SQL ] SELECT `value` FROM `box_config` WHERE  `code` = 'admin_login_path' LIMIT 1 [ RunTime:0.000228s ]
[ sql ] [ SQL ] SHOW COLUMNS FROM `box_user` [ RunTime:0.001107s ]
[ sql ] [ SQL ] SELECT `id`,`lastheart`,`email`,`mid`,`jkstate` FROM `box_user` WHERE  `jkstate` = '1' [ RunTime:0.000246s ]
[ sql ] [ SQL ] SHOW COLUMNS FROM `box_pay_order` [ RunTime:0.000942s ]
[ sql ] [ SQL ] SELECT * FROM `box_pay_order` WHERE  `state` = 0 [ RunTime:0.000346s ]
[ sql ] [ SQL ] SHOW COLUMNS FROM `box_tmp_price` [ RunTime:0.000778s ]
[ sql ] [ SQL ] SELECT * FROM `box_tmp_price` [ RunTime:0.000228s ]
[ sql ] [ SQL ] SELECT * FROM `box_pay_order` WHERE  `order_id` = '201909111709462538' LIMIT 1 [ RunTime:0.000357s ]
[ sql ] [ SQL ] SELECT * FROM `box_pay_order` WHERE  `order_id` = '201909141309224441' LIMIT 1 [ RunTime:0.000286s ]
[ sql ] [ SQL ] SHOW COLUMNS FROM `box_pay` [ RunTime:0.000952s ]
[ sql ] [ SQL ] SELECT `id`,`ctime`,`status` FROM `box_pay` WHERE  `status` = 1 [ RunTime:0.000267s ]
[ sql ] [ SQL ] SELECT `apikey` FROM `box_user` WHERE  `mid` IS NULL LIMIT 1 [ RunTime:0.000248s ]
---------------------------------------------------------------
[ 2019-09-25T10:48:44+08:00 ] 106.112.179.159 POST api.3ii.cn/appHeart?t%3D1569139029022%26mid%3D1000%26sign%3Dafdce590c69e693f4b124f3dbc584765
[ sql ] [ DB ] CONNECT:[ UseTime:0.000444s ] mysql:host=127.0.0.1;port=3306;dbname=epay_3ii_cn;charset=utf8
[ sql ] [ SQL ] SHOW COLUMNS FROM `box_config` [ RunTime:0.000737s ]
[ sql ] [ SQL ] SELECT `value` FROM `box_config` WHERE  `code` = 'admin_login_path' LIMIT 1 [ RunTime:0.000220s ]
[ sql ] [ SQL ] SHOW COLUMNS FROM `box_user` [ RunTime:0.000890s ]
[ sql ] [ SQL ] SELECT `id`,`lastheart`,`email`,`mid`,`jkstate` FROM `box_user` WHERE  `jkstate` = '1' [ RunTime:0.000276s ]
[ sql ] [ SQL ] SHOW COLUMNS FROM `box_pay_order` [ RunTime:0.000613s ]
[ sql ] [ SQL ] SELECT * FROM `box_pay_order` WHERE  `state` = 0 [ RunTime:0.000243s ]
[ sql ] [ SQL ] SHOW COLUMNS FROM `box_tmp_price` [ RunTime:0.000510s ]
[ sql ] [ SQL ] SELECT * FROM `box_tmp_price` [ RunTime:0.000190s ]
[ sql ] [ SQL ] SELECT * FROM `box_pay_order` WHERE  `order_id` = '201909111709462538' LIMIT 1 [ RunTime:0.000228s ]
[ sql ] [ SQL ] SELECT * FROM `box_pay_order` WHERE  `order_id` = '201909141309224441' LIMIT 1 [ RunTime:0.000203s ]
[ sql ] [ SQL ] SHOW COLUMNS FROM `box_pay` [ RunTime:0.000582s ]
[ sql ] [ SQL ] SELECT `id`,`ctime`,`status` FROM `box_pay` WHERE  `status` = 1 [ RunTime:0.000191s ]
[ sql ] [ SQL ] SELECT `apikey` FROM `box_user` WHERE  `mid` IS NULL LIMIT 1 [ RunTime:0.000176s ]
---------------------------------------------------------------
[ 2019-09-25T11:09:51+08:00 ] 59.36.132.240 POST api.3ii.cn/appHeart?t%3D1569140392012%26mid%3D1000%26sign%3D763cb4c24ca4f4cb9e7a47bf7607f3a6
[ sql ] [ DB ] CONNECT:[ UseTime:0.000405s ] mysql:host=127.0.0.1;port=3306;dbname=epay_3ii_cn;charset=utf8
[ sql ] [ SQL ] SHOW COLUMNS FROM `box_config` [ RunTime:0.000778s ]
[ sql ] [ SQL ] SELECT `value` FROM `box_config` WHERE  `code` = 'admin_login_path' LIMIT 1 [ RunTime:0.000265s ]
[ sql ] [ SQL ] SHOW COLUMNS FROM `box_user` [ RunTime:0.000936s ]
[ sql ] [ SQL ] SELECT `id`,`lastheart`,`email`,`mid`,`jkstate` FROM `box_user` WHERE  `jkstate` = '1' [ RunTime:0.000235s ]
[ sql ] [ SQL ] SHOW COLUMNS FROM `box_pay_order` [ RunTime:0.000771s ]
[ sql ] [ SQL ] SELECT * FROM `box_pay_order` WHERE  `state` = 0 [ RunTime:0.000301s ]
[ sql ] [ SQL ] SHOW COLUMNS FROM `box_tmp_price` [ RunTime:0.000615s ]
[ sql ] [ SQL ] SELECT * FROM `box_tmp_price` [ RunTime:0.000196s ]
[ sql ] [ SQL ] SELECT * FROM `box_pay_order` WHERE  `order_id` = '201909111709462538' LIMIT 1 [ RunTime:0.000238s ]
[ sql ] [ SQL ] SELECT * FROM `box_pay_order` WHERE  `order_id` = '201909141309224441' LIMIT 1 [ RunTime:0.000236s ]
[ sql ] [ SQL ] SHOW COLUMNS FROM `box_pay` [ RunTime:0.000710s ]
[ sql ] [ SQL ] SELECT `id`,`ctime`,`status` FROM `box_pay` WHERE  `status` = 1 [ RunTime:0.000263s ]
[ sql ] [ SQL ] SELECT `apikey` FROM `box_user` WHERE  `mid` IS NULL LIMIT 1 [ RunTime:0.000271s ]
---------------------------------------------------------------
[ 2019-09-25T11:09:51+08:00 ] 58.247.212.239 POST api.3ii.cn/appHeart?t%3D1569140392012%26mid%3D1000%26sign%3D763cb4c24ca4f4cb9e7a47bf7607f3a6
[ sql ] [ DB ] CONNECT:[ UseTime:0.000442s ] mysql:host=127.0.0.1;port=3306;dbname=epay_3ii_cn;charset=utf8
[ sql ] [ SQL ] SHOW COLUMNS FROM `box_config` [ RunTime:0.000784s ]
[ sql ] [ SQL ] SELECT `value` FROM `box_config` WHERE  `code` = 'admin_login_path' LIMIT 1 [ RunTime:0.000320s ]
[ sql ] [ SQL ] SHOW COLUMNS FROM `box_user` [ RunTime:0.001001s ]
[ sql ] [ SQL ] SELECT `id`,`lastheart`,`email`,`mid`,`jkstate` FROM `box_user` WHERE  `jkstate` = '1' [ RunTime:0.000230s ]
[ sql ] [ SQL ] SHOW COLUMNS FROM `box_pay_order` [ RunTime:0.000695s ]
[ sql ] [ SQL ] SELECT * FROM `box_pay_order` WHERE  `state` = 0 [ RunTime:0.000252s ]
[ sql ] [ SQL ] SHOW COLUMNS FROM `box_tmp_price` [ RunTime:0.000537s ]
[ sql ] [ SQL ] SELECT * FROM `box_tmp_price` [ RunTime:0.000180s ]
[ sql ] [ SQL ] SELECT * FROM `box_pay_order` WHERE  `order_id` = '201909111709462538' LIMIT 1 [ RunTime:0.000234s ]
[ sql ] [ SQL ] SELECT * FROM `box_pay_order` WHERE  `order_id` = '201909141309224441' LIMIT 1 [ RunTime:0.000213s ]
[ sql ] [ SQL ] SHOW COLUMNS FROM `box_pay` [ RunTime:0.000739s ]
[ sql ] [ SQL ] SELECT `id`,`ctime`,`status` FROM `box_pay` WHERE  `status` = 1 [ RunTime:0.000233s ]
[ sql ] [ SQL ] SELECT `apikey` FROM `box_user` WHERE  `mid` IS NULL LIMIT 1 [ RunTime:0.000240s ]
---------------------------------------------------------------
[ 2019-09-25T11:09:52+08:00 ] 113.120.37.137 POST api.3ii.cn/appHeart?t%3D1569140392012%26mid%3D1000%26sign%3D763cb4c24ca4f4cb9e7a47bf7607f3a6
[ sql ] [ DB ] CONNECT:[ UseTime:0.000391s ] mysql:host=127.0.0.1;port=3306;dbname=epay_3ii_cn;charset=utf8
[ sql ] [ SQL ] SHOW COLUMNS FROM `box_config` [ RunTime:0.000734s ]
[ sql ] [ SQL ] SELECT `value` FROM `box_config` WHERE  `code` = 'admin_login_path' LIMIT 1 [ RunTime:0.000221s ]
[ sql ] [ SQL ] SHOW COLUMNS FROM `box_user` [ RunTime:0.000931s ]
[ sql ] [ SQL ] SELECT `id`,`lastheart`,`email`,`mid`,`jkstate` FROM `box_user` WHERE  `jkstate` = '1' [ RunTime:0.000254s ]
[ sql ] [ SQL ] SHOW COLUMNS FROM `box_pay_order` [ RunTime:0.000632s ]
[ sql ] [ SQL ] SELECT * FROM `box_pay_order` WHERE  `state` = 0 [ RunTime:0.000268s ]
[ sql ] [ SQL ] SHOW COLUMNS FROM `box_tmp_price` [ RunTime:0.000549s ]
[ sql ] [ SQL ] SELECT * FROM `box_tmp_price` [ RunTime:0.000171s ]
[ sql ] [ SQL ] SELECT * FROM `box_pay_order` WHERE  `order_id` = '201909111709462538' LIMIT 1 [ RunTime:0.000223s ]
[ sql ] [ SQL ] SELECT * FROM `box_pay_order` WHERE  `order_id` = '201909141309224441' LIMIT 1 [ RunTime:0.000219s ]
[ sql ] [ SQL ] SHOW COLUMNS FROM `box_pay` [ RunTime:0.000592s ]
[ sql ] [ SQL ] SELECT `id`,`ctime`,`status` FROM `box_pay` WHERE  `status` = 1 [ RunTime:0.000195s ]
[ sql ] [ SQL ] SELECT `apikey` FROM `box_user` WHERE  `mid` IS NULL LIMIT 1 [ RunTime:0.000186s ]
---------------------------------------------------------------
[ 2019-09-25T11:12:10+08:00 ] 59.36.132.240 POST api.3ii.cn/appHeart?t%3D1569141429055%26mid%3D1000%26sign%3Dd012a83646e0106d054c18dc5ec353b5
[ sql ] [ DB ] CONNECT:[ UseTime:0.000500s ] mysql:host=127.0.0.1;port=3306;dbname=epay_3ii_cn;charset=utf8
[ sql ] [ SQL ] SHOW COLUMNS FROM `box_config` [ RunTime:0.000877s ]
[ sql ] [ SQL ] SELECT `value` FROM `box_config` WHERE  `code` = 'admin_login_path' LIMIT 1 [ RunTime:0.000253s ]
[ sql ] [ SQL ] SHOW COLUMNS FROM `box_user` [ RunTime:0.000983s ]
[ sql ] [ SQL ] SELECT `id`,`lastheart`,`email`,`mid`,`jkstate` FROM `box_user` WHERE  `jkstate` = '1' [ RunTime:0.000248s ]
[ sql ] [ SQL ] SHOW COLUMNS FROM `box_pay_order` [ RunTime:0.000723s ]
[ sql ] [ SQL ] SELECT * FROM `box_pay_order` WHERE  `state` = 0 [ RunTime:0.000271s ]
[ sql ] [ SQL ] SHOW COLUMNS FROM `box_tmp_price` [ RunTime:0.000641s ]
[ sql ] [ SQL ] SELECT * FROM `box_tmp_price` [ RunTime:0.000171s ]
[ sql ] [ SQL ] SELECT * FROM `box_pay_order` WHERE  `order_id` = '201909111709462538' LIMIT 1 [ RunTime:0.000254s ]
[ sql ] [ SQL ] SELECT * FROM `box_pay_order` WHERE  `order_id` = '201909141309224441' LIMIT 1 [ RunTime:0.000257s ]
[ sql ] [ SQL ] SHOW COLUMNS FROM `box_pay` [ RunTime:0.000831s ]
[ sql ] [ SQL ] SELECT `id`,`ctime`,`status` FROM `box_pay` WHERE  `status` = 1 [ RunTime:0.000206s ]
[ sql ] [ SQL ] SELECT `apikey` FROM `box_user` WHERE  `mid` IS NULL LIMIT 1 [ RunTime:0.000204s ]
---------------------------------------------------------------
[ 2019-09-25T14:45:47+08:00 ] 116.128.128.41 POST api.3ii.cn/appHeart?t%3D1569145054425%26mid%3D1000%26sign%3Dafa626bf6df76143d2334e225e41867c
[ sql ] [ DB ] CONNECT:[ UseTime:0.000383s ] mysql:host=127.0.0.1;port=3306;dbname=epay_3ii_cn;charset=utf8
[ sql ] [ SQL ] SHOW COLUMNS FROM `box_config` [ RunTime:0.000770s ]
[ sql ] [ SQL ] SELECT `value` FROM `box_config` WHERE  `code` = 'admin_login_path' LIMIT 1 [ RunTime:0.000231s ]
[ sql ] [ SQL ] SHOW COLUMNS FROM `box_user` [ RunTime:0.001178s ]
[ sql ] [ SQL ] SELECT `id`,`lastheart`,`email`,`mid`,`jkstate` FROM `box_user` WHERE  `jkstate` = '1' [ RunTime:0.000293s ]
[ sql ] [ SQL ] SHOW COLUMNS FROM `box_pay_order` [ RunTime:0.000709s ]
[ sql ] [ SQL ] SELECT * FROM `box_pay_order` WHERE  `state` = 0 [ RunTime:0.000249s ]
[ sql ] [ SQL ] SHOW COLUMNS FROM `box_tmp_price` [ RunTime:0.000532s ]
[ sql ] [ SQL ] SELECT * FROM `box_tmp_price` [ RunTime:0.000168s ]
[ sql ] [ SQL ] SELECT * FROM `box_pay_order` WHERE  `order_id` = '201909111709462538' LIMIT 1 [ RunTime:0.000252s ]
[ sql ] [ SQL ] SELECT * FROM `box_pay_order` WHERE  `order_id` = '201909141309224441' LIMIT 1 [ RunTime:0.000207s ]
[ sql ] [ SQL ] SHOW COLUMNS FROM `box_pay` [ RunTime:0.000588s ]
[ sql ] [ SQL ] SELECT `id`,`ctime`,`status` FROM `box_pay` WHERE  `status` = 1 [ RunTime:0.000291s ]
[ sql ] [ SQL ] SELECT `apikey` FROM `box_user` WHERE  `mid` IS NULL LIMIT 1 [ RunTime:0.000181s ]
---------------------------------------------------------------
[ 2019-09-25T14:45:55+08:00 ] 114.107.192.196 POST api.3ii.cn/appHeart?t%3D1569145054425%26mid%3D1000%26sign%3Dafa626bf6df76143d2334e225e41867c
[ sql ] [ DB ] CONNECT:[ UseTime:0.000451s ] mysql:host=127.0.0.1;port=3306;dbname=epay_3ii_cn;charset=utf8
[ sql ] [ SQL ] SHOW COLUMNS FROM `box_config` [ RunTime:0.000773s ]
[ sql ] [ SQL ] SELECT `value` FROM `box_config` WHERE  `code` = 'admin_login_path' LIMIT 1 [ RunTime:0.000309s ]
[ sql ] [ SQL ] SHOW COLUMNS FROM `box_user` [ RunTime:0.000978s ]
[ sql ] [ SQL ] SELECT `id`,`lastheart`,`email`,`mid`,`jkstate` FROM `box_user` WHERE  `jkstate` = '1' [ RunTime:0.000223s ]
[ sql ] [ SQL ] SHOW COLUMNS FROM `box_pay_order` [ RunTime:0.000683s ]
[ sql ] [ SQL ] SELECT * FROM `box_pay_order` WHERE  `state` = 0 [ RunTime:0.000257s ]
[ sql ] [ SQL ] SHOW COLUMNS FROM `box_tmp_price` [ RunTime:0.000537s ]
[ sql ] [ SQL ] SELECT * FROM `box_tmp_price` [ RunTime:0.000165s ]
[ sql ] [ SQL ] SELECT * FROM `box_pay_order` WHERE  `order_id` = '201909111709462538' LIMIT 1 [ RunTime:0.000226s ]
[ sql ] [ SQL ] SELECT * FROM `box_pay_order` WHERE  `order_id` = '201909141309224441' LIMIT 1 [ RunTime:0.000225s ]
[ sql ] [ SQL ] SHOW COLUMNS FROM `box_pay` [ RunTime:0.000605s ]
[ sql ] [ SQL ] SELECT `id`,`ctime`,`status` FROM `box_pay` WHERE  `status` = 1 [ RunTime:0.000198s ]
[ sql ] [ SQL ] SELECT `apikey` FROM `box_user` WHERE  `mid` IS NULL LIMIT 1 [ RunTime:0.000190s ]
---------------------------------------------------------------
[ 2019-09-25T14:48:16+08:00 ] 182.254.52.17 POST api.3ii.cn/appHeart?t%3D1569144454418%26mid%3D1000%26sign%3D523225bbcd610371f1dc96d620d83546
[ sql ] [ DB ] CONNECT:[ UseTime:0.000924s ] mysql:host=127.0.0.1;port=3306;dbname=epay_3ii_cn;charset=utf8
[ sql ] [ SQL ] SHOW COLUMNS FROM `box_config` [ RunTime:0.000984s ]
[ sql ] [ SQL ] SELECT `value` FROM `box_config` WHERE  `code` = 'admin_login_path' LIMIT 1 [ RunTime:0.000232s ]
[ sql ] [ SQL ] SHOW COLUMNS FROM `box_user` [ RunTime:0.000893s ]
[ sql ] [ SQL ] SELECT `id`,`lastheart`,`email`,`mid`,`jkstate` FROM `box_user` WHERE  `jkstate` = '1' [ RunTime:0.000247s ]
[ sql ] [ SQL ] SHOW COLUMNS FROM `box_pay_order` [ RunTime:0.000644s ]
[ sql ] [ SQL ] SELECT * FROM `box_pay_order` WHERE  `state` = 0 [ RunTime:0.000238s ]
[ sql ] [ SQL ] SHOW COLUMNS FROM `box_tmp_price` [ RunTime:0.000547s ]
[ sql ] [ SQL ] SELECT * FROM `box_tmp_price` [ RunTime:0.000170s ]
[ sql ] [ SQL ] SELECT * FROM `box_pay_order` WHERE  `order_id` = '201909111709462538' LIMIT 1 [ RunTime:0.000272s ]
[ sql ] [ SQL ] SELECT * FROM `box_pay_order` WHERE  `order_id` = '201909141309224441' LIMIT 1 [ RunTime:0.000231s ]
[ sql ] [ SQL ] SHOW COLUMNS FROM `box_pay` [ RunTime:0.000567s ]
[ sql ] [ SQL ] SELECT `id`,`ctime`,`status` FROM `box_pay` WHERE  `status` = 1 [ RunTime:0.000199s ]
[ sql ] [ SQL ] SELECT `apikey` FROM `box_user` WHERE  `mid` IS NULL LIMIT 1 [ RunTime:0.000223s ]
---------------------------------------------------------------
[ 2019-09-25T16:03:46+08:00 ] 58.247.212.239 POST api.3ii.cn/appHeart?t%3D1569143854410%26mid%3D1000%26sign%3D1e992c1438e7daf15a7b2f2fdb466e8d
[ sql ] [ DB ] CONNECT:[ UseTime:0.000434s ] mysql:host=127.0.0.1;port=3306;dbname=epay_3ii_cn;charset=utf8
[ sql ] [ SQL ] SHOW COLUMNS FROM `box_config` [ RunTime:0.000768s ]
[ sql ] [ SQL ] SELECT `value` FROM `box_config` WHERE  `code` = 'admin_login_path' LIMIT 1 [ RunTime:0.000246s ]
[ sql ] [ SQL ] SHOW COLUMNS FROM `box_user` [ RunTime:0.000886s ]
[ sql ] [ SQL ] SELECT `id`,`lastheart`,`email`,`mid`,`jkstate` FROM `box_user` WHERE  `jkstate` = '1' [ RunTime:0.000263s ]
[ sql ] [ SQL ] SHOW COLUMNS FROM `box_pay_order` [ RunTime:0.000651s ]
[ sql ] [ SQL ] SELECT * FROM `box_pay_order` WHERE  `state` = 0 [ RunTime:0.000243s ]
[ sql ] [ SQL ] SHOW COLUMNS FROM `box_tmp_price` [ RunTime:0.000609s ]
[ sql ] [ SQL ] SELECT * FROM `box_tmp_price` [ RunTime:0.000186s ]
[ sql ] [ SQL ] SELECT * FROM `box_pay_order` WHERE  `order_id` = '201909111709462538' LIMIT 1 [ RunTime:0.000234s ]
[ sql ] [ SQL ] SELECT * FROM `box_pay_order` WHERE  `order_id` = '201909141309224441' LIMIT 1 [ RunTime:0.000249s ]
[ sql ] [ SQL ] SHOW COLUMNS FROM `box_pay` [ RunTime:0.000610s ]
[ sql ] [ SQL ] SELECT `id`,`ctime`,`status` FROM `box_pay` WHERE  `status` = 1 [ RunTime:0.000204s ]
[ sql ] [ SQL ] SELECT `apikey` FROM `box_user` WHERE  `mid` IS NULL LIMIT 1 [ RunTime:0.000203s ]
---------------------------------------------------------------
[ 2019-09-25T16:03:53+08:00 ] 113.120.107.229 POST api.3ii.cn/appHeart?t%3D1569143854410%26mid%3D1000%26sign%3D1e992c1438e7daf15a7b2f2fdb466e8d
[ sql ] [ DB ] CONNECT:[ UseTime:0.000444s ] mysql:host=127.0.0.1;port=3306;dbname=epay_3ii_cn;charset=utf8
[ sql ] [ SQL ] SHOW COLUMNS FROM `box_config` [ RunTime:0.000749s ]
[ sql ] [ SQL ] SELECT `value` FROM `box_config` WHERE  `code` = 'admin_login_path' LIMIT 1 [ RunTime:0.000223s ]
[ sql ] [ SQL ] SHOW COLUMNS FROM `box_user` [ RunTime:0.000970s ]
[ sql ] [ SQL ] SELECT `id`,`lastheart`,`email`,`mid`,`jkstate` FROM `box_user` WHERE  `jkstate` = '1' [ RunTime:0.000223s ]
[ sql ] [ SQL ] SHOW COLUMNS FROM `box_pay_order` [ RunTime:0.000698s ]
[ sql ] [ SQL ] SELECT * FROM `box_pay_order` WHERE  `state` = 0 [ RunTime:0.000286s ]
[ sql ] [ SQL ] SHOW COLUMNS FROM `box_tmp_price` [ RunTime:0.000549s ]
[ sql ] [ SQL ] SELECT * FROM `box_tmp_price` [ RunTime:0.000215s ]
[ sql ] [ SQL ] SELECT * FROM `box_pay_order` WHERE  `order_id` = '201909111709462538' LIMIT 1 [ RunTime:0.000232s ]
[ sql ] [ SQL ] SELECT * FROM `box_pay_order` WHERE  `order_id` = '201909141309224441' LIMIT 1 [ RunTime:0.000209s ]
[ sql ] [ SQL ] SHOW COLUMNS FROM `box_pay` [ RunTime:0.000627s ]
[ sql ] [ SQL ] SELECT `id`,`ctime`,`status` FROM `box_pay` WHERE  `status` = 1 [ RunTime:0.000193s ]
[ sql ] [ SQL ] SELECT `apikey` FROM `box_user` WHERE  `mid` IS NULL LIMIT 1 [ RunTime:0.000205s ]
---------------------------------------------------------------
[ 2019-09-25T20:04:19+08:00 ] 183.192.179.16 POST api.3ii.cn/appHeart?t%3D1569255501757%26mid%3D1000%26sign%3Db065704cddf7a649b6a68bd7f6c6d009
[ sql ] [ DB ] CONNECT:[ UseTime:0.000463s ] mysql:host=127.0.0.1;port=3306;dbname=epay_3ii_cn;charset=utf8
[ sql ] [ SQL ] SHOW COLUMNS FROM `box_config` [ RunTime:0.000735s ]
[ sql ] [ SQL ] SELECT `value` FROM `box_config` WHERE  `code` = 'admin_login_path' LIMIT 1 [ RunTime:0.000235s ]
[ sql ] [ SQL ] SHOW COLUMNS FROM `box_user` [ RunTime:0.000924s ]
[ sql ] [ SQL ] SELECT `id`,`lastheart`,`email`,`mid`,`jkstate` FROM `box_user` WHERE  `jkstate` = '1' [ RunTime:0.000223s ]
[ sql ] [ SQL ] SHOW COLUMNS FROM `box_pay_order` [ RunTime:0.000690s ]
[ sql ] [ SQL ] SELECT * FROM `box_pay_order` WHERE  `state` = 0 [ RunTime:0.000263s ]
[ sql ] [ SQL ] SHOW COLUMNS FROM `box_tmp_price` [ RunTime:0.000528s ]
[ sql ] [ SQL ] SELECT * FROM `box_tmp_price` [ RunTime:0.000163s ]
[ sql ] [ SQL ] SELECT * FROM `box_pay_order` WHERE  `order_id` = '201909111709462538' LIMIT 1 [ RunTime:0.000252s ]
[ sql ] [ SQL ] SELECT * FROM `box_pay_order` WHERE  `order_id` = '201909141309224441' LIMIT 1 [ RunTime:0.000230s ]
[ sql ] [ SQL ] SHOW COLUMNS FROM `box_pay` [ RunTime:0.000586s ]
[ sql ] [ SQL ] SELECT `id`,`ctime`,`status` FROM `box_pay` WHERE  `status` = 1 [ RunTime:0.000208s ]
[ sql ] [ SQL ] SELECT `apikey` FROM `box_user` WHERE  `mid` IS NULL LIMIT 1 [ RunTime:0.000173s ]
---------------------------------------------------------------
[ 2019-09-25T20:04:19+08:00 ] 123.52.172.40 POST api.3ii.cn/appHeart?t%3D1569255501757%26mid%3D1000%26sign%3Db065704cddf7a649b6a68bd7f6c6d009
[ sql ] [ DB ] CONNECT:[ UseTime:0.000389s ] mysql:host=127.0.0.1;port=3306;dbname=epay_3ii_cn;charset=utf8
[ sql ] [ SQL ] SHOW COLUMNS FROM `box_config` [ RunTime:0.000736s ]
[ sql ] [ SQL ] SELECT `value` FROM `box_config` WHERE  `code` = 'admin_login_path' LIMIT 1 [ RunTime:0.000291s ]
[ sql ] [ SQL ] SHOW COLUMNS FROM `box_user` [ RunTime:0.000913s ]
[ sql ] [ SQL ] SELECT `id`,`lastheart`,`email`,`mid`,`jkstate` FROM `box_user` WHERE  `jkstate` = '1' [ RunTime:0.000219s ]
[ sql ] [ SQL ] SHOW COLUMNS FROM `box_pay_order` [ RunTime:0.000618s ]
[ sql ] [ SQL ] SELECT * FROM `box_pay_order` WHERE  `state` = 0 [ RunTime:0.000259s ]
[ sql ] [ SQL ] SHOW COLUMNS FROM `box_tmp_price` [ RunTime:0.000550s ]
[ sql ] [ SQL ] SELECT * FROM `box_tmp_price` [ RunTime:0.000162s ]
[ sql ] [ SQL ] SELECT * FROM `box_pay_order` WHERE  `order_id` = '201909111709462538' LIMIT 1 [ RunTime:0.000239s ]
[ sql ] [ SQL ] SELECT * FROM `box_pay_order` WHERE  `order_id` = '201909141309224441' LIMIT 1 [ RunTime:0.000261s ]
[ sql ] [ SQL ] SHOW COLUMNS FROM `box_pay` [ RunTime:0.000606s ]
[ sql ] [ SQL ] SELECT `id`,`ctime`,`status` FROM `box_pay` WHERE  `status` = 1 [ RunTime:0.000200s ]
[ sql ] [ SQL ] SELECT `apikey` FROM `box_user` WHERE  `mid` IS NULL LIMIT 1 [ RunTime:0.000210s ]
