---------------------------------------------------------------
[ 2019-09-29T06:56:43+08:00 ] 141.8.142.8 GET api.3ii.cn/
[运行时间：0.140393s] [吞吐率：7.12req/s] [内存消耗：2,374.56kb] [文件加载：42]
[ info ] [ LANG ] /www/wwwroot/epay.3ii.cn/thinkphp/lang/zh-cn.php
[ info ] [ DB ] INIT mysql
[ info ] [ ROUTE ] array (
  'type' => 'module',
  'module' => 
  array (
    0 => 'api',
    1 => 'Server',
    2 => 'index',
  ),
  'convert' => false,
)
[ info ] [ HEADER ] array (
  'accept' => '*/*',
  'accept-language' => 'ru, uk;q=0.8, be;q=0.8, en;q=0.7, *;q=0.01',
  'accept-encoding' => 'gzip,deflate',
  'from' => 'support@search.yandex.ru',
  'user-agent' => 'Mozilla/5.0 (iPhone; CPU iPhone OS 8_1 like Mac OS X) AppleWebKit/600.1.4 (KHTML, like Gecko) Version/8.0 Mobile/12B411 Safari/600.1.4 (compatible; YandexMobileBot/3.0; +http://yandex.com/bots)',
  'connection' => 'Keep-Alive',
  'host' => 'api.3ii.cn',
  'content-type' => '',
  'content-length' => '',
)
[ info ] [ PARAM ] array (
)
[ info ] [ RUN ] app\api\controller\Server->index[ /www/wwwroot/epay.3ii.cn/application/api/controller/Server.php ]
[ info ] [ LOG ] INIT File
---------------------------------------------------------------
[ 2019-09-29T10:50:12+08:00 ] 27.157.76.160 POST ccpay.3ii.cn/iccpaysys
[运行时间：0.057988s] [吞吐率：17.24req/s] [内存消耗：2,460.36kb] [文件加载：45]
[ info ] [ LANG ] /www/wwwroot/epay.3ii.cn/thinkphp/lang/zh-cn.php
[ info ] [ DB ] INIT mysql
[ info ] [ ROUTE ] array (
  'type' => 'module',
  'module' => 
  array (
    0 => 'admin',
    1 => 'login',
    2 => 'login',
  ),
  'convert' => false,
)
[ info ] [ HEADER ] array (
  'cookie' => 'UM_distinctid=16cfb504f454c2-0ab1198188e468-38607501-1fa400-16cfb504f46ecb; PHPSESSID=uanulhn7fi9i3fjngpe1ov2vit; Hm_lvt_080836300300be57b7f34f4b3e97d911=1568044191,1568130022; Hm_lpvt_080836300300be57b7f34f4b3e97d911=1568783154',
  'accept-language' => 'zh-CN,zh;q=0.9,en;q=0.8',
  'accept-encoding' => 'gzip, deflate',
  'referer' => 'http://ccpay.3ii.cn/iccpaysys',
  'content-type' => 'application/x-www-form-urlencoded; charset=UTF-8',
  'dnt' => '1',
  'user-agent' => 'Mozilla/5.0 (Macintosh; Intel Mac OS X 10_14_6) AppleWebKit/537.36 (KHTML, like Gecko) Chrome/76.0.3809.132 Safari/537.36',
  'x-requested-with' => 'XMLHttpRequest',
  'origin' => 'http://ccpay.3ii.cn',
  'accept' => '*/*',
  'content-length' => '46',
  'connection' => 'keep-alive',
  'host' => 'ccpay.3ii.cn',
)
[ info ] [ PARAM ] array (
  'pwd' => '~!@hhle802310.',
  'name' => 'ichuxin',
  'captcha' => 'd6uj',
)
[ info ] [ RUN ] app\admin\controller\Login->login[ /www/wwwroot/epay.3ii.cn/application/admin/controller/Login.php ]
[ info ] [ SESSION ] INIT array (
  'id' => '',
  'var_session_id' => '',
  'prefix' => 'ccpay',
  'type' => 'memcache',
  'auto_start' => true,
)
[ info ] [ LOG ] INIT File
---------------------------------------------------------------
[ 2019-09-29T10:50:12+08:00 ] 27.157.76.160 GET ccpay.3ii.cn/captcha?id=1569725412
[运行时间：0.062435s] [吞吐率：16.02req/s] [内存消耗：2,149.84kb] [文件加载：40]
[ info ] [ LANG ] /www/wwwroot/epay.3ii.cn/thinkphp/lang/zh-cn.php
[ info ] [ DB ] INIT mysql
[ info ] [ ROUTE ] array (
  'type' => 'method',
  'method' => 
  array (
    0 => '\\think\\captcha\\CaptchaController',
    1 => 'index',
  ),
  'var' => 
  array (
  ),
)
[ info ] [ HEADER ] array (
  'cookie' => 'UM_distinctid=16cfb504f454c2-0ab1198188e468-38607501-1fa400-16cfb504f46ecb; PHPSESSID=uanulhn7fi9i3fjngpe1ov2vit; Hm_lvt_080836300300be57b7f34f4b3e97d911=1568044191,1568130022; Hm_lpvt_080836300300be57b7f34f4b3e97d911=1568783154',
  'accept-language' => 'zh-CN,zh;q=0.9,en;q=0.8',
  'accept-encoding' => 'gzip, deflate',
  'referer' => 'http://ccpay.3ii.cn/iccpaysys',
  'accept' => 'image/webp,image/apng,image/*,*/*;q=0.8',
  'dnt' => '1',
  'user-agent' => 'Mozilla/5.0 (Macintosh; Intel Mac OS X 10_14_6) AppleWebKit/537.36 (KHTML, like Gecko) Chrome/76.0.3809.132 Safari/537.36',
  'connection' => 'keep-alive',
  'host' => 'ccpay.3ii.cn',
  'content-type' => '',
  'content-length' => '',
)
[ info ] [ PARAM ] array (
  'id' => NULL,
)
[ info ] [ RUN ] think\captcha\CaptchaController->index[ /www/wwwroot/epay.3ii.cn/vendor/topthink/think-captcha/src/CaptchaController.php ]
[ info ] [ SESSION ] INIT array (
  'id' => '',
  'var_session_id' => '',
  'prefix' => 'ccpay',
  'type' => 'memcache',
  'auto_start' => true,
)
[ info ] [ LOG ] INIT File
---------------------------------------------------------------
[ 2019-09-29T10:50:16+08:00 ] 27.157.76.160 POST ccpay.3ii.cn/iccpaysys
[运行时间：0.098994s] [吞吐率：10.10req/s] [内存消耗：2,510.48kb] [文件加载：49]
[ info ] [ LANG ] /www/wwwroot/epay.3ii.cn/thinkphp/lang/zh-cn.php
[ info ] [ DB ] INIT mysql
[ info ] [ ROUTE ] array (
  'type' => 'module',
  'module' => 
  array (
    0 => 'admin',
    1 => 'login',
    2 => 'login',
  ),
  'convert' => false,
)
[ info ] [ HEADER ] array (
  'cookie' => 'UM_distinctid=16cfb504f454c2-0ab1198188e468-38607501-1fa400-16cfb504f46ecb; PHPSESSID=uanulhn7fi9i3fjngpe1ov2vit; Hm_lvt_080836300300be57b7f34f4b3e97d911=1568044191,1568130022; Hm_lpvt_080836300300be57b7f34f4b3e97d911=1568783154',
  'accept-language' => 'zh-CN,zh;q=0.9,en;q=0.8',
  'accept-encoding' => 'gzip, deflate',
  'referer' => 'http://ccpay.3ii.cn/iccpaysys',
  'content-type' => 'application/x-www-form-urlencoded; charset=UTF-8',
  'dnt' => '1',
  'user-agent' => 'Mozilla/5.0 (Macintosh; Intel Mac OS X 10_14_6) AppleWebKit/537.36 (KHTML, like Gecko) Chrome/76.0.3809.132 Safari/537.36',
  'x-requested-with' => 'XMLHttpRequest',
  'origin' => 'http://ccpay.3ii.cn',
  'accept' => '*/*',
  'content-length' => '46',
  'connection' => 'keep-alive',
  'host' => 'ccpay.3ii.cn',
)
[ info ] [ PARAM ] array (
  'pwd' => '~!@hhle802310.',
  'name' => 'ichuxin',
  'captcha' => 'w6sa',
)
[ info ] [ RUN ] app\admin\controller\Login->login[ /www/wwwroot/epay.3ii.cn/application/admin/controller/Login.php ]
[ info ] [ SESSION ] INIT array (
  'id' => '',
  'var_session_id' => '',
  'prefix' => 'ccpay',
  'type' => 'memcache',
  'auto_start' => true,
)
[ info ] [ CACHE ] INIT File
[ info ] [ LOG ] INIT File
---------------------------------------------------------------
[ 2019-09-29T10:50:19+08:00 ] 27.157.76.160 GET ccpay.3ii.cn/admin
[运行时间：0.127586s] [吞吐率：7.84req/s] [内存消耗：2,856.03kb] [文件加载：51]
[ info ] [ LANG ] /www/wwwroot/epay.3ii.cn/thinkphp/lang/zh-cn.php
[ info ] [ DB ] INIT mysql
[ info ] [ ROUTE ] array (
  'type' => 'module',
  'module' => 
  array (
    0 => 'admin',
    1 => 'index',
    2 => 'index',
  ),
  'convert' => false,
)
[ info ] [ HEADER ] array (
  'cookie' => 'UM_distinctid=16cfb504f454c2-0ab1198188e468-38607501-1fa400-16cfb504f46ecb; PHPSESSID=uanulhn7fi9i3fjngpe1ov2vit; Hm_lvt_080836300300be57b7f34f4b3e97d911=1568044191,1568130022; Hm_lpvt_080836300300be57b7f34f4b3e97d911=1568783154',
  'accept-language' => 'zh-CN,zh;q=0.9,en;q=0.8',
  'accept-encoding' => 'gzip, deflate',
  'referer' => 'http://ccpay.3ii.cn/iccpaysys',
  'accept' => 'text/html,application/xhtml+xml,application/xml;q=0.9,image/webp,image/apng,*/*;q=0.8,application/signed-exchange;v=b3',
  'user-agent' => 'Mozilla/5.0 (Macintosh; Intel Mac OS X 10_14_6) AppleWebKit/537.36 (KHTML, like Gecko) Chrome/76.0.3809.132 Safari/537.36',
  'dnt' => '1',
  'upgrade-insecure-requests' => '1',
  'connection' => 'keep-alive',
  'host' => 'ccpay.3ii.cn',
  'content-type' => '',
  'content-length' => '',
)
[ info ] [ PARAM ] array (
)
[ info ] [ SESSION ] INIT array (
  'id' => '',
  'var_session_id' => '',
  'prefix' => 'ccpay',
  'type' => 'memcache',
  'auto_start' => true,
)
[ info ] [ RUN ] app\admin\controller\Index->index[ /www/wwwroot/epay.3ii.cn/application/admin/controller/Index.php ]
[ info ] [ VIEW ] /www/wwwroot/epay.3ii.cn/public/../application/admin/view/index/index.html [ array (
  0 => 'menuInfo',
  1 => 'admin',
  2 => 'role',
  3 => 'adminInfo',
) ]
[ info ] [ LOG ] INIT File
---------------------------------------------------------------
[ 2019-09-29T10:50:20+08:00 ] 61.154.77.218 GET ccpay.3ii.cn/admin/index/welcome
[运行时间：0.104315s] [吞吐率：9.59req/s] [内存消耗：2,842.05kb] [文件加载：54]
[ info ] [ LANG ] /www/wwwroot/epay.3ii.cn/thinkphp/lang/zh-cn.php
[ info ] [ DB ] INIT mysql
[ info ] [ ROUTE ] array (
  'type' => 'module',
  'module' => 
  array (
    0 => 'admin',
    1 => 'index',
    2 => 'welcome',
  ),
)
[ info ] [ HEADER ] array (
  'cookie' => 'UM_distinctid=16cfb504f454c2-0ab1198188e468-38607501-1fa400-16cfb504f46ecb; PHPSESSID=uanulhn7fi9i3fjngpe1ov2vit; Hm_lvt_080836300300be57b7f34f4b3e97d911=1568044191,1568130022; Hm_lpvt_080836300300be57b7f34f4b3e97d911=1568783154',
  'accept-language' => 'zh-CN,zh;q=0.9,en;q=0.8',
  'accept-encoding' => 'gzip, deflate',
  'referer' => 'http://ccpay.3ii.cn/admin',
  'accept' => 'text/html,application/xhtml+xml,application/xml;q=0.9,image/webp,image/apng,*/*;q=0.8,application/signed-exchange;v=b3',
  'user-agent' => 'Mozilla/5.0 (Macintosh; Intel Mac OS X 10_14_6) AppleWebKit/537.36 (KHTML, like Gecko) Chrome/76.0.3809.132 Safari/537.36',
  'dnt' => '1',
  'upgrade-insecure-requests' => '1',
  'connection' => 'keep-alive',
  'host' => 'ccpay.3ii.cn',
  'content-type' => '',
  'content-length' => '',
)
[ info ] [ PARAM ] array (
)
[ info ] [ SESSION ] INIT array (
  'id' => '',
  'var_session_id' => '',
  'prefix' => 'ccpay',
  'type' => 'memcache',
  'auto_start' => true,
)
[ info ] [ RUN ] app\admin\controller\Index->welcome[ /www/wwwroot/epay.3ii.cn/application/admin/controller/Index.php ]
[ info ] [ LOG ] INIT File
---------------------------------------------------------------
[ 2019-09-29T10:50:22+08:00 ] 27.157.76.160 GET ccpay.3ii.cn/admin/users/index
[运行时间：0.050699s] [吞吐率：19.72req/s] [内存消耗：2,875.13kb] [文件加载：51]
[ info ] [ LANG ] /www/wwwroot/epay.3ii.cn/thinkphp/lang/zh-cn.php
[ info ] [ DB ] INIT mysql
[ info ] [ ROUTE ] array (
  'type' => 'module',
  'module' => 
  array (
    0 => 'admin',
    1 => 'users',
    2 => 'index',
  ),
)
[ info ] [ HEADER ] array (
  'cookie' => 'UM_distinctid=16cfb504f454c2-0ab1198188e468-38607501-1fa400-16cfb504f46ecb; PHPSESSID=uanulhn7fi9i3fjngpe1ov2vit; Hm_lvt_080836300300be57b7f34f4b3e97d911=1568044191,1568130022; Hm_lpvt_080836300300be57b7f34f4b3e97d911=1569725421',
  'accept-language' => 'zh-CN,zh;q=0.9,en;q=0.8',
  'accept-encoding' => 'gzip, deflate',
  'referer' => 'http://ccpay.3ii.cn/admin',
  'accept' => 'text/html,application/xhtml+xml,application/xml;q=0.9,image/webp,image/apng,*/*;q=0.8,application/signed-exchange;v=b3',
  'user-agent' => 'Mozilla/5.0 (Macintosh; Intel Mac OS X 10_14_6) AppleWebKit/537.36 (KHTML, like Gecko) Chrome/76.0.3809.132 Safari/537.36',
  'dnt' => '1',
  'upgrade-insecure-requests' => '1',
  'connection' => 'keep-alive',
  'host' => 'ccpay.3ii.cn',
  'content-type' => '',
  'content-length' => '',
)
[ info ] [ PARAM ] array (
)
[ info ] [ SESSION ] INIT array (
  'id' => '',
  'var_session_id' => '',
  'prefix' => 'ccpay',
  'type' => 'memcache',
  'auto_start' => true,
)
[ info ] [ RUN ] app\admin\controller\Users->index[ /www/wwwroot/epay.3ii.cn/application/admin/controller/Users.php ]
[ info ] [ VIEW ] /www/wwwroot/epay.3ii.cn/public/../application/admin/view/users/user-list.html [ array (
  0 => 'menuInfo',
  1 => 'admin',
  2 => 'role',
  3 => 'adminInfo',
) ]
[ info ] [ LOG ] INIT File
---------------------------------------------------------------
[ 2019-09-29T10:50:23+08:00 ] 27.157.76.160 POST ccpay.3ii.cn/admin/users/index
[运行时间：0.076013s] [吞吐率：13.16req/s] [内存消耗：2,966.34kb] [文件加载：55]
[ info ] [ LANG ] /www/wwwroot/epay.3ii.cn/thinkphp/lang/zh-cn.php
[ info ] [ DB ] INIT mysql
[ info ] [ ROUTE ] array (
  'type' => 'module',
  'module' => 
  array (
    0 => 'admin',
    1 => 'users',
    2 => 'index',
  ),
)
[ info ] [ HEADER ] array (
  'cookie' => 'UM_distinctid=16cfb504f454c2-0ab1198188e468-38607501-1fa400-16cfb504f46ecb; PHPSESSID=uanulhn7fi9i3fjngpe1ov2vit; Hm_lvt_080836300300be57b7f34f4b3e97d911=1568044191,1568130022; Hm_lpvt_080836300300be57b7f34f4b3e97d911=1569725421',
  'accept-language' => 'zh-CN,zh;q=0.9,en;q=0.8',
  'accept-encoding' => 'gzip, deflate',
  'referer' => 'http://ccpay.3ii.cn/admin/users/index',
  'content-type' => 'application/x-www-form-urlencoded; charset=UTF-8',
  'dnt' => '1',
  'user-agent' => 'Mozilla/5.0 (Macintosh; Intel Mac OS X 10_14_6) AppleWebKit/537.36 (KHTML, like Gecko) Chrome/76.0.3809.132 Safari/537.36',
  'x-requested-with' => 'XMLHttpRequest',
  'origin' => 'http://ccpay.3ii.cn',
  'accept' => 'application/json, text/javascript, */*; q=0.01',
  'content-length' => '15',
  'connection' => 'keep-alive',
  'host' => 'ccpay.3ii.cn',
)
[ info ] [ PARAM ] array (
  'page' => '1',
  'limit' => '90',
)
[ info ] [ SESSION ] INIT array (
  'id' => '',
  'var_session_id' => '',
  'prefix' => 'ccpay',
  'type' => 'memcache',
  'auto_start' => true,
)
[ info ] [ RUN ] app\admin\controller\Users->index[ /www/wwwroot/epay.3ii.cn/application/admin/controller/Users.php ]
[ info ] [ LOG ] INIT File
---------------------------------------------------------------
[ 2019-09-29T10:50:31+08:00 ] 61.154.77.218 GET ccpay.3ii.cn/admin/orders/index
[运行时间：0.070250s] [吞吐率：14.23req/s] [内存消耗：2,868.71kb] [文件加载：51]
[ info ] [ LANG ] /www/wwwroot/epay.3ii.cn/thinkphp/lang/zh-cn.php
[ info ] [ DB ] INIT mysql
[ info ] [ ROUTE ] array (
  'type' => 'module',
  'module' => 
  array (
    0 => 'admin',
    1 => 'orders',
    2 => 'index',
  ),
)
[ info ] [ HEADER ] array (
  'cookie' => 'UM_distinctid=16cfb504f454c2-0ab1198188e468-38607501-1fa400-16cfb504f46ecb; PHPSESSID=uanulhn7fi9i3fjngpe1ov2vit; Hm_lvt_080836300300be57b7f34f4b3e97d911=1568044191,1568130022; Hm_lpvt_080836300300be57b7f34f4b3e97d911=1569725421',
  'accept-language' => 'zh-CN,zh;q=0.9,en;q=0.8',
  'accept-encoding' => 'gzip, deflate',
  'referer' => 'http://ccpay.3ii.cn/admin',
  'accept' => 'text/html,application/xhtml+xml,application/xml;q=0.9,image/webp,image/apng,*/*;q=0.8,application/signed-exchange;v=b3',
  'user-agent' => 'Mozilla/5.0 (Macintosh; Intel Mac OS X 10_14_6) AppleWebKit/537.36 (KHTML, like Gecko) Chrome/76.0.3809.132 Safari/537.36',
  'dnt' => '1',
  'upgrade-insecure-requests' => '1',
  'connection' => 'keep-alive',
  'host' => 'ccpay.3ii.cn',
  'content-type' => '',
  'content-length' => '',
)
[ info ] [ PARAM ] array (
)
[ info ] [ SESSION ] INIT array (
  'id' => '',
  'var_session_id' => '',
  'prefix' => 'ccpay',
  'type' => 'memcache',
  'auto_start' => true,
)
[ info ] [ RUN ] app\admin\controller\Orders->index[ /www/wwwroot/epay.3ii.cn/application/admin/controller/Orders.php ]
[ info ] [ VIEW ] /www/wwwroot/epay.3ii.cn/public/../application/admin/view/orders/order-list.html [ array (
  0 => 'menuInfo',
  1 => 'admin',
  2 => 'role',
  3 => 'adminInfo',
) ]
[ info ] [ LOG ] INIT File
---------------------------------------------------------------
[ 2019-09-29T10:50:31+08:00 ] 61.154.77.218 POST ccpay.3ii.cn/admin/orders/index
[运行时间：0.051863s] [吞吐率：19.28req/s] [内存消耗：2,994.34kb] [文件加载：55]
[ info ] [ LANG ] /www/wwwroot/epay.3ii.cn/thinkphp/lang/zh-cn.php
[ info ] [ DB ] INIT mysql
[ info ] [ ROUTE ] array (
  'type' => 'module',
  'module' => 
  array (
    0 => 'admin',
    1 => 'orders',
    2 => 'index',
  ),
)
[ info ] [ HEADER ] array (
  'cookie' => 'UM_distinctid=16cfb504f454c2-0ab1198188e468-38607501-1fa400-16cfb504f46ecb; PHPSESSID=uanulhn7fi9i3fjngpe1ov2vit; Hm_lvt_080836300300be57b7f34f4b3e97d911=1568044191,1568130022; Hm_lpvt_080836300300be57b7f34f4b3e97d911=1569725421',
  'accept-language' => 'zh-CN,zh;q=0.9,en;q=0.8',
  'accept-encoding' => 'gzip, deflate',
  'referer' => 'http://ccpay.3ii.cn/admin/orders/index',
  'content-type' => 'application/x-www-form-urlencoded; charset=UTF-8',
  'dnt' => '1',
  'user-agent' => 'Mozilla/5.0 (Macintosh; Intel Mac OS X 10_14_6) AppleWebKit/537.36 (KHTML, like Gecko) Chrome/76.0.3809.132 Safari/537.36',
  'x-requested-with' => 'XMLHttpRequest',
  'origin' => 'http://ccpay.3ii.cn',
  'accept' => 'application/json, text/javascript, */*; q=0.01',
  'content-length' => '15',
  'connection' => 'keep-alive',
  'host' => 'ccpay.3ii.cn',
)
[ info ] [ PARAM ] array (
  'page' => '1',
  'limit' => '90',
)
[ info ] [ SESSION ] INIT array (
  'id' => '',
  'var_session_id' => '',
  'prefix' => 'ccpay',
  'type' => 'memcache',
  'auto_start' => true,
)
[ info ] [ RUN ] app\admin\controller\Orders->index[ /www/wwwroot/epay.3ii.cn/application/admin/controller/Orders.php ]
[ info ] [ LOG ] INIT File
---------------------------------------------------------------
[ 2019-09-29T10:50:35+08:00 ] 61.154.77.218 GET ccpay.3ii.cn/admin/echarts/user
[运行时间：0.049753s] [吞吐率：20.10req/s] [内存消耗：2,808.30kb] [文件加载：54]
[ info ] [ LANG ] /www/wwwroot/epay.3ii.cn/thinkphp/lang/zh-cn.php
[ info ] [ DB ] INIT mysql
[ info ] [ ROUTE ] array (
  'type' => 'module',
  'module' => 
  array (
    0 => 'admin',
    1 => 'echarts',
    2 => 'user',
  ),
)
[ info ] [ HEADER ] array (
  'cookie' => 'UM_distinctid=16cfb504f454c2-0ab1198188e468-38607501-1fa400-16cfb504f46ecb; PHPSESSID=uanulhn7fi9i3fjngpe1ov2vit; Hm_lvt_080836300300be57b7f34f4b3e97d911=1568044191,1568130022; Hm_lpvt_080836300300be57b7f34f4b3e97d911=1569725421',
  'accept-language' => 'zh-CN,zh;q=0.9,en;q=0.8',
  'accept-encoding' => 'gzip, deflate',
  'referer' => 'http://ccpay.3ii.cn/admin',
  'accept' => 'text/html,application/xhtml+xml,application/xml;q=0.9,image/webp,image/apng,*/*;q=0.8,application/signed-exchange;v=b3',
  'user-agent' => 'Mozilla/5.0 (Macintosh; Intel Mac OS X 10_14_6) AppleWebKit/537.36 (KHTML, like Gecko) Chrome/76.0.3809.132 Safari/537.36',
  'dnt' => '1',
  'upgrade-insecure-requests' => '1',
  'connection' => 'keep-alive',
  'host' => 'ccpay.3ii.cn',
  'content-type' => '',
  'content-length' => '',
)
[ info ] [ PARAM ] array (
)
[ info ] [ SESSION ] INIT array (
  'id' => '',
  'var_session_id' => '',
  'prefix' => 'ccpay',
  'type' => 'memcache',
  'auto_start' => true,
)
[ info ] [ RUN ] app\admin\controller\Echarts->user[ /www/wwwroot/epay.3ii.cn/application/admin/controller/Echarts.php ]
[ info ] [ LOG ] INIT File
---------------------------------------------------------------
[ 2019-09-29T10:50:37+08:00 ] 61.154.77.218 GET ccpay.3ii.cn/admin/manage/ad
[运行时间：0.090396s] [吞吐率：11.06req/s] [内存消耗：2,863.77kb] [文件加载：51]
[ info ] [ LANG ] /www/wwwroot/epay.3ii.cn/thinkphp/lang/zh-cn.php
[ info ] [ DB ] INIT mysql
[ info ] [ ROUTE ] array (
  'type' => 'module',
  'module' => 
  array (
    0 => 'admin',
    1 => 'manage',
    2 => 'ad',
  ),
)
[ info ] [ HEADER ] array (
  'cookie' => 'UM_distinctid=16cfb504f454c2-0ab1198188e468-38607501-1fa400-16cfb504f46ecb; PHPSESSID=uanulhn7fi9i3fjngpe1ov2vit; Hm_lvt_080836300300be57b7f34f4b3e97d911=1568044191,1568130022; Hm_lpvt_080836300300be57b7f34f4b3e97d911=1569725421',
  'accept-language' => 'zh-CN,zh;q=0.9,en;q=0.8',
  'accept-encoding' => 'gzip, deflate',
  'referer' => 'http://ccpay.3ii.cn/admin',
  'accept' => 'text/html,application/xhtml+xml,application/xml;q=0.9,image/webp,image/apng,*/*;q=0.8,application/signed-exchange;v=b3',
  'user-agent' => 'Mozilla/5.0 (Macintosh; Intel Mac OS X 10_14_6) AppleWebKit/537.36 (KHTML, like Gecko) Chrome/76.0.3809.132 Safari/537.36',
  'dnt' => '1',
  'upgrade-insecure-requests' => '1',
  'connection' => 'keep-alive',
  'host' => 'ccpay.3ii.cn',
  'content-type' => '',
  'content-length' => '',
)
[ info ] [ PARAM ] array (
)
[ info ] [ SESSION ] INIT array (
  'id' => '',
  'var_session_id' => '',
  'prefix' => 'ccpay',
  'type' => 'memcache',
  'auto_start' => true,
)
[ info ] [ RUN ] app\admin\controller\Manage->ad[ /www/wwwroot/epay.3ii.cn/application/admin/controller/Manage.php ]
[ info ] [ VIEW ] /www/wwwroot/epay.3ii.cn/public/../application/admin/view/manage/ad-list.html [ array (
  0 => 'menuInfo',
  1 => 'admin',
  2 => 'role',
  3 => 'adminInfo',
) ]
[ info ] [ LOG ] INIT File
---------------------------------------------------------------
[ 2019-09-29T10:50:37+08:00 ] 61.154.77.218 POST ccpay.3ii.cn/admin/manage/ad
[运行时间：0.043740s] [吞吐率：22.86req/s] [内存消耗：2,945.08kb] [文件加载：55]
[ info ] [ LANG ] /www/wwwroot/epay.3ii.cn/thinkphp/lang/zh-cn.php
[ info ] [ DB ] INIT mysql
[ info ] [ ROUTE ] array (
  'type' => 'module',
  'module' => 
  array (
    0 => 'admin',
    1 => 'manage',
    2 => 'ad',
  ),
)
[ info ] [ HEADER ] array (
  'cookie' => 'UM_distinctid=16cfb504f454c2-0ab1198188e468-38607501-1fa400-16cfb504f46ecb; PHPSESSID=uanulhn7fi9i3fjngpe1ov2vit; Hm_lvt_080836300300be57b7f34f4b3e97d911=1568044191,1568130022; Hm_lpvt_080836300300be57b7f34f4b3e97d911=1569725421',
  'accept-language' => 'zh-CN,zh;q=0.9,en;q=0.8',
  'accept-encoding' => 'gzip, deflate',
  'referer' => 'http://ccpay.3ii.cn/admin/manage/ad',
  'content-type' => 'application/x-www-form-urlencoded; charset=UTF-8',
  'dnt' => '1',
  'user-agent' => 'Mozilla/5.0 (Macintosh; Intel Mac OS X 10_14_6) AppleWebKit/537.36 (KHTML, like Gecko) Chrome/76.0.3809.132 Safari/537.36',
  'x-requested-with' => 'XMLHttpRequest',
  'origin' => 'http://ccpay.3ii.cn',
  'accept' => 'application/json, text/javascript, */*; q=0.01',
  'content-length' => '15',
  'connection' => 'keep-alive',
  'host' => 'ccpay.3ii.cn',
)
[ info ] [ PARAM ] array (
  'page' => '1',
  'limit' => '10',
)
[ info ] [ SESSION ] INIT array (
  'id' => '',
  'var_session_id' => '',
  'prefix' => 'ccpay',
  'type' => 'memcache',
  'auto_start' => true,
)
[ info ] [ RUN ] app\admin\controller\Manage->ad[ /www/wwwroot/epay.3ii.cn/application/admin/controller/Manage.php ]
[ info ] [ LOG ] INIT File
---------------------------------------------------------------
[ 2019-09-29T10:50:37+08:00 ] 61.154.77.218 GET ccpay.3ii.cn/admin/manage/message
[运行时间：0.069291s] [吞吐率：14.43req/s] [内存消耗：2,862.98kb] [文件加载：51]
[ info ] [ LANG ] /www/wwwroot/epay.3ii.cn/thinkphp/lang/zh-cn.php
[ info ] [ DB ] INIT mysql
[ info ] [ ROUTE ] array (
  'type' => 'module',
  'module' => 
  array (
    0 => 'admin',
    1 => 'manage',
    2 => 'message',
  ),
)
[ info ] [ HEADER ] array (
  'cookie' => 'UM_distinctid=16cfb504f454c2-0ab1198188e468-38607501-1fa400-16cfb504f46ecb; PHPSESSID=uanulhn7fi9i3fjngpe1ov2vit; Hm_lvt_080836300300be57b7f34f4b3e97d911=1568044191,1568130022; Hm_lpvt_080836300300be57b7f34f4b3e97d911=1569725421',
  'accept-language' => 'zh-CN,zh;q=0.9,en;q=0.8',
  'accept-encoding' => 'gzip, deflate',
  'referer' => 'http://ccpay.3ii.cn/admin',
  'accept' => 'text/html,application/xhtml+xml,application/xml;q=0.9,image/webp,image/apng,*/*;q=0.8,application/signed-exchange;v=b3',
  'user-agent' => 'Mozilla/5.0 (Macintosh; Intel Mac OS X 10_14_6) AppleWebKit/537.36 (KHTML, like Gecko) Chrome/76.0.3809.132 Safari/537.36',
  'dnt' => '1',
  'upgrade-insecure-requests' => '1',
  'connection' => 'keep-alive',
  'host' => 'ccpay.3ii.cn',
  'content-type' => '',
  'content-length' => '',
)
[ info ] [ PARAM ] array (
)
[ info ] [ SESSION ] INIT array (
  'id' => '',
  'var_session_id' => '',
  'prefix' => 'ccpay',
  'type' => 'memcache',
  'auto_start' => true,
)
[ info ] [ RUN ] app\admin\controller\Manage->message[ /www/wwwroot/epay.3ii.cn/application/admin/controller/Manage.php ]
[ info ] [ VIEW ] /www/wwwroot/epay.3ii.cn/public/../application/admin/view/manage/message-list.html [ array (
  0 => 'menuInfo',
  1 => 'admin',
  2 => 'role',
  3 => 'adminInfo',
) ]
[ info ] [ LOG ] INIT File
---------------------------------------------------------------
[ 2019-09-29T10:50:38+08:00 ] 61.154.77.218 POST ccpay.3ii.cn/admin/manage/message
[运行时间：0.095501s] [吞吐率：10.47req/s] [内存消耗：2,946.08kb] [文件加载：55]
[ info ] [ LANG ] /www/wwwroot/epay.3ii.cn/thinkphp/lang/zh-cn.php
[ info ] [ DB ] INIT mysql
[ info ] [ ROUTE ] array (
  'type' => 'module',
  'module' => 
  array (
    0 => 'admin',
    1 => 'manage',
    2 => 'message',
  ),
)
[ info ] [ HEADER ] array (
  'cookie' => 'UM_distinctid=16cfb504f454c2-0ab1198188e468-38607501-1fa400-16cfb504f46ecb; PHPSESSID=uanulhn7fi9i3fjngpe1ov2vit; Hm_lvt_080836300300be57b7f34f4b3e97d911=1568044191,1568130022; Hm_lpvt_080836300300be57b7f34f4b3e97d911=1569725421',
  'accept-language' => 'zh-CN,zh;q=0.9,en;q=0.8',
  'accept-encoding' => 'gzip, deflate',
  'referer' => 'http://ccpay.3ii.cn/admin/manage/message',
  'content-type' => 'application/x-www-form-urlencoded; charset=UTF-8',
  'dnt' => '1',
  'user-agent' => 'Mozilla/5.0 (Macintosh; Intel Mac OS X 10_14_6) AppleWebKit/537.36 (KHTML, like Gecko) Chrome/76.0.3809.132 Safari/537.36',
  'x-requested-with' => 'XMLHttpRequest',
  'origin' => 'http://ccpay.3ii.cn',
  'accept' => 'application/json, text/javascript, */*; q=0.01',
  'content-length' => '15',
  'connection' => 'keep-alive',
  'host' => 'ccpay.3ii.cn',
)
[ info ] [ PARAM ] array (
  'page' => '1',
  'limit' => '10',
)
[ info ] [ SESSION ] INIT array (
  'id' => '',
  'var_session_id' => '',
  'prefix' => 'ccpay',
  'type' => 'memcache',
  'auto_start' => true,
)
[ info ] [ RUN ] app\admin\controller\Manage->message[ /www/wwwroot/epay.3ii.cn/application/admin/controller/Manage.php ]
[ info ] [ LOG ] INIT File
---------------------------------------------------------------
[ 2019-09-29T10:50:38+08:00 ] 61.154.77.218 GET ccpay.3ii.cn/admin/manage/emaillog
[运行时间：0.090634s] [吞吐率：11.03req/s] [内存消耗：2,860.34kb] [文件加载：51]
[ info ] [ LANG ] /www/wwwroot/epay.3ii.cn/thinkphp/lang/zh-cn.php
[ info ] [ DB ] INIT mysql
[ info ] [ ROUTE ] array (
  'type' => 'module',
  'module' => 
  array (
    0 => 'admin',
    1 => 'manage',
    2 => 'emaillog',
  ),
)
[ info ] [ HEADER ] array (
  'cookie' => 'UM_distinctid=16cfb504f454c2-0ab1198188e468-38607501-1fa400-16cfb504f46ecb; PHPSESSID=uanulhn7fi9i3fjngpe1ov2vit; Hm_lvt_080836300300be57b7f34f4b3e97d911=1568044191,1568130022; Hm_lpvt_080836300300be57b7f34f4b3e97d911=1569725421',
  'accept-language' => 'zh-CN,zh;q=0.9,en;q=0.8',
  'accept-encoding' => 'gzip, deflate',
  'referer' => 'http://ccpay.3ii.cn/admin',
  'accept' => 'text/html,application/xhtml+xml,application/xml;q=0.9,image/webp,image/apng,*/*;q=0.8,application/signed-exchange;v=b3',
  'user-agent' => 'Mozilla/5.0 (Macintosh; Intel Mac OS X 10_14_6) AppleWebKit/537.36 (KHTML, like Gecko) Chrome/76.0.3809.132 Safari/537.36',
  'dnt' => '1',
  'upgrade-insecure-requests' => '1',
  'connection' => 'keep-alive',
  'host' => 'ccpay.3ii.cn',
  'content-type' => '',
  'content-length' => '',
)
[ info ] [ PARAM ] array (
)
[ info ] [ SESSION ] INIT array (
  'id' => '',
  'var_session_id' => '',
  'prefix' => 'ccpay',
  'type' => 'memcache',
  'auto_start' => true,
)
[ info ] [ RUN ] app\admin\controller\Manage->emaillog[ /www/wwwroot/epay.3ii.cn/application/admin/controller/Manage.php ]
[ info ] [ VIEW ] /www/wwwroot/epay.3ii.cn/public/../application/admin/view/manage/email-log.html [ array (
  0 => 'menuInfo',
  1 => 'admin',
  2 => 'role',
  3 => 'adminInfo',
) ]
[ info ] [ LOG ] INIT File
---------------------------------------------------------------
[ 2019-09-29T10:50:39+08:00 ] 61.154.77.218 POST ccpay.3ii.cn/admin/manage/emaillog
[运行时间：0.042299s] [吞吐率：23.64req/s] [内存消耗：2,932.83kb] [文件加载：54]
[ info ] [ LANG ] /www/wwwroot/epay.3ii.cn/thinkphp/lang/zh-cn.php
[ info ] [ DB ] INIT mysql
[ info ] [ ROUTE ] array (
  'type' => 'module',
  'module' => 
  array (
    0 => 'admin',
    1 => 'manage',
    2 => 'emaillog',
  ),
)
[ info ] [ HEADER ] array (
  'cookie' => 'UM_distinctid=16cfb504f454c2-0ab1198188e468-38607501-1fa400-16cfb504f46ecb; PHPSESSID=uanulhn7fi9i3fjngpe1ov2vit; Hm_lvt_080836300300be57b7f34f4b3e97d911=1568044191,1568130022; Hm_lpvt_080836300300be57b7f34f4b3e97d911=1569725421',
  'accept-language' => 'zh-CN,zh;q=0.9,en;q=0.8',
  'accept-encoding' => 'gzip, deflate',
  'referer' => 'http://ccpay.3ii.cn/admin/manage/emaillog',
  'content-type' => 'application/x-www-form-urlencoded; charset=UTF-8',
  'dnt' => '1',
  'user-agent' => 'Mozilla/5.0 (Macintosh; Intel Mac OS X 10_14_6) AppleWebKit/537.36 (KHTML, like Gecko) Chrome/76.0.3809.132 Safari/537.36',
  'x-requested-with' => 'XMLHttpRequest',
  'origin' => 'http://ccpay.3ii.cn',
  'accept' => 'application/json, text/javascript, */*; q=0.01',
  'content-length' => '15',
  'connection' => 'keep-alive',
  'host' => 'ccpay.3ii.cn',
)
[ info ] [ PARAM ] array (
  'page' => '1',
  'limit' => '10',
)
[ info ] [ SESSION ] INIT array (
  'id' => '',
  'var_session_id' => '',
  'prefix' => 'ccpay',
  'type' => 'memcache',
  'auto_start' => true,
)
[ info ] [ RUN ] app\admin\controller\Manage->emaillog[ /www/wwwroot/epay.3ii.cn/application/admin/controller/Manage.php ]
[ info ] [ LOG ] INIT File
---------------------------------------------------------------
[ 2019-09-29T15:04:58+08:00 ] 101.91.62.11 GET ccpay.3ii.cn/captcha?id%3D1569725412
[运行时间：0.025908s] [吞吐率：38.60req/s] [内存消耗：2,145.42kb] [文件加载：40]
[ info ] [ LANG ] /www/wwwroot/epay.3ii.cn/thinkphp/lang/zh-cn.php
[ info ] [ DB ] INIT mysql
[ info ] [ ROUTE ] array (
  'type' => 'method',
  'method' => 
  array (
    0 => '\\think\\captcha\\CaptchaController',
    1 => 'index',
  ),
  'var' => 
  array (
  ),
)
[ info ] [ HEADER ] array (
  'connection' => 'Close',
  'user-agent' => 'Mozilla/5.0 (iPhone; CPU iPhone OS 9_3_4 like Mac OS X) AppleWebKit/601.1.46 (KHTML, like Gecko) Mobile/13G35 QQ/6.5.3.410 V1_IPH_SQ_6.5.3_1_APP_A Pixel/750 Core/UIWebView NetType/2G Mem/117',
  'accept-language' => 'zh-cn',
  'accept' => '*/*',
  'accept-encoding' => 'deflate, gzip',
  'host' => 'ccpay.3ii.cn',
  'content-type' => '',
  'content-length' => '',
)
[ info ] [ PARAM ] array (
  'id=1569725412' => '',
  'id' => NULL,
)
[ info ] [ RUN ] think\captcha\CaptchaController->index[ /www/wwwroot/epay.3ii.cn/vendor/topthink/think-captcha/src/CaptchaController.php ]
[ info ] [ SESSION ] INIT array (
  'id' => '',
  'var_session_id' => '',
  'prefix' => 'ccpay',
  'type' => 'memcache',
  'auto_start' => true,
)
[ info ] [ LOG ] INIT File
---------------------------------------------------------------
[ 2019-09-29T16:27:30+08:00 ] 116.128.128.41 POST ccpay.3ii.cn/login
[运行时间：0.119270s] [吞吐率：8.38req/s] [内存消耗：2,479.80kb] [文件加载：50]
[ info ] [ LANG ] /www/wwwroot/epay.3ii.cn/thinkphp/lang/zh-cn.php
[ info ] [ DB ] INIT mysql
[ info ] [ ROUTE ] array (
  'type' => 'module',
  'module' => 
  array (
    0 => 'home',
    1 => 'login',
    2 => 'login',
  ),
  'convert' => false,
)
[ info ] [ HEADER ] array (
  'user-agent' => 'Go-http-client/1.1',
  'q-sub-business' => 'contentsecurity',
  'host' => 'ccpay.3ii.cn',
  'content-type' => 'application/x-www-form-urlencoded',
  'content-length' => '0',
  'accept-encoding' => 'gzip',
  'accept' => 'text/html,application/xhtml+xml,application/xml;q=0.9,*/*;q=0.8',
)
[ info ] [ PARAM ] array (
)
[ info ] [ SESSION ] INIT array (
  'id' => '',
  'var_session_id' => '',
  'prefix' => 'ccpay',
  'type' => 'memcache',
  'auto_start' => true,
)
[ info ] [ RUN ] app\home\controller\Login->login[ /www/wwwroot/epay.3ii.cn/application/home/controller/Login.php ]
[ info ] [ VIEW ] ../template/default/login/login.html [ array (
  0 => 'uid',
  1 => 'title',
) ]
[ info ] [ LOG ] INIT File
---------------------------------------------------------------
[ 2019-09-29T17:20:55+08:00 ] 93.158.161.53 GET ccpay.3ii.cn/
[运行时间：0.052098s] [吞吐率：19.19req/s] [内存消耗：2,580.88kb] [文件加载：51]
[ info ] [ LANG ] /www/wwwroot/epay.3ii.cn/thinkphp/lang/zh-cn.php
[ info ] [ DB ] INIT mysql
[ info ] [ ROUTE ] array (
  'type' => 'module',
  'module' => 
  array (
    0 => 'home',
    1 => 'index',
    2 => 'index',
  ),
  'convert' => false,
)
[ info ] [ HEADER ] array (
  'accept' => '*/*',
  'accept-encoding' => 'gzip,deflate',
  'from' => 'support@search.yandex.ru',
  'user-agent' => 'Mozilla/5.0 (compatible; YandexBot/3.0; +http://yandex.com/bots)',
  'connection' => 'Keep-Alive',
  'host' => 'ccpay.3ii.cn',
  'content-type' => '',
  'content-length' => '',
)
[ info ] [ PARAM ] array (
)
[ info ] [ SESSION ] INIT array (
  'id' => '',
  'var_session_id' => '',
  'prefix' => 'ccpay',
  'type' => 'memcache',
  'auto_start' => true,
)
[ info ] [ RUN ] app\home\controller\Index->index[ /www/wwwroot/epay.3ii.cn/application/home/controller/Index.php ]
[ info ] [ VIEW ] ../template/default/index/index.html [ array (
  0 => 'uid',
  1 => 'title',
) ]
[ info ] [ LOG ] INIT File
