---------------------------------------------------------------
[ 2019-09-29T06:56:43+08:00 ] 141.8.142.8 GET api.3ii.cn/
[ sql ] [ DB ] CONNECT:[ UseTime:0.000442s ] mysql:host=127.0.0.1;port=3306;dbname=epay_3ii_cn;charset=utf8
[ sql ] [ SQL ] SHOW COLUMNS FROM `box_config` [ RunTime:0.000789s ]
[ sql ] [ SQL ] SELECT `value` FROM `box_config` WHERE  `code` = 'admin_login_path' LIMIT 1 [ RunTime:0.000289s ]
[ sql ] [ SQL ] SELECT `value` FROM `box_config` WHERE  `code` = 'site_engname' LIMIT 1 [ RunTime:0.000366s ]
---------------------------------------------------------------
[ 2019-09-29T10:50:12+08:00 ] 27.157.76.160 POST ccpay.3ii.cn/iccpaysys
[ sql ] [ DB ] CONNECT:[ UseTime:0.000677s ] mysql:host=127.0.0.1;port=3306;dbname=epay_3ii_cn;charset=utf8
[ sql ] [ SQL ] SHOW COLUMNS FROM `box_config` [ RunTime:0.000731s ]
[ sql ] [ SQL ] SELECT `value` FROM `box_config` WHERE  `code` = 'admin_login_path' LIMIT 1 [ RunTime:0.000228s ]
[ sql ] [ SQL ] SHOW COLUMNS FROM `box_admin` [ RunTime:0.001148s ]
[ sql ] [ SQL ] SELECT * FROM `box_admin` WHERE  `names` = 'ichuxin' LIMIT 1 [ RunTime:0.000359s ]
---------------------------------------------------------------
[ 2019-09-29T10:50:12+08:00 ] 27.157.76.160 GET ccpay.3ii.cn/captcha?id=1569725412
[ sql ] [ DB ] CONNECT:[ UseTime:0.000554s ] mysql:host=127.0.0.1;port=3306;dbname=epay_3ii_cn;charset=utf8
[ sql ] [ SQL ] SHOW COLUMNS FROM `box_config` [ RunTime:0.000899s ]
[ sql ] [ SQL ] SELECT `value` FROM `box_config` WHERE  `code` = 'admin_login_path' LIMIT 1 [ RunTime:0.000330s ]
---------------------------------------------------------------
[ 2019-09-29T10:50:16+08:00 ] 27.157.76.160 POST ccpay.3ii.cn/iccpaysys
[ sql ] [ DB ] CONNECT:[ UseTime:0.000384s ] mysql:host=127.0.0.1;port=3306;dbname=epay_3ii_cn;charset=utf8
[ sql ] [ SQL ] SHOW COLUMNS FROM `box_config` [ RunTime:0.000733s ]
[ sql ] [ SQL ] SELECT `value` FROM `box_config` WHERE  `code` = 'admin_login_path' LIMIT 1 [ RunTime:0.000230s ]
[ sql ] [ SQL ] SHOW COLUMNS FROM `box_admin` [ RunTime:0.000820s ]
[ sql ] [ SQL ] SELECT * FROM `box_admin` WHERE  `names` = 'ichuxin' LIMIT 1 [ RunTime:0.000303s ]
[ sql ] [ SQL ] UPDATE `box_admin`  SET `last_login`='2019-09-29 10:50:16',`last_ip`='27.157.76.160',`num`=24  WHERE  `id` = 1 [ RunTime:0.010458s ]
---------------------------------------------------------------
[ 2019-09-29T10:50:19+08:00 ] 27.157.76.160 GET ccpay.3ii.cn/admin
[ sql ] [ DB ] CONNECT:[ UseTime:0.000414s ] mysql:host=127.0.0.1;port=3306;dbname=epay_3ii_cn;charset=utf8
[ sql ] [ SQL ] SHOW COLUMNS FROM `box_config` [ RunTime:0.000752s ]
[ sql ] [ SQL ] SELECT `value` FROM `box_config` WHERE  `code` = 'admin_login_path' LIMIT 1 [ RunTime:0.000234s ]
[ sql ] [ SQL ] SHOW COLUMNS FROM `box_admin` [ RunTime:0.000778s ]
[ sql ] [ SQL ] SELECT * FROM `box_admin` WHERE  `names` = 'ichuxin' LIMIT 1 [ RunTime:0.000393s ]
[ sql ] [ SQL ] SHOW COLUMNS FROM `box_operation` [ RunTime:0.000588s ]
[ sql ] [ SQL ] INSERT INTO `box_operation` (`action` , `name` , `time`) VALUES ('admin/index/index' , 'ichuxin' , 1569725418) [ RunTime:0.010440s ]
[ sql ] [ SQL ] SELECT * FROM `box_admin` WHERE  `names` = 'ichuxin' LIMIT 1 [ RunTime:0.000397s ]
[ sql ] [ SQL ] SHOW COLUMNS FROM `box_auth_role` [ RunTime:0.000974s ]
[ sql ] [ SQL ] SELECT `role_name` FROM `box_auth_role` WHERE  `role_id` = 1 LIMIT 1 [ RunTime:0.000200s ]
[ sql ] [ SQL ] SELECT * FROM `box_auth_role` WHERE  `role_id` = 1 LIMIT 1 [ RunTime:0.000355s ]
[ sql ] [ SQL ] SHOW COLUMNS FROM `box_auth_menu` [ RunTime:0.000749s ]
[ sql ] [ SQL ] SELECT `url` FROM `box_auth_menu` WHERE  `id` IN (26,32,34,35,48,49,50,1,3,11,12,13,4,14,15,16,5,7,8,9,10,6,17,18,20,2,47,51,54,52,58,53,59,60,61,36,37,39,40,41,43,44,38,55,56,42,62,57,63,45,46) [ RunTime:0.000346s ]
[ sql ] [ SQL ] SELECT * FROM `box_auth_role` WHERE  `role_id` = 1 LIMIT 1 [ RunTime:0.000208s ]
[ sql ] [ SQL ] SELECT * FROM `box_auth_menu` WHERE  `parent_id` = 0  AND `type` = 'menu'  AND `id` IN (26,32,34,35,48,49,50,1,3,11,12,13,4,14,15,16,5,7,8,9,10,6,17,18,20,2,47,51,54,52,58,53,59,60,61,36,37,39,40,41,43,44,38,55,56,42,62,57,63,45,46) ORDER BY `sort` ASC [ RunTime:0.000561s ]
[ sql ] [ SQL ] SELECT * FROM `box_auth_menu` WHERE  `parent_id` = 26  AND `type` = 'menu'  AND `id` IN (26,32,34,35,48,49,50,1,3,11,12,13,4,14,15,16,5,7,8,9,10,6,17,18,20,2,47,51,54,52,58,53,59,60,61,36,37,39,40,41,43,44,38,55,56,42,62,57,63,45,46) ORDER BY `sort` ASC [ RunTime:0.000374s ]
[ sql ] [ SQL ] SELECT * FROM `box_auth_menu` WHERE  `parent_id` = 1  AND `type` = 'menu'  AND `id` IN (26,32,34,35,48,49,50,1,3,11,12,13,4,14,15,16,5,7,8,9,10,6,17,18,20,2,47,51,54,52,58,53,59,60,61,36,37,39,40,41,43,44,38,55,56,42,62,57,63,45,46) ORDER BY `sort` ASC [ RunTime:0.000316s ]
[ sql ] [ SQL ] SELECT * FROM `box_auth_menu` WHERE  `parent_id` = 2  AND `type` = 'menu'  AND `id` IN (26,32,34,35,48,49,50,1,3,11,12,13,4,14,15,16,5,7,8,9,10,6,17,18,20,2,47,51,54,52,58,53,59,60,61,36,37,39,40,41,43,44,38,55,56,42,62,57,63,45,46) ORDER BY `sort` ASC [ RunTime:0.000331s ]
[ sql ] [ SQL ] SELECT * FROM `box_auth_menu` WHERE  `parent_id` = 51  AND `type` = 'menu'  AND `id` IN (26,32,34,35,48,49,50,1,3,11,12,13,4,14,15,16,5,7,8,9,10,6,17,18,20,2,47,51,54,52,58,53,59,60,61,36,37,39,40,41,43,44,38,55,56,42,62,57,63,45,46) ORDER BY `sort` ASC [ RunTime:0.000342s ]
[ sql ] [ SQL ] SELECT * FROM `box_auth_menu` WHERE  `parent_id` = 59  AND `type` = 'menu'  AND `id` IN (26,32,34,35,48,49,50,1,3,11,12,13,4,14,15,16,5,7,8,9,10,6,17,18,20,2,47,51,54,52,58,53,59,60,61,36,37,39,40,41,43,44,38,55,56,42,62,57,63,45,46) ORDER BY `sort` ASC [ RunTime:0.000318s ]
[ sql ] [ SQL ] SELECT * FROM `box_auth_menu` WHERE  `parent_id` = 36  AND `type` = 'menu'  AND `id` IN (26,32,34,35,48,49,50,1,3,11,12,13,4,14,15,16,5,7,8,9,10,6,17,18,20,2,47,51,54,52,58,53,59,60,61,36,37,39,40,41,43,44,38,55,56,42,62,57,63,45,46) ORDER BY `sort` ASC [ RunTime:0.000315s ]
[ sql ] [ SQL ] SELECT * FROM `box_auth_menu` WHERE  `parent_id` = 55  AND `type` = 'menu'  AND `id` IN (26,32,34,35,48,49,50,1,3,11,12,13,4,14,15,16,5,7,8,9,10,6,17,18,20,2,47,51,54,52,58,53,59,60,61,36,37,39,40,41,43,44,38,55,56,42,62,57,63,45,46) ORDER BY `sort` ASC [ RunTime:0.000411s ]
[ sql ] [ SQL ] SELECT * FROM `box_auth_menu` WHERE  `parent_id` = 45  AND `type` = 'menu'  AND `id` IN (26,32,34,35,48,49,50,1,3,11,12,13,4,14,15,16,5,7,8,9,10,6,17,18,20,2,47,51,54,52,58,53,59,60,61,36,37,39,40,41,43,44,38,55,56,42,62,57,63,45,46) ORDER BY `sort` ASC [ RunTime:0.000347s ]
---------------------------------------------------------------
[ 2019-09-29T10:50:20+08:00 ] 61.154.77.218 GET ccpay.3ii.cn/admin/index/welcome
[ sql ] [ DB ] CONNECT:[ UseTime:0.000466s ] mysql:host=127.0.0.1;port=3306;dbname=epay_3ii_cn;charset=utf8
[ sql ] [ SQL ] SHOW COLUMNS FROM `box_config` [ RunTime:0.000997s ]
[ sql ] [ SQL ] SELECT `value` FROM `box_config` WHERE  `code` = 'admin_login_path' LIMIT 1 [ RunTime:0.000224s ]
[ sql ] [ SQL ] SHOW COLUMNS FROM `box_admin` [ RunTime:0.000697s ]
[ sql ] [ SQL ] SELECT * FROM `box_admin` WHERE  `names` = 'ichuxin' LIMIT 1 [ RunTime:0.000245s ]
[ sql ] [ SQL ] SHOW COLUMNS FROM `box_operation` [ RunTime:0.000529s ]
[ sql ] [ SQL ] INSERT INTO `box_operation` (`action` , `name` , `time`) VALUES ('admin/index/welcome' , 'ichuxin' , 1569725420) [ RunTime:0.000267s ]
[ sql ] [ SQL ] SELECT * FROM `box_admin` WHERE  `names` = 'ichuxin' LIMIT 1 [ RunTime:0.000226s ]
[ sql ] [ SQL ] SHOW COLUMNS FROM `box_auth_role` [ RunTime:0.000546s ]
[ sql ] [ SQL ] SELECT `role_name` FROM `box_auth_role` WHERE  `role_id` = 1 LIMIT 1 [ RunTime:0.000209s ]
[ sql ] [ SQL ] SELECT * FROM `box_auth_role` WHERE  `role_id` = 1 LIMIT 1 [ RunTime:0.000223s ]
[ sql ] [ SQL ] SHOW COLUMNS FROM `box_auth_menu` [ RunTime:0.000597s ]
[ sql ] [ SQL ] SELECT `url` FROM `box_auth_menu` WHERE  `id` IN (26,32,34,35,48,49,50,1,3,11,12,13,4,14,15,16,5,7,8,9,10,6,17,18,20,2,47,51,54,52,58,53,59,60,61,36,37,39,40,41,43,44,38,55,56,42,62,57,63,45,46) [ RunTime:0.000301s ]
[ sql ] [ SQL ] SELECT * FROM `box_auth_role` WHERE  `role_id` = 1 LIMIT 1 [ RunTime:0.000252s ]
[ sql ] [ SQL ] SELECT * FROM `box_auth_menu` WHERE  `parent_id` = 0  AND `type` = 'menu'  AND `id` IN (26,32,34,35,48,49,50,1,3,11,12,13,4,14,15,16,5,7,8,9,10,6,17,18,20,2,47,51,54,52,58,53,59,60,61,36,37,39,40,41,43,44,38,55,56,42,62,57,63,45,46) ORDER BY `sort` ASC [ RunTime:0.000341s ]
[ sql ] [ SQL ] SELECT * FROM `box_auth_menu` WHERE  `parent_id` = 26  AND `type` = 'menu'  AND `id` IN (26,32,34,35,48,49,50,1,3,11,12,13,4,14,15,16,5,7,8,9,10,6,17,18,20,2,47,51,54,52,58,53,59,60,61,36,37,39,40,41,43,44,38,55,56,42,62,57,63,45,46) ORDER BY `sort` ASC [ RunTime:0.000310s ]
[ sql ] [ SQL ] SELECT * FROM `box_auth_menu` WHERE  `parent_id` = 1  AND `type` = 'menu'  AND `id` IN (26,32,34,35,48,49,50,1,3,11,12,13,4,14,15,16,5,7,8,9,10,6,17,18,20,2,47,51,54,52,58,53,59,60,61,36,37,39,40,41,43,44,38,55,56,42,62,57,63,45,46) ORDER BY `sort` ASC [ RunTime:0.000308s ]
[ sql ] [ SQL ] SELECT * FROM `box_auth_menu` WHERE  `parent_id` = 2  AND `type` = 'menu'  AND `id` IN (26,32,34,35,48,49,50,1,3,11,12,13,4,14,15,16,5,7,8,9,10,6,17,18,20,2,47,51,54,52,58,53,59,60,61,36,37,39,40,41,43,44,38,55,56,42,62,57,63,45,46) ORDER BY `sort` ASC [ RunTime:0.000333s ]
[ sql ] [ SQL ] SELECT * FROM `box_auth_menu` WHERE  `parent_id` = 51  AND `type` = 'menu'  AND `id` IN (26,32,34,35,48,49,50,1,3,11,12,13,4,14,15,16,5,7,8,9,10,6,17,18,20,2,47,51,54,52,58,53,59,60,61,36,37,39,40,41,43,44,38,55,56,42,62,57,63,45,46) ORDER BY `sort` ASC [ RunTime:0.000327s ]
[ sql ] [ SQL ] SELECT * FROM `box_auth_menu` WHERE  `parent_id` = 59  AND `type` = 'menu'  AND `id` IN (26,32,34,35,48,49,50,1,3,11,12,13,4,14,15,16,5,7,8,9,10,6,17,18,20,2,47,51,54,52,58,53,59,60,61,36,37,39,40,41,43,44,38,55,56,42,62,57,63,45,46) ORDER BY `sort` ASC [ RunTime:0.000302s ]
[ sql ] [ SQL ] SELECT * FROM `box_auth_menu` WHERE  `parent_id` = 36  AND `type` = 'menu'  AND `id` IN (26,32,34,35,48,49,50,1,3,11,12,13,4,14,15,16,5,7,8,9,10,6,17,18,20,2,47,51,54,52,58,53,59,60,61,36,37,39,40,41,43,44,38,55,56,42,62,57,63,45,46) ORDER BY `sort` ASC [ RunTime:0.000322s ]
[ sql ] [ SQL ] SELECT * FROM `box_auth_menu` WHERE  `parent_id` = 55  AND `type` = 'menu'  AND `id` IN (26,32,34,35,48,49,50,1,3,11,12,13,4,14,15,16,5,7,8,9,10,6,17,18,20,2,47,51,54,52,58,53,59,60,61,36,37,39,40,41,43,44,38,55,56,42,62,57,63,45,46) ORDER BY `sort` ASC [ RunTime:0.000308s ]
[ sql ] [ SQL ] SELECT * FROM `box_auth_menu` WHERE  `parent_id` = 45  AND `type` = 'menu'  AND `id` IN (26,32,34,35,48,49,50,1,3,11,12,13,4,14,15,16,5,7,8,9,10,6,17,18,20,2,47,51,54,52,58,53,59,60,61,36,37,39,40,41,43,44,38,55,56,42,62,57,63,45,46) ORDER BY `sort` ASC [ RunTime:0.000302s ]
[ sql ] [ SQL ] SELECT * FROM `box_admin` WHERE  `names` = 'ichuxin' LIMIT 1 [ RunTime:0.000566s ]
---------------------------------------------------------------
[ 2019-09-29T10:50:22+08:00 ] 27.157.76.160 GET ccpay.3ii.cn/admin/users/index
[ sql ] [ DB ] CONNECT:[ UseTime:0.000506s ] mysql:host=127.0.0.1;port=3306;dbname=epay_3ii_cn;charset=utf8
[ sql ] [ SQL ] SHOW COLUMNS FROM `box_config` [ RunTime:0.000742s ]
[ sql ] [ SQL ] SELECT `value` FROM `box_config` WHERE  `code` = 'admin_login_path' LIMIT 1 [ RunTime:0.000217s ]
[ sql ] [ SQL ] SHOW COLUMNS FROM `box_admin` [ RunTime:0.000820s ]
[ sql ] [ SQL ] SELECT * FROM `box_admin` WHERE  `names` = 'ichuxin' LIMIT 1 [ RunTime:0.000367s ]
[ sql ] [ SQL ] SHOW COLUMNS FROM `box_operation` [ RunTime:0.000546s ]
[ sql ] [ SQL ] INSERT INTO `box_operation` (`action` , `name` , `time`) VALUES ('admin/users/index' , 'ichuxin' , 1569725422) [ RunTime:0.000304s ]
[ sql ] [ SQL ] SELECT * FROM `box_admin` WHERE  `names` = 'ichuxin' LIMIT 1 [ RunTime:0.000211s ]
[ sql ] [ SQL ] SHOW COLUMNS FROM `box_auth_role` [ RunTime:0.000569s ]
[ sql ] [ SQL ] SELECT `role_name` FROM `box_auth_role` WHERE  `role_id` = 1 LIMIT 1 [ RunTime:0.000182s ]
[ sql ] [ SQL ] SELECT * FROM `box_auth_role` WHERE  `role_id` = 1 LIMIT 1 [ RunTime:0.000256s ]
[ sql ] [ SQL ] SHOW COLUMNS FROM `box_auth_menu` [ RunTime:0.000581s ]
[ sql ] [ SQL ] SELECT `url` FROM `box_auth_menu` WHERE  `id` IN (26,32,34,35,48,49,50,1,3,11,12,13,4,14,15,16,5,7,8,9,10,6,17,18,20,2,47,51,54,52,58,53,59,60,61,36,37,39,40,41,43,44,38,55,56,42,62,57,63,45,46) [ RunTime:0.000388s ]
[ sql ] [ SQL ] SELECT * FROM `box_auth_role` WHERE  `role_id` = 1 LIMIT 1 [ RunTime:0.000199s ]
[ sql ] [ SQL ] SELECT * FROM `box_auth_menu` WHERE  `parent_id` = 0  AND `type` = 'menu'  AND `id` IN (26,32,34,35,48,49,50,1,3,11,12,13,4,14,15,16,5,7,8,9,10,6,17,18,20,2,47,51,54,52,58,53,59,60,61,36,37,39,40,41,43,44,38,55,56,42,62,57,63,45,46) ORDER BY `sort` ASC [ RunTime:0.000324s ]
[ sql ] [ SQL ] SELECT * FROM `box_auth_menu` WHERE  `parent_id` = 26  AND `type` = 'menu'  AND `id` IN (26,32,34,35,48,49,50,1,3,11,12,13,4,14,15,16,5,7,8,9,10,6,17,18,20,2,47,51,54,52,58,53,59,60,61,36,37,39,40,41,43,44,38,55,56,42,62,57,63,45,46) ORDER BY `sort` ASC [ RunTime:0.000340s ]
[ sql ] [ SQL ] SELECT * FROM `box_auth_menu` WHERE  `parent_id` = 1  AND `type` = 'menu'  AND `id` IN (26,32,34,35,48,49,50,1,3,11,12,13,4,14,15,16,5,7,8,9,10,6,17,18,20,2,47,51,54,52,58,53,59,60,61,36,37,39,40,41,43,44,38,55,56,42,62,57,63,45,46) ORDER BY `sort` ASC [ RunTime:0.000327s ]
[ sql ] [ SQL ] SELECT * FROM `box_auth_menu` WHERE  `parent_id` = 2  AND `type` = 'menu'  AND `id` IN (26,32,34,35,48,49,50,1,3,11,12,13,4,14,15,16,5,7,8,9,10,6,17,18,20,2,47,51,54,52,58,53,59,60,61,36,37,39,40,41,43,44,38,55,56,42,62,57,63,45,46) ORDER BY `sort` ASC [ RunTime:0.000323s ]
[ sql ] [ SQL ] SELECT * FROM `box_auth_menu` WHERE  `parent_id` = 51  AND `type` = 'menu'  AND `id` IN (26,32,34,35,48,49,50,1,3,11,12,13,4,14,15,16,5,7,8,9,10,6,17,18,20,2,47,51,54,52,58,53,59,60,61,36,37,39,40,41,43,44,38,55,56,42,62,57,63,45,46) ORDER BY `sort` ASC [ RunTime:0.000325s ]
[ sql ] [ SQL ] SELECT * FROM `box_auth_menu` WHERE  `parent_id` = 59  AND `type` = 'menu'  AND `id` IN (26,32,34,35,48,49,50,1,3,11,12,13,4,14,15,16,5,7,8,9,10,6,17,18,20,2,47,51,54,52,58,53,59,60,61,36,37,39,40,41,43,44,38,55,56,42,62,57,63,45,46) ORDER BY `sort` ASC [ RunTime:0.000325s ]
[ sql ] [ SQL ] SELECT * FROM `box_auth_menu` WHERE  `parent_id` = 36  AND `type` = 'menu'  AND `id` IN (26,32,34,35,48,49,50,1,3,11,12,13,4,14,15,16,5,7,8,9,10,6,17,18,20,2,47,51,54,52,58,53,59,60,61,36,37,39,40,41,43,44,38,55,56,42,62,57,63,45,46) ORDER BY `sort` ASC [ RunTime:0.000317s ]
[ sql ] [ SQL ] SELECT * FROM `box_auth_menu` WHERE  `parent_id` = 55  AND `type` = 'menu'  AND `id` IN (26,32,34,35,48,49,50,1,3,11,12,13,4,14,15,16,5,7,8,9,10,6,17,18,20,2,47,51,54,52,58,53,59,60,61,36,37,39,40,41,43,44,38,55,56,42,62,57,63,45,46) ORDER BY `sort` ASC [ RunTime:0.000322s ]
[ sql ] [ SQL ] SELECT * FROM `box_auth_menu` WHERE  `parent_id` = 45  AND `type` = 'menu'  AND `id` IN (26,32,34,35,48,49,50,1,3,11,12,13,4,14,15,16,5,7,8,9,10,6,17,18,20,2,47,51,54,52,58,53,59,60,61,36,37,39,40,41,43,44,38,55,56,42,62,57,63,45,46) ORDER BY `sort` ASC [ RunTime:0.000301s ]
---------------------------------------------------------------
[ 2019-09-29T10:50:23+08:00 ] 27.157.76.160 POST ccpay.3ii.cn/admin/users/index
[ sql ] [ DB ] CONNECT:[ UseTime:0.000488s ] mysql:host=127.0.0.1;port=3306;dbname=epay_3ii_cn;charset=utf8
[ sql ] [ SQL ] SHOW COLUMNS FROM `box_config` [ RunTime:0.000836s ]
[ sql ] [ SQL ] SELECT `value` FROM `box_config` WHERE  `code` = 'admin_login_path' LIMIT 1 [ RunTime:0.000218s ]
[ sql ] [ SQL ] SHOW COLUMNS FROM `box_admin` [ RunTime:0.000708s ]
[ sql ] [ SQL ] SELECT * FROM `box_admin` WHERE  `names` = 'ichuxin' LIMIT 1 [ RunTime:0.000254s ]
[ sql ] [ SQL ] SHOW COLUMNS FROM `box_operation` [ RunTime:0.000559s ]
[ sql ] [ SQL ] INSERT INTO `box_operation` (`action` , `name` , `time`) VALUES ('admin/users/index' , 'ichuxin' , 1569725423) [ RunTime:0.000267s ]
[ sql ] [ SQL ] SELECT * FROM `box_admin` WHERE  `names` = 'ichuxin' LIMIT 1 [ RunTime:0.000201s ]
[ sql ] [ SQL ] SHOW COLUMNS FROM `box_auth_role` [ RunTime:0.000607s ]
[ sql ] [ SQL ] SELECT `role_name` FROM `box_auth_role` WHERE  `role_id` = 1 LIMIT 1 [ RunTime:0.000185s ]
[ sql ] [ SQL ] SELECT * FROM `box_auth_role` WHERE  `role_id` = 1 LIMIT 1 [ RunTime:0.000244s ]
[ sql ] [ SQL ] SHOW COLUMNS FROM `box_auth_menu` [ RunTime:0.000571s ]
[ sql ] [ SQL ] SELECT `url` FROM `box_auth_menu` WHERE  `id` IN (26,32,34,35,48,49,50,1,3,11,12,13,4,14,15,16,5,7,8,9,10,6,17,18,20,2,47,51,54,52,58,53,59,60,61,36,37,39,40,41,43,44,38,55,56,42,62,57,63,45,46) [ RunTime:0.000319s ]
[ sql ] [ SQL ] SELECT * FROM `box_auth_role` WHERE  `role_id` = 1 LIMIT 1 [ RunTime:0.000205s ]
[ sql ] [ SQL ] SELECT * FROM `box_auth_menu` WHERE  `parent_id` = 0  AND `type` = 'menu'  AND `id` IN (26,32,34,35,48,49,50,1,3,11,12,13,4,14,15,16,5,7,8,9,10,6,17,18,20,2,47,51,54,52,58,53,59,60,61,36,37,39,40,41,43,44,38,55,56,42,62,57,63,45,46) ORDER BY `sort` ASC [ RunTime:0.000340s ]
[ sql ] [ SQL ] SELECT * FROM `box_auth_menu` WHERE  `parent_id` = 26  AND `type` = 'menu'  AND `id` IN (26,32,34,35,48,49,50,1,3,11,12,13,4,14,15,16,5,7,8,9,10,6,17,18,20,2,47,51,54,52,58,53,59,60,61,36,37,39,40,41,43,44,38,55,56,42,62,57,63,45,46) ORDER BY `sort` ASC [ RunTime:0.000351s ]
[ sql ] [ SQL ] SELECT * FROM `box_auth_menu` WHERE  `parent_id` = 1  AND `type` = 'menu'  AND `id` IN (26,32,34,35,48,49,50,1,3,11,12,13,4,14,15,16,5,7,8,9,10,6,17,18,20,2,47,51,54,52,58,53,59,60,61,36,37,39,40,41,43,44,38,55,56,42,62,57,63,45,46) ORDER BY `sort` ASC [ RunTime:0.000327s ]
[ sql ] [ SQL ] SELECT * FROM `box_auth_menu` WHERE  `parent_id` = 2  AND `type` = 'menu'  AND `id` IN (26,32,34,35,48,49,50,1,3,11,12,13,4,14,15,16,5,7,8,9,10,6,17,18,20,2,47,51,54,52,58,53,59,60,61,36,37,39,40,41,43,44,38,55,56,42,62,57,63,45,46) ORDER BY `sort` ASC [ RunTime:0.000298s ]
[ sql ] [ SQL ] SELECT * FROM `box_auth_menu` WHERE  `parent_id` = 51  AND `type` = 'menu'  AND `id` IN (26,32,34,35,48,49,50,1,3,11,12,13,4,14,15,16,5,7,8,9,10,6,17,18,20,2,47,51,54,52,58,53,59,60,61,36,37,39,40,41,43,44,38,55,56,42,62,57,63,45,46) ORDER BY `sort` ASC [ RunTime:0.000335s ]
[ sql ] [ SQL ] SELECT * FROM `box_auth_menu` WHERE  `parent_id` = 59  AND `type` = 'menu'  AND `id` IN (26,32,34,35,48,49,50,1,3,11,12,13,4,14,15,16,5,7,8,9,10,6,17,18,20,2,47,51,54,52,58,53,59,60,61,36,37,39,40,41,43,44,38,55,56,42,62,57,63,45,46) ORDER BY `sort` ASC [ RunTime:0.000321s ]
[ sql ] [ SQL ] SELECT * FROM `box_auth_menu` WHERE  `parent_id` = 36  AND `type` = 'menu'  AND `id` IN (26,32,34,35,48,49,50,1,3,11,12,13,4,14,15,16,5,7,8,9,10,6,17,18,20,2,47,51,54,52,58,53,59,60,61,36,37,39,40,41,43,44,38,55,56,42,62,57,63,45,46) ORDER BY `sort` ASC [ RunTime:0.000333s ]
[ sql ] [ SQL ] SELECT * FROM `box_auth_menu` WHERE  `parent_id` = 55  AND `type` = 'menu'  AND `id` IN (26,32,34,35,48,49,50,1,3,11,12,13,4,14,15,16,5,7,8,9,10,6,17,18,20,2,47,51,54,52,58,53,59,60,61,36,37,39,40,41,43,44,38,55,56,42,62,57,63,45,46) ORDER BY `sort` ASC [ RunTime:0.000300s ]
[ sql ] [ SQL ] SELECT * FROM `box_auth_menu` WHERE  `parent_id` = 45  AND `type` = 'menu'  AND `id` IN (26,32,34,35,48,49,50,1,3,11,12,13,4,14,15,16,5,7,8,9,10,6,17,18,20,2,47,51,54,52,58,53,59,60,61,36,37,39,40,41,43,44,38,55,56,42,62,57,63,45,46) ORDER BY `sort` ASC [ RunTime:0.000346s ]
[ sql ] [ SQL ] SHOW COLUMNS FROM `box_user` [ RunTime:0.000943s ]
[ sql ] [ SQL ] SELECT COUNT(*) AS tp_count FROM `box_user` WHERE  `add_time` BETWEEN 1546272000 AND 1569772800 LIMIT 1 [ RunTime:0.016515s ]
[ sql ] [ SQL ] SELECT * FROM `box_user` WHERE  `add_time` BETWEEN 1546272000 AND 1569772800 ORDER BY `add_time` DESC LIMIT 0,90 [ RunTime:0.000651s ]
---------------------------------------------------------------
[ 2019-09-29T10:50:31+08:00 ] 61.154.77.218 GET ccpay.3ii.cn/admin/orders/index
[ sql ] [ DB ] CONNECT:[ UseTime:0.000418s ] mysql:host=127.0.0.1;port=3306;dbname=epay_3ii_cn;charset=utf8
[ sql ] [ SQL ] SHOW COLUMNS FROM `box_config` [ RunTime:0.000794s ]
[ sql ] [ SQL ] SELECT `value` FROM `box_config` WHERE  `code` = 'admin_login_path' LIMIT 1 [ RunTime:0.000226s ]
[ sql ] [ SQL ] SHOW COLUMNS FROM `box_admin` [ RunTime:0.000761s ]
[ sql ] [ SQL ] SELECT * FROM `box_admin` WHERE  `names` = 'ichuxin' LIMIT 1 [ RunTime:0.000252s ]
[ sql ] [ SQL ] SHOW COLUMNS FROM `box_operation` [ RunTime:0.000554s ]
[ sql ] [ SQL ] INSERT INTO `box_operation` (`action` , `name` , `time`) VALUES ('admin/orders/index' , 'ichuxin' , 1569725431) [ RunTime:0.000268s ]
[ sql ] [ SQL ] SELECT * FROM `box_admin` WHERE  `names` = 'ichuxin' LIMIT 1 [ RunTime:0.000234s ]
[ sql ] [ SQL ] SHOW COLUMNS FROM `box_auth_role` [ RunTime:0.000681s ]
[ sql ] [ SQL ] SELECT `role_name` FROM `box_auth_role` WHERE  `role_id` = 1 LIMIT 1 [ RunTime:0.000284s ]
[ sql ] [ SQL ] SELECT * FROM `box_auth_role` WHERE  `role_id` = 1 LIMIT 1 [ RunTime:0.000379s ]
[ sql ] [ SQL ] SHOW COLUMNS FROM `box_auth_menu` [ RunTime:0.000732s ]
[ sql ] [ SQL ] SELECT `url` FROM `box_auth_menu` WHERE  `id` IN (26,32,34,35,48,49,50,1,3,11,12,13,4,14,15,16,5,7,8,9,10,6,17,18,20,2,47,51,54,52,58,53,59,60,61,36,37,39,40,41,43,44,38,55,56,42,62,57,63,45,46) [ RunTime:0.000321s ]
[ sql ] [ SQL ] SELECT * FROM `box_auth_role` WHERE  `role_id` = 1 LIMIT 1 [ RunTime:0.000238s ]
[ sql ] [ SQL ] SELECT * FROM `box_auth_menu` WHERE  `parent_id` = 0  AND `type` = 'menu'  AND `id` IN (26,32,34,35,48,49,50,1,3,11,12,13,4,14,15,16,5,7,8,9,10,6,17,18,20,2,47,51,54,52,58,53,59,60,61,36,37,39,40,41,43,44,38,55,56,42,62,57,63,45,46) ORDER BY `sort` ASC [ RunTime:0.000322s ]
[ sql ] [ SQL ] SELECT * FROM `box_auth_menu` WHERE  `parent_id` = 26  AND `type` = 'menu'  AND `id` IN (26,32,34,35,48,49,50,1,3,11,12,13,4,14,15,16,5,7,8,9,10,6,17,18,20,2,47,51,54,52,58,53,59,60,61,36,37,39,40,41,43,44,38,55,56,42,62,57,63,45,46) ORDER BY `sort` ASC [ RunTime:0.000320s ]
[ sql ] [ SQL ] SELECT * FROM `box_auth_menu` WHERE  `parent_id` = 1  AND `type` = 'menu'  AND `id` IN (26,32,34,35,48,49,50,1,3,11,12,13,4,14,15,16,5,7,8,9,10,6,17,18,20,2,47,51,54,52,58,53,59,60,61,36,37,39,40,41,43,44,38,55,56,42,62,57,63,45,46) ORDER BY `sort` ASC [ RunTime:0.000336s ]
[ sql ] [ SQL ] SELECT * FROM `box_auth_menu` WHERE  `parent_id` = 2  AND `type` = 'menu'  AND `id` IN (26,32,34,35,48,49,50,1,3,11,12,13,4,14,15,16,5,7,8,9,10,6,17,18,20,2,47,51,54,52,58,53,59,60,61,36,37,39,40,41,43,44,38,55,56,42,62,57,63,45,46) ORDER BY `sort` ASC [ RunTime:0.000325s ]
[ sql ] [ SQL ] SELECT * FROM `box_auth_menu` WHERE  `parent_id` = 51  AND `type` = 'menu'  AND `id` IN (26,32,34,35,48,49,50,1,3,11,12,13,4,14,15,16,5,7,8,9,10,6,17,18,20,2,47,51,54,52,58,53,59,60,61,36,37,39,40,41,43,44,38,55,56,42,62,57,63,45,46) ORDER BY `sort` ASC [ RunTime:0.000336s ]
[ sql ] [ SQL ] SELECT * FROM `box_auth_menu` WHERE  `parent_id` = 59  AND `type` = 'menu'  AND `id` IN (26,32,34,35,48,49,50,1,3,11,12,13,4,14,15,16,5,7,8,9,10,6,17,18,20,2,47,51,54,52,58,53,59,60,61,36,37,39,40,41,43,44,38,55,56,42,62,57,63,45,46) ORDER BY `sort` ASC [ RunTime:0.000316s ]
[ sql ] [ SQL ] SELECT * FROM `box_auth_menu` WHERE  `parent_id` = 36  AND `type` = 'menu'  AND `id` IN (26,32,34,35,48,49,50,1,3,11,12,13,4,14,15,16,5,7,8,9,10,6,17,18,20,2,47,51,54,52,58,53,59,60,61,36,37,39,40,41,43,44,38,55,56,42,62,57,63,45,46) ORDER BY `sort` ASC [ RunTime:0.000341s ]
[ sql ] [ SQL ] SELECT * FROM `box_auth_menu` WHERE  `parent_id` = 55  AND `type` = 'menu'  AND `id` IN (26,32,34,35,48,49,50,1,3,11,12,13,4,14,15,16,5,7,8,9,10,6,17,18,20,2,47,51,54,52,58,53,59,60,61,36,37,39,40,41,43,44,38,55,56,42,62,57,63,45,46) ORDER BY `sort` ASC [ RunTime:0.000306s ]
[ sql ] [ SQL ] SELECT * FROM `box_auth_menu` WHERE  `parent_id` = 45  AND `type` = 'menu'  AND `id` IN (26,32,34,35,48,49,50,1,3,11,12,13,4,14,15,16,5,7,8,9,10,6,17,18,20,2,47,51,54,52,58,53,59,60,61,36,37,39,40,41,43,44,38,55,56,42,62,57,63,45,46) ORDER BY `sort` ASC [ RunTime:0.000309s ]
---------------------------------------------------------------
[ 2019-09-29T10:50:31+08:00 ] 61.154.77.218 POST ccpay.3ii.cn/admin/orders/index
[ sql ] [ DB ] CONNECT:[ UseTime:0.002655s ] mysql:host=127.0.0.1;port=3306;dbname=epay_3ii_cn;charset=utf8
[ sql ] [ SQL ] SHOW COLUMNS FROM `box_config` [ RunTime:0.001004s ]
[ sql ] [ SQL ] SELECT `value` FROM `box_config` WHERE  `code` = 'admin_login_path' LIMIT 1 [ RunTime:0.000303s ]
[ sql ] [ SQL ] SHOW COLUMNS FROM `box_admin` [ RunTime:0.000773s ]
[ sql ] [ SQL ] SELECT * FROM `box_admin` WHERE  `names` = 'ichuxin' LIMIT 1 [ RunTime:0.000252s ]
[ sql ] [ SQL ] SHOW COLUMNS FROM `box_operation` [ RunTime:0.000789s ]
[ sql ] [ SQL ] INSERT INTO `box_operation` (`action` , `name` , `time`) VALUES ('admin/orders/index' , 'ichuxin' , 1569725431) [ RunTime:0.000288s ]
[ sql ] [ SQL ] SELECT * FROM `box_admin` WHERE  `names` = 'ichuxin' LIMIT 1 [ RunTime:0.000207s ]
[ sql ] [ SQL ] SHOW COLUMNS FROM `box_auth_role` [ RunTime:0.000550s ]
[ sql ] [ SQL ] SELECT `role_name` FROM `box_auth_role` WHERE  `role_id` = 1 LIMIT 1 [ RunTime:0.000193s ]
[ sql ] [ SQL ] SELECT * FROM `box_auth_role` WHERE  `role_id` = 1 LIMIT 1 [ RunTime:0.000311s ]
[ sql ] [ SQL ] SHOW COLUMNS FROM `box_auth_menu` [ RunTime:0.000596s ]
[ sql ] [ SQL ] SELECT `url` FROM `box_auth_menu` WHERE  `id` IN (26,32,34,35,48,49,50,1,3,11,12,13,4,14,15,16,5,7,8,9,10,6,17,18,20,2,47,51,54,52,58,53,59,60,61,36,37,39,40,41,43,44,38,55,56,42,62,57,63,45,46) [ RunTime:0.000345s ]
[ sql ] [ SQL ] SELECT * FROM `box_auth_role` WHERE  `role_id` = 1 LIMIT 1 [ RunTime:0.000228s ]
[ sql ] [ SQL ] SELECT * FROM `box_auth_menu` WHERE  `parent_id` = 0  AND `type` = 'menu'  AND `id` IN (26,32,34,35,48,49,50,1,3,11,12,13,4,14,15,16,5,7,8,9,10,6,17,18,20,2,47,51,54,52,58,53,59,60,61,36,37,39,40,41,43,44,38,55,56,42,62,57,63,45,46) ORDER BY `sort` ASC [ RunTime:0.000322s ]
[ sql ] [ SQL ] SELECT * FROM `box_auth_menu` WHERE  `parent_id` = 26  AND `type` = 'menu'  AND `id` IN (26,32,34,35,48,49,50,1,3,11,12,13,4,14,15,16,5,7,8,9,10,6,17,18,20,2,47,51,54,52,58,53,59,60,61,36,37,39,40,41,43,44,38,55,56,42,62,57,63,45,46) ORDER BY `sort` ASC [ RunTime:0.000340s ]
[ sql ] [ SQL ] SELECT * FROM `box_auth_menu` WHERE  `parent_id` = 1  AND `type` = 'menu'  AND `id` IN (26,32,34,35,48,49,50,1,3,11,12,13,4,14,15,16,5,7,8,9,10,6,17,18,20,2,47,51,54,52,58,53,59,60,61,36,37,39,40,41,43,44,38,55,56,42,62,57,63,45,46) ORDER BY `sort` ASC [ RunTime:0.000351s ]
[ sql ] [ SQL ] SELECT * FROM `box_auth_menu` WHERE  `parent_id` = 2  AND `type` = 'menu'  AND `id` IN (26,32,34,35,48,49,50,1,3,11,12,13,4,14,15,16,5,7,8,9,10,6,17,18,20,2,47,51,54,52,58,53,59,60,61,36,37,39,40,41,43,44,38,55,56,42,62,57,63,45,46) ORDER BY `sort` ASC [ RunTime:0.000329s ]
[ sql ] [ SQL ] SELECT * FROM `box_auth_menu` WHERE  `parent_id` = 51  AND `type` = 'menu'  AND `id` IN (26,32,34,35,48,49,50,1,3,11,12,13,4,14,15,16,5,7,8,9,10,6,17,18,20,2,47,51,54,52,58,53,59,60,61,36,37,39,40,41,43,44,38,55,56,42,62,57,63,45,46) ORDER BY `sort` ASC [ RunTime:0.000310s ]
[ sql ] [ SQL ] SELECT * FROM `box_auth_menu` WHERE  `parent_id` = 59  AND `type` = 'menu'  AND `id` IN (26,32,34,35,48,49,50,1,3,11,12,13,4,14,15,16,5,7,8,9,10,6,17,18,20,2,47,51,54,52,58,53,59,60,61,36,37,39,40,41,43,44,38,55,56,42,62,57,63,45,46) ORDER BY `sort` ASC [ RunTime:0.000327s ]
[ sql ] [ SQL ] SELECT * FROM `box_auth_menu` WHERE  `parent_id` = 36  AND `type` = 'menu'  AND `id` IN (26,32,34,35,48,49,50,1,3,11,12,13,4,14,15,16,5,7,8,9,10,6,17,18,20,2,47,51,54,52,58,53,59,60,61,36,37,39,40,41,43,44,38,55,56,42,62,57,63,45,46) ORDER BY `sort` ASC [ RunTime:0.000355s ]
[ sql ] [ SQL ] SELECT * FROM `box_auth_menu` WHERE  `parent_id` = 55  AND `type` = 'menu'  AND `id` IN (26,32,34,35,48,49,50,1,3,11,12,13,4,14,15,16,5,7,8,9,10,6,17,18,20,2,47,51,54,52,58,53,59,60,61,36,37,39,40,41,43,44,38,55,56,42,62,57,63,45,46) ORDER BY `sort` ASC [ RunTime:0.000303s ]
[ sql ] [ SQL ] SELECT * FROM `box_auth_menu` WHERE  `parent_id` = 45  AND `type` = 'menu'  AND `id` IN (26,32,34,35,48,49,50,1,3,11,12,13,4,14,15,16,5,7,8,9,10,6,17,18,20,2,47,51,54,52,58,53,59,60,61,36,37,39,40,41,43,44,38,55,56,42,62,57,63,45,46) ORDER BY `sort` ASC [ RunTime:0.000390s ]
[ sql ] [ SQL ] SHOW COLUMNS FROM `box_pay_order` [ RunTime:0.000969s ]
[ sql ] [ SQL ] SELECT COUNT(*) AS tp_count FROM `box_pay_order` WHERE  `create_date` BETWEEN 1567267200 AND 1569772799 LIMIT 1 [ RunTime:0.000357s ]
[ sql ] [ SQL ] SELECT * FROM `box_pay_order` WHERE  `create_date` BETWEEN 1567267200 AND 1569772799 ORDER BY `create_date` DESC LIMIT 0,90 [ RunTime:0.000763s ]
---------------------------------------------------------------
[ 2019-09-29T10:50:35+08:00 ] 61.154.77.218 GET ccpay.3ii.cn/admin/echarts/user
[ sql ] [ DB ] CONNECT:[ UseTime:0.000456s ] mysql:host=127.0.0.1;port=3306;dbname=epay_3ii_cn;charset=utf8
[ sql ] [ SQL ] SHOW COLUMNS FROM `box_config` [ RunTime:0.000780s ]
[ sql ] [ SQL ] SELECT `value` FROM `box_config` WHERE  `code` = 'admin_login_path' LIMIT 1 [ RunTime:0.000235s ]
[ sql ] [ SQL ] SHOW COLUMNS FROM `box_admin` [ RunTime:0.000729s ]
[ sql ] [ SQL ] SELECT * FROM `box_admin` WHERE  `names` = 'ichuxin' LIMIT 1 [ RunTime:0.000261s ]
[ sql ] [ SQL ] SHOW COLUMNS FROM `box_operation` [ RunTime:0.000567s ]
[ sql ] [ SQL ] INSERT INTO `box_operation` (`action` , `name` , `time`) VALUES ('admin/echarts/user' , 'ichuxin' , 1569725435) [ RunTime:0.000302s ]
[ sql ] [ SQL ] SELECT * FROM `box_admin` WHERE  `names` = 'ichuxin' LIMIT 1 [ RunTime:0.000213s ]
[ sql ] [ SQL ] SHOW COLUMNS FROM `box_auth_role` [ RunTime:0.000552s ]
[ sql ] [ SQL ] SELECT `role_name` FROM `box_auth_role` WHERE  `role_id` = 1 LIMIT 1 [ RunTime:0.000189s ]
[ sql ] [ SQL ] SELECT * FROM `box_auth_role` WHERE  `role_id` = 1 LIMIT 1 [ RunTime:0.000260s ]
[ sql ] [ SQL ] SHOW COLUMNS FROM `box_auth_menu` [ RunTime:0.000787s ]
[ sql ] [ SQL ] SELECT `url` FROM `box_auth_menu` WHERE  `id` IN (26,32,34,35,48,49,50,1,3,11,12,13,4,14,15,16,5,7,8,9,10,6,17,18,20,2,47,51,54,52,58,53,59,60,61,36,37,39,40,41,43,44,38,55,56,42,62,57,63,45,46) [ RunTime:0.000443s ]
[ sql ] [ SQL ] SELECT * FROM `box_auth_role` WHERE  `role_id` = 1 LIMIT 1 [ RunTime:0.000287s ]
[ sql ] [ SQL ] SELECT * FROM `box_auth_menu` WHERE  `parent_id` = 0  AND `type` = 'menu'  AND `id` IN (26,32,34,35,48,49,50,1,3,11,12,13,4,14,15,16,5,7,8,9,10,6,17,18,20,2,47,51,54,52,58,53,59,60,61,36,37,39,40,41,43,44,38,55,56,42,62,57,63,45,46) ORDER BY `sort` ASC [ RunTime:0.000382s ]
[ sql ] [ SQL ] SELECT * FROM `box_auth_menu` WHERE  `parent_id` = 26  AND `type` = 'menu'  AND `id` IN (26,32,34,35,48,49,50,1,3,11,12,13,4,14,15,16,5,7,8,9,10,6,17,18,20,2,47,51,54,52,58,53,59,60,61,36,37,39,40,41,43,44,38,55,56,42,62,57,63,45,46) ORDER BY `sort` ASC [ RunTime:0.000369s ]
[ sql ] [ SQL ] SELECT * FROM `box_auth_menu` WHERE  `parent_id` = 1  AND `type` = 'menu'  AND `id` IN (26,32,34,35,48,49,50,1,3,11,12,13,4,14,15,16,5,7,8,9,10,6,17,18,20,2,47,51,54,52,58,53,59,60,61,36,37,39,40,41,43,44,38,55,56,42,62,57,63,45,46) ORDER BY `sort` ASC [ RunTime:0.000342s ]
[ sql ] [ SQL ] SELECT * FROM `box_auth_menu` WHERE  `parent_id` = 2  AND `type` = 'menu'  AND `id` IN (26,32,34,35,48,49,50,1,3,11,12,13,4,14,15,16,5,7,8,9,10,6,17,18,20,2,47,51,54,52,58,53,59,60,61,36,37,39,40,41,43,44,38,55,56,42,62,57,63,45,46) ORDER BY `sort` ASC [ RunTime:0.000329s ]
[ sql ] [ SQL ] SELECT * FROM `box_auth_menu` WHERE  `parent_id` = 51  AND `type` = 'menu'  AND `id` IN (26,32,34,35,48,49,50,1,3,11,12,13,4,14,15,16,5,7,8,9,10,6,17,18,20,2,47,51,54,52,58,53,59,60,61,36,37,39,40,41,43,44,38,55,56,42,62,57,63,45,46) ORDER BY `sort` ASC [ RunTime:0.000321s ]
[ sql ] [ SQL ] SELECT * FROM `box_auth_menu` WHERE  `parent_id` = 59  AND `type` = 'menu'  AND `id` IN (26,32,34,35,48,49,50,1,3,11,12,13,4,14,15,16,5,7,8,9,10,6,17,18,20,2,47,51,54,52,58,53,59,60,61,36,37,39,40,41,43,44,38,55,56,42,62,57,63,45,46) ORDER BY `sort` ASC [ RunTime:0.000332s ]
[ sql ] [ SQL ] SELECT * FROM `box_auth_menu` WHERE  `parent_id` = 36  AND `type` = 'menu'  AND `id` IN (26,32,34,35,48,49,50,1,3,11,12,13,4,14,15,16,5,7,8,9,10,6,17,18,20,2,47,51,54,52,58,53,59,60,61,36,37,39,40,41,43,44,38,55,56,42,62,57,63,45,46) ORDER BY `sort` ASC [ RunTime:0.000317s ]
[ sql ] [ SQL ] SELECT * FROM `box_auth_menu` WHERE  `parent_id` = 55  AND `type` = 'menu'  AND `id` IN (26,32,34,35,48,49,50,1,3,11,12,13,4,14,15,16,5,7,8,9,10,6,17,18,20,2,47,51,54,52,58,53,59,60,61,36,37,39,40,41,43,44,38,55,56,42,62,57,63,45,46) ORDER BY `sort` ASC [ RunTime:0.000303s ]
[ sql ] [ SQL ] SELECT * FROM `box_auth_menu` WHERE  `parent_id` = 45  AND `type` = 'menu'  AND `id` IN (26,32,34,35,48,49,50,1,3,11,12,13,4,14,15,16,5,7,8,9,10,6,17,18,20,2,47,51,54,52,58,53,59,60,61,36,37,39,40,41,43,44,38,55,56,42,62,57,63,45,46) ORDER BY `sort` ASC [ RunTime:0.000334s ]
[ sql ] [ SQL ] SHOW COLUMNS FROM `box_user` [ RunTime:0.000857s ]
---------------------------------------------------------------
[ 2019-09-29T10:50:37+08:00 ] 61.154.77.218 GET ccpay.3ii.cn/admin/manage/ad
[ sql ] [ DB ] CONNECT:[ UseTime:0.000365s ] mysql:host=127.0.0.1;port=3306;dbname=epay_3ii_cn;charset=utf8
[ sql ] [ SQL ] SHOW COLUMNS FROM `box_config` [ RunTime:0.000697s ]
[ sql ] [ SQL ] SELECT `value` FROM `box_config` WHERE  `code` = 'admin_login_path' LIMIT 1 [ RunTime:0.000253s ]
[ sql ] [ SQL ] SHOW COLUMNS FROM `box_admin` [ RunTime:0.000822s ]
[ sql ] [ SQL ] SELECT * FROM `box_admin` WHERE  `names` = 'ichuxin' LIMIT 1 [ RunTime:0.000287s ]
[ sql ] [ SQL ] SHOW COLUMNS FROM `box_operation` [ RunTime:0.000631s ]
[ sql ] [ SQL ] INSERT INTO `box_operation` (`action` , `name` , `time`) VALUES ('admin/manage/ad' , 'ichuxin' , 1569725437) [ RunTime:0.000289s ]
[ sql ] [ SQL ] SELECT * FROM `box_admin` WHERE  `names` = 'ichuxin' LIMIT 1 [ RunTime:0.000234s ]
[ sql ] [ SQL ] SHOW COLUMNS FROM `box_auth_role` [ RunTime:0.000783s ]
[ sql ] [ SQL ] SELECT `role_name` FROM `box_auth_role` WHERE  `role_id` = 1 LIMIT 1 [ RunTime:0.000197s ]
[ sql ] [ SQL ] SELECT * FROM `box_auth_role` WHERE  `role_id` = 1 LIMIT 1 [ RunTime:0.000739s ]
[ sql ] [ SQL ] SHOW COLUMNS FROM `box_auth_menu` [ RunTime:0.000652s ]
[ sql ] [ SQL ] SELECT `url` FROM `box_auth_menu` WHERE  `id` IN (26,32,34,35,48,49,50,1,3,11,12,13,4,14,15,16,5,7,8,9,10,6,17,18,20,2,47,51,54,52,58,53,59,60,61,36,37,39,40,41,43,44,38,55,56,42,62,57,63,45,46) [ RunTime:0.000478s ]
[ sql ] [ SQL ] SELECT * FROM `box_auth_role` WHERE  `role_id` = 1 LIMIT 1 [ RunTime:0.000216s ]
[ sql ] [ SQL ] SELECT * FROM `box_auth_menu` WHERE  `parent_id` = 0  AND `type` = 'menu'  AND `id` IN (26,32,34,35,48,49,50,1,3,11,12,13,4,14,15,16,5,7,8,9,10,6,17,18,20,2,47,51,54,52,58,53,59,60,61,36,37,39,40,41,43,44,38,55,56,42,62,57,63,45,46) ORDER BY `sort` ASC [ RunTime:0.000363s ]
[ sql ] [ SQL ] SELECT * FROM `box_auth_menu` WHERE  `parent_id` = 26  AND `type` = 'menu'  AND `id` IN (26,32,34,35,48,49,50,1,3,11,12,13,4,14,15,16,5,7,8,9,10,6,17,18,20,2,47,51,54,52,58,53,59,60,61,36,37,39,40,41,43,44,38,55,56,42,62,57,63,45,46) ORDER BY `sort` ASC [ RunTime:0.000311s ]
[ sql ] [ SQL ] SELECT * FROM `box_auth_menu` WHERE  `parent_id` = 1  AND `type` = 'menu'  AND `id` IN (26,32,34,35,48,49,50,1,3,11,12,13,4,14,15,16,5,7,8,9,10,6,17,18,20,2,47,51,54,52,58,53,59,60,61,36,37,39,40,41,43,44,38,55,56,42,62,57,63,45,46) ORDER BY `sort` ASC [ RunTime:0.000324s ]
[ sql ] [ SQL ] SELECT * FROM `box_auth_menu` WHERE  `parent_id` = 2  AND `type` = 'menu'  AND `id` IN (26,32,34,35,48,49,50,1,3,11,12,13,4,14,15,16,5,7,8,9,10,6,17,18,20,2,47,51,54,52,58,53,59,60,61,36,37,39,40,41,43,44,38,55,56,42,62,57,63,45,46) ORDER BY `sort` ASC [ RunTime:0.000328s ]
[ sql ] [ SQL ] SELECT * FROM `box_auth_menu` WHERE  `parent_id` = 51  AND `type` = 'menu'  AND `id` IN (26,32,34,35,48,49,50,1,3,11,12,13,4,14,15,16,5,7,8,9,10,6,17,18,20,2,47,51,54,52,58,53,59,60,61,36,37,39,40,41,43,44,38,55,56,42,62,57,63,45,46) ORDER BY `sort` ASC [ RunTime:0.000310s ]
[ sql ] [ SQL ] SELECT * FROM `box_auth_menu` WHERE  `parent_id` = 59  AND `type` = 'menu'  AND `id` IN (26,32,34,35,48,49,50,1,3,11,12,13,4,14,15,16,5,7,8,9,10,6,17,18,20,2,47,51,54,52,58,53,59,60,61,36,37,39,40,41,43,44,38,55,56,42,62,57,63,45,46) ORDER BY `sort` ASC [ RunTime:0.000347s ]
[ sql ] [ SQL ] SELECT * FROM `box_auth_menu` WHERE  `parent_id` = 36  AND `type` = 'menu'  AND `id` IN (26,32,34,35,48,49,50,1,3,11,12,13,4,14,15,16,5,7,8,9,10,6,17,18,20,2,47,51,54,52,58,53,59,60,61,36,37,39,40,41,43,44,38,55,56,42,62,57,63,45,46) ORDER BY `sort` ASC [ RunTime:0.000325s ]
[ sql ] [ SQL ] SELECT * FROM `box_auth_menu` WHERE  `parent_id` = 55  AND `type` = 'menu'  AND `id` IN (26,32,34,35,48,49,50,1,3,11,12,13,4,14,15,16,5,7,8,9,10,6,17,18,20,2,47,51,54,52,58,53,59,60,61,36,37,39,40,41,43,44,38,55,56,42,62,57,63,45,46) ORDER BY `sort` ASC [ RunTime:0.000299s ]
[ sql ] [ SQL ] SELECT * FROM `box_auth_menu` WHERE  `parent_id` = 45  AND `type` = 'menu'  AND `id` IN (26,32,34,35,48,49,50,1,3,11,12,13,4,14,15,16,5,7,8,9,10,6,17,18,20,2,47,51,54,52,58,53,59,60,61,36,37,39,40,41,43,44,38,55,56,42,62,57,63,45,46) ORDER BY `sort` ASC [ RunTime:0.000302s ]
---------------------------------------------------------------
[ 2019-09-29T10:50:37+08:00 ] 61.154.77.218 POST ccpay.3ii.cn/admin/manage/ad
[ sql ] [ DB ] CONNECT:[ UseTime:0.000402s ] mysql:host=127.0.0.1;port=3306;dbname=epay_3ii_cn;charset=utf8
[ sql ] [ SQL ] SHOW COLUMNS FROM `box_config` [ RunTime:0.000777s ]
[ sql ] [ SQL ] SELECT `value` FROM `box_config` WHERE  `code` = 'admin_login_path' LIMIT 1 [ RunTime:0.000224s ]
[ sql ] [ SQL ] SHOW COLUMNS FROM `box_admin` [ RunTime:0.000812s ]
[ sql ] [ SQL ] SELECT * FROM `box_admin` WHERE  `names` = 'ichuxin' LIMIT 1 [ RunTime:0.000297s ]
[ sql ] [ SQL ] SHOW COLUMNS FROM `box_operation` [ RunTime:0.000557s ]
[ sql ] [ SQL ] INSERT INTO `box_operation` (`action` , `name` , `time`) VALUES ('admin/manage/ad' , 'ichuxin' , 1569725437) [ RunTime:0.000282s ]
[ sql ] [ SQL ] SELECT * FROM `box_admin` WHERE  `names` = 'ichuxin' LIMIT 1 [ RunTime:0.000218s ]
[ sql ] [ SQL ] SHOW COLUMNS FROM `box_auth_role` [ RunTime:0.000577s ]
[ sql ] [ SQL ] SELECT `role_name` FROM `box_auth_role` WHERE  `role_id` = 1 LIMIT 1 [ RunTime:0.000193s ]
[ sql ] [ SQL ] SELECT * FROM `box_auth_role` WHERE  `role_id` = 1 LIMIT 1 [ RunTime:0.000275s ]
[ sql ] [ SQL ] SHOW COLUMNS FROM `box_auth_menu` [ RunTime:0.000711s ]
[ sql ] [ SQL ] SELECT `url` FROM `box_auth_menu` WHERE  `id` IN (26,32,34,35,48,49,50,1,3,11,12,13,4,14,15,16,5,7,8,9,10,6,17,18,20,2,47,51,54,52,58,53,59,60,61,36,37,39,40,41,43,44,38,55,56,42,62,57,63,45,46) [ RunTime:0.000388s ]
[ sql ] [ SQL ] SELECT * FROM `box_auth_role` WHERE  `role_id` = 1 LIMIT 1 [ RunTime:0.000251s ]
[ sql ] [ SQL ] SELECT * FROM `box_auth_menu` WHERE  `parent_id` = 0  AND `type` = 'menu'  AND `id` IN (26,32,34,35,48,49,50,1,3,11,12,13,4,14,15,16,5,7,8,9,10,6,17,18,20,2,47,51,54,52,58,53,59,60,61,36,37,39,40,41,43,44,38,55,56,42,62,57,63,45,46) ORDER BY `sort` ASC [ RunTime:0.000326s ]
[ sql ] [ SQL ] SELECT * FROM `box_auth_menu` WHERE  `parent_id` = 26  AND `type` = 'menu'  AND `id` IN (26,32,34,35,48,49,50,1,3,11,12,13,4,14,15,16,5,7,8,9,10,6,17,18,20,2,47,51,54,52,58,53,59,60,61,36,37,39,40,41,43,44,38,55,56,42,62,57,63,45,46) ORDER BY `sort` ASC [ RunTime:0.000327s ]
[ sql ] [ SQL ] SELECT * FROM `box_auth_menu` WHERE  `parent_id` = 1  AND `type` = 'menu'  AND `id` IN (26,32,34,35,48,49,50,1,3,11,12,13,4,14,15,16,5,7,8,9,10,6,17,18,20,2,47,51,54,52,58,53,59,60,61,36,37,39,40,41,43,44,38,55,56,42,62,57,63,45,46) ORDER BY `sort` ASC [ RunTime:0.000323s ]
[ sql ] [ SQL ] SELECT * FROM `box_auth_menu` WHERE  `parent_id` = 2  AND `type` = 'menu'  AND `id` IN (26,32,34,35,48,49,50,1,3,11,12,13,4,14,15,16,5,7,8,9,10,6,17,18,20,2,47,51,54,52,58,53,59,60,61,36,37,39,40,41,43,44,38,55,56,42,62,57,63,45,46) ORDER BY `sort` ASC [ RunTime:0.000325s ]
[ sql ] [ SQL ] SELECT * FROM `box_auth_menu` WHERE  `parent_id` = 51  AND `type` = 'menu'  AND `id` IN (26,32,34,35,48,49,50,1,3,11,12,13,4,14,15,16,5,7,8,9,10,6,17,18,20,2,47,51,54,52,58,53,59,60,61,36,37,39,40,41,43,44,38,55,56,42,62,57,63,45,46) ORDER BY `sort` ASC [ RunTime:0.000366s ]
[ sql ] [ SQL ] SELECT * FROM `box_auth_menu` WHERE  `parent_id` = 59  AND `type` = 'menu'  AND `id` IN (26,32,34,35,48,49,50,1,3,11,12,13,4,14,15,16,5,7,8,9,10,6,17,18,20,2,47,51,54,52,58,53,59,60,61,36,37,39,40,41,43,44,38,55,56,42,62,57,63,45,46) ORDER BY `sort` ASC [ RunTime:0.000313s ]
[ sql ] [ SQL ] SELECT * FROM `box_auth_menu` WHERE  `parent_id` = 36  AND `type` = 'menu'  AND `id` IN (26,32,34,35,48,49,50,1,3,11,12,13,4,14,15,16,5,7,8,9,10,6,17,18,20,2,47,51,54,52,58,53,59,60,61,36,37,39,40,41,43,44,38,55,56,42,62,57,63,45,46) ORDER BY `sort` ASC [ RunTime:0.000327s ]
[ sql ] [ SQL ] SELECT * FROM `box_auth_menu` WHERE  `parent_id` = 55  AND `type` = 'menu'  AND `id` IN (26,32,34,35,48,49,50,1,3,11,12,13,4,14,15,16,5,7,8,9,10,6,17,18,20,2,47,51,54,52,58,53,59,60,61,36,37,39,40,41,43,44,38,55,56,42,62,57,63,45,46) ORDER BY `sort` ASC [ RunTime:0.000336s ]
[ sql ] [ SQL ] SELECT * FROM `box_auth_menu` WHERE  `parent_id` = 45  AND `type` = 'menu'  AND `id` IN (26,32,34,35,48,49,50,1,3,11,12,13,4,14,15,16,5,7,8,9,10,6,17,18,20,2,47,51,54,52,58,53,59,60,61,36,37,39,40,41,43,44,38,55,56,42,62,57,63,45,46) ORDER BY `sort` ASC [ RunTime:0.000358s ]
[ sql ] [ SQL ] SHOW COLUMNS FROM `box_ad` [ RunTime:0.000701s ]
[ sql ] [ SQL ] SELECT COUNT(*) AS tp_count FROM `box_ad` LIMIT 1 [ RunTime:0.000174s ]
[ sql ] [ SQL ] SELECT * FROM `box_ad` ORDER BY `add_time` DESC LIMIT 0,10 [ RunTime:0.000191s ]
---------------------------------------------------------------
[ 2019-09-29T10:50:37+08:00 ] 61.154.77.218 GET ccpay.3ii.cn/admin/manage/message
[ sql ] [ DB ] CONNECT:[ UseTime:0.000435s ] mysql:host=127.0.0.1;port=3306;dbname=epay_3ii_cn;charset=utf8
[ sql ] [ SQL ] SHOW COLUMNS FROM `box_config` [ RunTime:0.000874s ]
[ sql ] [ SQL ] SELECT `value` FROM `box_config` WHERE  `code` = 'admin_login_path' LIMIT 1 [ RunTime:0.000250s ]
[ sql ] [ SQL ] SHOW COLUMNS FROM `box_admin` [ RunTime:0.000729s ]
[ sql ] [ SQL ] SELECT * FROM `box_admin` WHERE  `names` = 'ichuxin' LIMIT 1 [ RunTime:0.000257s ]
[ sql ] [ SQL ] SHOW COLUMNS FROM `box_operation` [ RunTime:0.000616s ]
[ sql ] [ SQL ] INSERT INTO `box_operation` (`action` , `name` , `time`) VALUES ('admin/manage/message' , 'ichuxin' , 1569725437) [ RunTime:0.000272s ]
[ sql ] [ SQL ] SELECT * FROM `box_admin` WHERE  `names` = 'ichuxin' LIMIT 1 [ RunTime:0.000237s ]
[ sql ] [ SQL ] SHOW COLUMNS FROM `box_auth_role` [ RunTime:0.000572s ]
[ sql ] [ SQL ] SELECT `role_name` FROM `box_auth_role` WHERE  `role_id` = 1 LIMIT 1 [ RunTime:0.000203s ]
[ sql ] [ SQL ] SELECT * FROM `box_auth_role` WHERE  `role_id` = 1 LIMIT 1 [ RunTime:0.000283s ]
[ sql ] [ SQL ] SHOW COLUMNS FROM `box_auth_menu` [ RunTime:0.000659s ]
[ sql ] [ SQL ] SELECT `url` FROM `box_auth_menu` WHERE  `id` IN (26,32,34,35,48,49,50,1,3,11,12,13,4,14,15,16,5,7,8,9,10,6,17,18,20,2,47,51,54,52,58,53,59,60,61,36,37,39,40,41,43,44,38,55,56,42,62,57,63,45,46) [ RunTime:0.000322s ]
[ sql ] [ SQL ] SELECT * FROM `box_auth_role` WHERE  `role_id` = 1 LIMIT 1 [ RunTime:0.000207s ]
[ sql ] [ SQL ] SELECT * FROM `box_auth_menu` WHERE  `parent_id` = 0  AND `type` = 'menu'  AND `id` IN (26,32,34,35,48,49,50,1,3,11,12,13,4,14,15,16,5,7,8,9,10,6,17,18,20,2,47,51,54,52,58,53,59,60,61,36,37,39,40,41,43,44,38,55,56,42,62,57,63,45,46) ORDER BY `sort` ASC [ RunTime:0.000437s ]
[ sql ] [ SQL ] SELECT * FROM `box_auth_menu` WHERE  `parent_id` = 26  AND `type` = 'menu'  AND `id` IN (26,32,34,35,48,49,50,1,3,11,12,13,4,14,15,16,5,7,8,9,10,6,17,18,20,2,47,51,54,52,58,53,59,60,61,36,37,39,40,41,43,44,38,55,56,42,62,57,63,45,46) ORDER BY `sort` ASC [ RunTime:0.000324s ]
[ sql ] [ SQL ] SELECT * FROM `box_auth_menu` WHERE  `parent_id` = 1  AND `type` = 'menu'  AND `id` IN (26,32,34,35,48,49,50,1,3,11,12,13,4,14,15,16,5,7,8,9,10,6,17,18,20,2,47,51,54,52,58,53,59,60,61,36,37,39,40,41,43,44,38,55,56,42,62,57,63,45,46) ORDER BY `sort` ASC [ RunTime:0.000339s ]
[ sql ] [ SQL ] SELECT * FROM `box_auth_menu` WHERE  `parent_id` = 2  AND `type` = 'menu'  AND `id` IN (26,32,34,35,48,49,50,1,3,11,12,13,4,14,15,16,5,7,8,9,10,6,17,18,20,2,47,51,54,52,58,53,59,60,61,36,37,39,40,41,43,44,38,55,56,42,62,57,63,45,46) ORDER BY `sort` ASC [ RunTime:0.000340s ]
[ sql ] [ SQL ] SELECT * FROM `box_auth_menu` WHERE  `parent_id` = 51  AND `type` = 'menu'  AND `id` IN (26,32,34,35,48,49,50,1,3,11,12,13,4,14,15,16,5,7,8,9,10,6,17,18,20,2,47,51,54,52,58,53,59,60,61,36,37,39,40,41,43,44,38,55,56,42,62,57,63,45,46) ORDER BY `sort` ASC [ RunTime:0.000328s ]
[ sql ] [ SQL ] SELECT * FROM `box_auth_menu` WHERE  `parent_id` = 59  AND `type` = 'menu'  AND `id` IN (26,32,34,35,48,49,50,1,3,11,12,13,4,14,15,16,5,7,8,9,10,6,17,18,20,2,47,51,54,52,58,53,59,60,61,36,37,39,40,41,43,44,38,55,56,42,62,57,63,45,46) ORDER BY `sort` ASC [ RunTime:0.000329s ]
[ sql ] [ SQL ] SELECT * FROM `box_auth_menu` WHERE  `parent_id` = 36  AND `type` = 'menu'  AND `id` IN (26,32,34,35,48,49,50,1,3,11,12,13,4,14,15,16,5,7,8,9,10,6,17,18,20,2,47,51,54,52,58,53,59,60,61,36,37,39,40,41,43,44,38,55,56,42,62,57,63,45,46) ORDER BY `sort` ASC [ RunTime:0.000338s ]
[ sql ] [ SQL ] SELECT * FROM `box_auth_menu` WHERE  `parent_id` = 55  AND `type` = 'menu'  AND `id` IN (26,32,34,35,48,49,50,1,3,11,12,13,4,14,15,16,5,7,8,9,10,6,17,18,20,2,47,51,54,52,58,53,59,60,61,36,37,39,40,41,43,44,38,55,56,42,62,57,63,45,46) ORDER BY `sort` ASC [ RunTime:0.000347s ]
[ sql ] [ SQL ] SELECT * FROM `box_auth_menu` WHERE  `parent_id` = 45  AND `type` = 'menu'  AND `id` IN (26,32,34,35,48,49,50,1,3,11,12,13,4,14,15,16,5,7,8,9,10,6,17,18,20,2,47,51,54,52,58,53,59,60,61,36,37,39,40,41,43,44,38,55,56,42,62,57,63,45,46) ORDER BY `sort` ASC [ RunTime:0.000329s ]
---------------------------------------------------------------
[ 2019-09-29T10:50:38+08:00 ] 61.154.77.218 POST ccpay.3ii.cn/admin/manage/message
[ sql ] [ DB ] CONNECT:[ UseTime:0.000397s ] mysql:host=127.0.0.1;port=3306;dbname=epay_3ii_cn;charset=utf8
[ sql ] [ SQL ] SHOW COLUMNS FROM `box_config` [ RunTime:0.000786s ]
[ sql ] [ SQL ] SELECT `value` FROM `box_config` WHERE  `code` = 'admin_login_path' LIMIT 1 [ RunTime:0.000242s ]
[ sql ] [ SQL ] SHOW COLUMNS FROM `box_admin` [ RunTime:0.000742s ]
[ sql ] [ SQL ] SELECT * FROM `box_admin` WHERE  `names` = 'ichuxin' LIMIT 1 [ RunTime:0.000294s ]
[ sql ] [ SQL ] SHOW COLUMNS FROM `box_operation` [ RunTime:0.000675s ]
[ sql ] [ SQL ] INSERT INTO `box_operation` (`action` , `name` , `time`) VALUES ('admin/manage/message' , 'ichuxin' , 1569725437) [ RunTime:0.000285s ]
[ sql ] [ SQL ] SELECT * FROM `box_admin` WHERE  `names` = 'ichuxin' LIMIT 1 [ RunTime:0.000209s ]
[ sql ] [ SQL ] SHOW COLUMNS FROM `box_auth_role` [ RunTime:0.000549s ]
[ sql ] [ SQL ] SELECT `role_name` FROM `box_auth_role` WHERE  `role_id` = 1 LIMIT 1 [ RunTime:0.000208s ]
[ sql ] [ SQL ] SELECT * FROM `box_auth_role` WHERE  `role_id` = 1 LIMIT 1 [ RunTime:0.000343s ]
[ sql ] [ SQL ] SHOW COLUMNS FROM `box_auth_menu` [ RunTime:0.000618s ]
[ sql ] [ SQL ] SELECT `url` FROM `box_auth_menu` WHERE  `id` IN (26,32,34,35,48,49,50,1,3,11,12,13,4,14,15,16,5,7,8,9,10,6,17,18,20,2,47,51,54,52,58,53,59,60,61,36,37,39,40,41,43,44,38,55,56,42,62,57,63,45,46) [ RunTime:0.000390s ]
[ sql ] [ SQL ] SELECT * FROM `box_auth_role` WHERE  `role_id` = 1 LIMIT 1 [ RunTime:0.000207s ]
[ sql ] [ SQL ] SELECT * FROM `box_auth_menu` WHERE  `parent_id` = 0  AND `type` = 'menu'  AND `id` IN (26,32,34,35,48,49,50,1,3,11,12,13,4,14,15,16,5,7,8,9,10,6,17,18,20,2,47,51,54,52,58,53,59,60,61,36,37,39,40,41,43,44,38,55,56,42,62,57,63,45,46) ORDER BY `sort` ASC [ RunTime:0.000394s ]
[ sql ] [ SQL ] SELECT * FROM `box_auth_menu` WHERE  `parent_id` = 26  AND `type` = 'menu'  AND `id` IN (26,32,34,35,48,49,50,1,3,11,12,13,4,14,15,16,5,7,8,9,10,6,17,18,20,2,47,51,54,52,58,53,59,60,61,36,37,39,40,41,43,44,38,55,56,42,62,57,63,45,46) ORDER BY `sort` ASC [ RunTime:0.000315s ]
[ sql ] [ SQL ] SELECT * FROM `box_auth_menu` WHERE  `parent_id` = 1  AND `type` = 'menu'  AND `id` IN (26,32,34,35,48,49,50,1,3,11,12,13,4,14,15,16,5,7,8,9,10,6,17,18,20,2,47,51,54,52,58,53,59,60,61,36,37,39,40,41,43,44,38,55,56,42,62,57,63,45,46) ORDER BY `sort` ASC [ RunTime:0.000310s ]
[ sql ] [ SQL ] SELECT * FROM `box_auth_menu` WHERE  `parent_id` = 2  AND `type` = 'menu'  AND `id` IN (26,32,34,35,48,49,50,1,3,11,12,13,4,14,15,16,5,7,8,9,10,6,17,18,20,2,47,51,54,52,58,53,59,60,61,36,37,39,40,41,43,44,38,55,56,42,62,57,63,45,46) ORDER BY `sort` ASC [ RunTime:0.000422s ]
[ sql ] [ SQL ] SELECT * FROM `box_auth_menu` WHERE  `parent_id` = 51  AND `type` = 'menu'  AND `id` IN (26,32,34,35,48,49,50,1,3,11,12,13,4,14,15,16,5,7,8,9,10,6,17,18,20,2,47,51,54,52,58,53,59,60,61,36,37,39,40,41,43,44,38,55,56,42,62,57,63,45,46) ORDER BY `sort` ASC [ RunTime:0.000336s ]
[ sql ] [ SQL ] SELECT * FROM `box_auth_menu` WHERE  `parent_id` = 59  AND `type` = 'menu'  AND `id` IN (26,32,34,35,48,49,50,1,3,11,12,13,4,14,15,16,5,7,8,9,10,6,17,18,20,2,47,51,54,52,58,53,59,60,61,36,37,39,40,41,43,44,38,55,56,42,62,57,63,45,46) ORDER BY `sort` ASC [ RunTime:0.000304s ]
[ sql ] [ SQL ] SELECT * FROM `box_auth_menu` WHERE  `parent_id` = 36  AND `type` = 'menu'  AND `id` IN (26,32,34,35,48,49,50,1,3,11,12,13,4,14,15,16,5,7,8,9,10,6,17,18,20,2,47,51,54,52,58,53,59,60,61,36,37,39,40,41,43,44,38,55,56,42,62,57,63,45,46) ORDER BY `sort` ASC [ RunTime:0.000374s ]
[ sql ] [ SQL ] SELECT * FROM `box_auth_menu` WHERE  `parent_id` = 55  AND `type` = 'menu'  AND `id` IN (26,32,34,35,48,49,50,1,3,11,12,13,4,14,15,16,5,7,8,9,10,6,17,18,20,2,47,51,54,52,58,53,59,60,61,36,37,39,40,41,43,44,38,55,56,42,62,57,63,45,46) ORDER BY `sort` ASC [ RunTime:0.000353s ]
[ sql ] [ SQL ] SELECT * FROM `box_auth_menu` WHERE  `parent_id` = 45  AND `type` = 'menu'  AND `id` IN (26,32,34,35,48,49,50,1,3,11,12,13,4,14,15,16,5,7,8,9,10,6,17,18,20,2,47,51,54,52,58,53,59,60,61,36,37,39,40,41,43,44,38,55,56,42,62,57,63,45,46) ORDER BY `sort` ASC [ RunTime:0.000333s ]
[ sql ] [ SQL ] SHOW COLUMNS FROM `box_msg` [ RunTime:0.000931s ]
[ sql ] [ SQL ] SELECT COUNT(*) AS tp_count FROM `box_msg` LIMIT 1 [ RunTime:0.000242s ]
[ sql ] [ SQL ] SELECT * FROM `box_msg` ORDER BY `ctime` DESC LIMIT 0,10 [ RunTime:0.000191s ]
---------------------------------------------------------------
[ 2019-09-29T10:50:38+08:00 ] 61.154.77.218 GET ccpay.3ii.cn/admin/manage/emaillog
[ sql ] [ DB ] CONNECT:[ UseTime:0.000446s ] mysql:host=127.0.0.1;port=3306;dbname=epay_3ii_cn;charset=utf8
[ sql ] [ SQL ] SHOW COLUMNS FROM `box_config` [ RunTime:0.000707s ]
[ sql ] [ SQL ] SELECT `value` FROM `box_config` WHERE  `code` = 'admin_login_path' LIMIT 1 [ RunTime:0.000227s ]
[ sql ] [ SQL ] SHOW COLUMNS FROM `box_admin` [ RunTime:0.000779s ]
[ sql ] [ SQL ] SELECT * FROM `box_admin` WHERE  `names` = 'ichuxin' LIMIT 1 [ RunTime:0.000253s ]
[ sql ] [ SQL ] SHOW COLUMNS FROM `box_operation` [ RunTime:0.000564s ]
[ sql ] [ SQL ] INSERT INTO `box_operation` (`action` , `name` , `time`) VALUES ('admin/manage/emaillog' , 'ichuxin' , 1569725438) [ RunTime:0.000251s ]
[ sql ] [ SQL ] SELECT * FROM `box_admin` WHERE  `names` = 'ichuxin' LIMIT 1 [ RunTime:0.000203s ]
[ sql ] [ SQL ] SHOW COLUMNS FROM `box_auth_role` [ RunTime:0.000532s ]
[ sql ] [ SQL ] SELECT `role_name` FROM `box_auth_role` WHERE  `role_id` = 1 LIMIT 1 [ RunTime:0.000184s ]
[ sql ] [ SQL ] SELECT * FROM `box_auth_role` WHERE  `role_id` = 1 LIMIT 1 [ RunTime:0.000229s ]
[ sql ] [ SQL ] SHOW COLUMNS FROM `box_auth_menu` [ RunTime:0.000593s ]
[ sql ] [ SQL ] SELECT `url` FROM `box_auth_menu` WHERE  `id` IN (26,32,34,35,48,49,50,1,3,11,12,13,4,14,15,16,5,7,8,9,10,6,17,18,20,2,47,51,54,52,58,53,59,60,61,36,37,39,40,41,43,44,38,55,56,42,62,57,63,45,46) [ RunTime:0.000305s ]
[ sql ] [ SQL ] SELECT * FROM `box_auth_role` WHERE  `role_id` = 1 LIMIT 1 [ RunTime:0.000221s ]
[ sql ] [ SQL ] SELECT * FROM `box_auth_menu` WHERE  `parent_id` = 0  AND `type` = 'menu'  AND `id` IN (26,32,34,35,48,49,50,1,3,11,12,13,4,14,15,16,5,7,8,9,10,6,17,18,20,2,47,51,54,52,58,53,59,60,61,36,37,39,40,41,43,44,38,55,56,42,62,57,63,45,46) ORDER BY `sort` ASC [ RunTime:0.000331s ]
[ sql ] [ SQL ] SELECT * FROM `box_auth_menu` WHERE  `parent_id` = 26  AND `type` = 'menu'  AND `id` IN (26,32,34,35,48,49,50,1,3,11,12,13,4,14,15,16,5,7,8,9,10,6,17,18,20,2,47,51,54,52,58,53,59,60,61,36,37,39,40,41,43,44,38,55,56,42,62,57,63,45,46) ORDER BY `sort` ASC [ RunTime:0.000322s ]
[ sql ] [ SQL ] SELECT * FROM `box_auth_menu` WHERE  `parent_id` = 1  AND `type` = 'menu'  AND `id` IN (26,32,34,35,48,49,50,1,3,11,12,13,4,14,15,16,5,7,8,9,10,6,17,18,20,2,47,51,54,52,58,53,59,60,61,36,37,39,40,41,43,44,38,55,56,42,62,57,63,45,46) ORDER BY `sort` ASC [ RunTime:0.000343s ]
[ sql ] [ SQL ] SELECT * FROM `box_auth_menu` WHERE  `parent_id` = 2  AND `type` = 'menu'  AND `id` IN (26,32,34,35,48,49,50,1,3,11,12,13,4,14,15,16,5,7,8,9,10,6,17,18,20,2,47,51,54,52,58,53,59,60,61,36,37,39,40,41,43,44,38,55,56,42,62,57,63,45,46) ORDER BY `sort` ASC [ RunTime:0.000303s ]
[ sql ] [ SQL ] SELECT * FROM `box_auth_menu` WHERE  `parent_id` = 51  AND `type` = 'menu'  AND `id` IN (26,32,34,35,48,49,50,1,3,11,12,13,4,14,15,16,5,7,8,9,10,6,17,18,20,2,47,51,54,52,58,53,59,60,61,36,37,39,40,41,43,44,38,55,56,42,62,57,63,45,46) ORDER BY `sort` ASC [ RunTime:0.000307s ]
[ sql ] [ SQL ] SELECT * FROM `box_auth_menu` WHERE  `parent_id` = 59  AND `type` = 'menu'  AND `id` IN (26,32,34,35,48,49,50,1,3,11,12,13,4,14,15,16,5,7,8,9,10,6,17,18,20,2,47,51,54,52,58,53,59,60,61,36,37,39,40,41,43,44,38,55,56,42,62,57,63,45,46) ORDER BY `sort` ASC [ RunTime:0.000334s ]
[ sql ] [ SQL ] SELECT * FROM `box_auth_menu` WHERE  `parent_id` = 36  AND `type` = 'menu'  AND `id` IN (26,32,34,35,48,49,50,1,3,11,12,13,4,14,15,16,5,7,8,9,10,6,17,18,20,2,47,51,54,52,58,53,59,60,61,36,37,39,40,41,43,44,38,55,56,42,62,57,63,45,46) ORDER BY `sort` ASC [ RunTime:0.000310s ]
[ sql ] [ SQL ] SELECT * FROM `box_auth_menu` WHERE  `parent_id` = 55  AND `type` = 'menu'  AND `id` IN (26,32,34,35,48,49,50,1,3,11,12,13,4,14,15,16,5,7,8,9,10,6,17,18,20,2,47,51,54,52,58,53,59,60,61,36,37,39,40,41,43,44,38,55,56,42,62,57,63,45,46) ORDER BY `sort` ASC [ RunTime:0.000302s ]
[ sql ] [ SQL ] SELECT * FROM `box_auth_menu` WHERE  `parent_id` = 45  AND `type` = 'menu'  AND `id` IN (26,32,34,35,48,49,50,1,3,11,12,13,4,14,15,16,5,7,8,9,10,6,17,18,20,2,47,51,54,52,58,53,59,60,61,36,37,39,40,41,43,44,38,55,56,42,62,57,63,45,46) ORDER BY `sort` ASC [ RunTime:0.000327s ]
---------------------------------------------------------------
[ 2019-09-29T10:50:39+08:00 ] 61.154.77.218 POST ccpay.3ii.cn/admin/manage/emaillog
[ sql ] [ DB ] CONNECT:[ UseTime:0.000359s ] mysql:host=127.0.0.1;port=3306;dbname=epay_3ii_cn;charset=utf8
[ sql ] [ SQL ] SHOW COLUMNS FROM `box_config` [ RunTime:0.000735s ]
[ sql ] [ SQL ] SELECT `value` FROM `box_config` WHERE  `code` = 'admin_login_path' LIMIT 1 [ RunTime:0.000234s ]
[ sql ] [ SQL ] SHOW COLUMNS FROM `box_admin` [ RunTime:0.000756s ]
[ sql ] [ SQL ] SELECT * FROM `box_admin` WHERE  `names` = 'ichuxin' LIMIT 1 [ RunTime:0.000293s ]
[ sql ] [ SQL ] SHOW COLUMNS FROM `box_operation` [ RunTime:0.000617s ]
[ sql ] [ SQL ] INSERT INTO `box_operation` (`action` , `name` , `time`) VALUES ('admin/manage/emaillog' , 'ichuxin' , 1569725439) [ RunTime:0.000284s ]
[ sql ] [ SQL ] SELECT * FROM `box_admin` WHERE  `names` = 'ichuxin' LIMIT 1 [ RunTime:0.000231s ]
[ sql ] [ SQL ] SHOW COLUMNS FROM `box_auth_role` [ RunTime:0.000561s ]
[ sql ] [ SQL ] SELECT `role_name` FROM `box_auth_role` WHERE  `role_id` = 1 LIMIT 1 [ RunTime:0.000181s ]
[ sql ] [ SQL ] SELECT * FROM `box_auth_role` WHERE  `role_id` = 1 LIMIT 1 [ RunTime:0.000250s ]
[ sql ] [ SQL ] SHOW COLUMNS FROM `box_auth_menu` [ RunTime:0.000547s ]
[ sql ] [ SQL ] SELECT `url` FROM `box_auth_menu` WHERE  `id` IN (26,32,34,35,48,49,50,1,3,11,12,13,4,14,15,16,5,7,8,9,10,6,17,18,20,2,47,51,54,52,58,53,59,60,61,36,37,39,40,41,43,44,38,55,56,42,62,57,63,45,46) [ RunTime:0.000368s ]
[ sql ] [ SQL ] SELECT * FROM `box_auth_role` WHERE  `role_id` = 1 LIMIT 1 [ RunTime:0.000196s ]
[ sql ] [ SQL ] SELECT * FROM `box_auth_menu` WHERE  `parent_id` = 0  AND `type` = 'menu'  AND `id` IN (26,32,34,35,48,49,50,1,3,11,12,13,4,14,15,16,5,7,8,9,10,6,17,18,20,2,47,51,54,52,58,53,59,60,61,36,37,39,40,41,43,44,38,55,56,42,62,57,63,45,46) ORDER BY `sort` ASC [ RunTime:0.000322s ]
[ sql ] [ SQL ] SELECT * FROM `box_auth_menu` WHERE  `parent_id` = 26  AND `type` = 'menu'  AND `id` IN (26,32,34,35,48,49,50,1,3,11,12,13,4,14,15,16,5,7,8,9,10,6,17,18,20,2,47,51,54,52,58,53,59,60,61,36,37,39,40,41,43,44,38,55,56,42,62,57,63,45,46) ORDER BY `sort` ASC [ RunTime:0.000349s ]
[ sql ] [ SQL ] SELECT * FROM `box_auth_menu` WHERE  `parent_id` = 1  AND `type` = 'menu'  AND `id` IN (26,32,34,35,48,49,50,1,3,11,12,13,4,14,15,16,5,7,8,9,10,6,17,18,20,2,47,51,54,52,58,53,59,60,61,36,37,39,40,41,43,44,38,55,56,42,62,57,63,45,46) ORDER BY `sort` ASC [ RunTime:0.000343s ]
[ sql ] [ SQL ] SELECT * FROM `box_auth_menu` WHERE  `parent_id` = 2  AND `type` = 'menu'  AND `id` IN (26,32,34,35,48,49,50,1,3,11,12,13,4,14,15,16,5,7,8,9,10,6,17,18,20,2,47,51,54,52,58,53,59,60,61,36,37,39,40,41,43,44,38,55,56,42,62,57,63,45,46) ORDER BY `sort` ASC [ RunTime:0.000306s ]
[ sql ] [ SQL ] SELECT * FROM `box_auth_menu` WHERE  `parent_id` = 51  AND `type` = 'menu'  AND `id` IN (26,32,34,35,48,49,50,1,3,11,12,13,4,14,15,16,5,7,8,9,10,6,17,18,20,2,47,51,54,52,58,53,59,60,61,36,37,39,40,41,43,44,38,55,56,42,62,57,63,45,46) ORDER BY `sort` ASC [ RunTime:0.000330s ]
[ sql ] [ SQL ] SELECT * FROM `box_auth_menu` WHERE  `parent_id` = 59  AND `type` = 'menu'  AND `id` IN (26,32,34,35,48,49,50,1,3,11,12,13,4,14,15,16,5,7,8,9,10,6,17,18,20,2,47,51,54,52,58,53,59,60,61,36,37,39,40,41,43,44,38,55,56,42,62,57,63,45,46) ORDER BY `sort` ASC [ RunTime:0.000307s ]
[ sql ] [ SQL ] SELECT * FROM `box_auth_menu` WHERE  `parent_id` = 36  AND `type` = 'menu'  AND `id` IN (26,32,34,35,48,49,50,1,3,11,12,13,4,14,15,16,5,7,8,9,10,6,17,18,20,2,47,51,54,52,58,53,59,60,61,36,37,39,40,41,43,44,38,55,56,42,62,57,63,45,46) ORDER BY `sort` ASC [ RunTime:0.000306s ]
[ sql ] [ SQL ] SELECT * FROM `box_auth_menu` WHERE  `parent_id` = 55  AND `type` = 'menu'  AND `id` IN (26,32,34,35,48,49,50,1,3,11,12,13,4,14,15,16,5,7,8,9,10,6,17,18,20,2,47,51,54,52,58,53,59,60,61,36,37,39,40,41,43,44,38,55,56,42,62,57,63,45,46) ORDER BY `sort` ASC [ RunTime:0.000320s ]
[ sql ] [ SQL ] SELECT * FROM `box_auth_menu` WHERE  `parent_id` = 45  AND `type` = 'menu'  AND `id` IN (26,32,34,35,48,49,50,1,3,11,12,13,4,14,15,16,5,7,8,9,10,6,17,18,20,2,47,51,54,52,58,53,59,60,61,36,37,39,40,41,43,44,38,55,56,42,62,57,63,45,46) ORDER BY `sort` ASC [ RunTime:0.000364s ]
[ sql ] [ SQL ] SHOW COLUMNS FROM `box_log` [ RunTime:0.000682s ]
[ sql ] [ SQL ] SELECT COUNT(*) AS tp_count FROM `box_log` LIMIT 1 [ RunTime:0.000346s ]
[ sql ] [ SQL ] SELECT * FROM `box_log` ORDER BY `ctime` DESC LIMIT 0,10 [ RunTime:0.000349s ]
---------------------------------------------------------------
[ 2019-09-29T15:04:58+08:00 ] 101.91.62.11 GET ccpay.3ii.cn/captcha?id%3D1569725412
[ sql ] [ DB ] CONNECT:[ UseTime:0.000403s ] mysql:host=127.0.0.1;port=3306;dbname=epay_3ii_cn;charset=utf8
[ sql ] [ SQL ] SHOW COLUMNS FROM `box_config` [ RunTime:0.000801s ]
[ sql ] [ SQL ] SELECT `value` FROM `box_config` WHERE  `code` = 'admin_login_path' LIMIT 1 [ RunTime:0.000251s ]
---------------------------------------------------------------
[ 2019-09-29T16:27:30+08:00 ] 116.128.128.41 POST ccpay.3ii.cn/login
[ sql ] [ DB ] CONNECT:[ UseTime:0.000709s ] mysql:host=127.0.0.1;port=3306;dbname=epay_3ii_cn;charset=utf8
[ sql ] [ SQL ] SHOW COLUMNS FROM `box_config` [ RunTime:0.001004s ]
[ sql ] [ SQL ] SELECT `value` FROM `box_config` WHERE  `code` = 'admin_login_path' LIMIT 1 [ RunTime:0.000353s ]
[ sql ] [ SQL ] SELECT `value` FROM `box_config` WHERE  `code` = 'site_author' LIMIT 1 [ RunTime:0.000938s ]
[ sql ] [ SQL ] SELECT `value` FROM `box_config` WHERE  `code` = 'site_title' LIMIT 1 [ RunTime:0.000269s ]
[ sql ] [ SQL ] SELECT `value` FROM `box_config` WHERE  `code` = 'site_description' LIMIT 1 [ RunTime:0.000220s ]
[ sql ] [ SQL ] SELECT `value` FROM `box_config` WHERE  `code` = 'site_keywords' LIMIT 1 [ RunTime:0.000256s ]
[ sql ] [ SQL ] SELECT `value` FROM `box_config` WHERE  `code` = 'site_name' LIMIT 1 [ RunTime:0.000239s ]
[ sql ] [ SQL ] SELECT `value` FROM `box_config` WHERE  `code` = 'site_desc' LIMIT 1 [ RunTime:0.000392s ]
[ sql ] [ SQL ] SELECT `value` FROM `box_config` WHERE  `code` = 'site_url' LIMIT 1 [ RunTime:0.000214s ]
[ sql ] [ SQL ] SELECT `value` FROM `box_config` WHERE  `code` = 'site_logo' LIMIT 1 [ RunTime:0.000177s ]
[ sql ] [ SQL ] SELECT `value` FROM `box_config` WHERE  `code` = 'site_url' LIMIT 1 [ RunTime:0.000178s ]
[ sql ] [ SQL ] SELECT `value` FROM `box_config` WHERE  `code` = 'site_name' LIMIT 1 [ RunTime:0.000201s ]
[ sql ] [ SQL ] SELECT `value` FROM `box_config` WHERE  `code` = 'site_engname' LIMIT 1 [ RunTime:0.000227s ]
---------------------------------------------------------------
[ 2019-09-29T17:20:55+08:00 ] 93.158.161.53 GET ccpay.3ii.cn/
[ sql ] [ DB ] CONNECT:[ UseTime:0.000571s ] mysql:host=127.0.0.1;port=3306;dbname=epay_3ii_cn;charset=utf8
[ sql ] [ SQL ] SHOW COLUMNS FROM `box_config` [ RunTime:0.000738s ]
[ sql ] [ SQL ] SELECT `value` FROM `box_config` WHERE  `code` = 'admin_login_path' LIMIT 1 [ RunTime:0.000229s ]
[ sql ] [ SQL ] SELECT `value` FROM `box_config` WHERE  `code` = 'site_author' LIMIT 1 [ RunTime:0.000356s ]
[ sql ] [ SQL ] SELECT `value` FROM `box_config` WHERE  `code` = 'site_title' LIMIT 1 [ RunTime:0.000214s ]
[ sql ] [ SQL ] SELECT `value` FROM `box_config` WHERE  `code` = 'site_description' LIMIT 1 [ RunTime:0.000185s ]
[ sql ] [ SQL ] SELECT `value` FROM `box_config` WHERE  `code` = 'site_keywords' LIMIT 1 [ RunTime:0.000167s ]
[ sql ] [ SQL ] SELECT `value` FROM `box_config` WHERE  `code` = 'site_name' LIMIT 1 [ RunTime:0.000197s ]
[ sql ] [ SQL ] SELECT `value` FROM `box_config` WHERE  `code` = 'site_desc' LIMIT 1 [ RunTime:0.000170s ]
[ sql ] [ SQL ] SELECT `value` FROM `box_config` WHERE  `code` = 'site_url' LIMIT 1 [ RunTime:0.000162s ]
[ sql ] [ SQL ] SELECT `value` FROM `box_config` WHERE  `code` = 'site_logo' LIMIT 1 [ RunTime:0.000162s ]
[ sql ] [ SQL ] SELECT `value` FROM `box_config` WHERE  `code` = 'site_url' LIMIT 1 [ RunTime:0.000191s ]
[ sql ] [ SQL ] SELECT `value` FROM `box_config` WHERE  `code` = 'site_name' LIMIT 1 [ RunTime:0.000169s ]
[ sql ] [ SQL ] SELECT `value` FROM `box_config` WHERE  `code` = 'site_url' LIMIT 1 [ RunTime:0.000159s ]
[ sql ] [ SQL ] SELECT `value` FROM `box_config` WHERE  `code` = 'site_url' LIMIT 1 [ RunTime:0.000192s ]
[ sql ] [ SQL ] SELECT `value` FROM `box_config` WHERE  `code` = 'site_url' LIMIT 1 [ RunTime:0.000182s ]
[ sql ] [ SQL ] SELECT `value` FROM `box_config` WHERE  `code` = 'site_url' LIMIT 1 [ RunTime:0.000166s ]
[ sql ] [ SQL ] SELECT `value` FROM `box_config` WHERE  `code` = 'site_url' LIMIT 1 [ RunTime:0.000170s ]
[ sql ] [ SQL ] SELECT `value` FROM `box_config` WHERE  `code` = 'site_name' LIMIT 1 [ RunTime:0.008698s ]
[ sql ] [ SQL ] SELECT `value` FROM `box_config` WHERE  `code` = 'site_url' LIMIT 1 [ RunTime:0.001151s ]
[ sql ] [ SQL ] SELECT `value` FROM `box_config` WHERE  `code` = 'site_url' LIMIT 1 [ RunTime:0.000180s ]
[ sql ] [ SQL ] SELECT `value` FROM `box_config` WHERE  `code` = 'site_url' LIMIT 1 [ RunTime:0.000197s ]
[ sql ] [ SQL ] SELECT `value` FROM `box_config` WHERE  `code` = 'user_level2_price' LIMIT 1 [ RunTime:0.000181s ]
[ sql ] [ SQL ] SELECT `value` FROM `box_config` WHERE  `code` = 'user_level2_mout' LIMIT 1 [ RunTime:0.000165s ]
[ sql ] [ SQL ] SELECT `value` FROM `box_config` WHERE  `code` = 'user_level3_price' LIMIT 1 [ RunTime:0.000171s ]
[ sql ] [ SQL ] SELECT `value` FROM `box_config` WHERE  `code` = 'user_level3_mout' LIMIT 1 [ RunTime:0.000169s ]
[ sql ] [ SQL ] SELECT `value` FROM `box_config` WHERE  `code` = 'user_level1_price' LIMIT 1 [ RunTime:0.000168s ]
[ sql ] [ SQL ] SELECT `value` FROM `box_config` WHERE  `code` = 'user_level1_mout' LIMIT 1 [ RunTime:0.000163s ]
[ sql ] [ SQL ] SELECT `value` FROM `box_config` WHERE  `code` = 'site_name' LIMIT 1 [ RunTime:0.000216s ]
[ sql ] [ SQL ] SELECT `value` FROM `box_config` WHERE  `code` = 'site_name' LIMIT 1 [ RunTime:0.000176s ]
[ sql ] [ SQL ] SELECT `value` FROM `box_config` WHERE  `code` = 'site_name' LIMIT 1 [ RunTime:0.000164s ]
[ sql ] [ SQL ] SELECT `value` FROM `box_config` WHERE  `code` = 'site_name' LIMIT 1 [ RunTime:0.000160s ]
[ sql ] [ SQL ] SELECT `value` FROM `box_config` WHERE  `code` = 'site_engname' LIMIT 1 [ RunTime:0.000205s ]
[ sql ] [ SQL ] SELECT `value` FROM `box_config` WHERE  `code` = 'site_engname' LIMIT 1 [ RunTime:0.000174s ]
[ sql ] [ SQL ] SELECT `value` FROM `box_config` WHERE  `code` = 'site_name' LIMIT 1 [ RunTime:0.000162s ]
[ sql ] [ SQL ] SELECT `value` FROM `box_config` WHERE  `code` = 'site_name' LIMIT 1 [ RunTime:0.000159s ]
[ sql ] [ SQL ] SELECT `value` FROM `box_config` WHERE  `code` = 'site_wechat' LIMIT 1 [ RunTime:0.000186s ]
[ sql ] [ SQL ] SELECT `value` FROM `box_config` WHERE  `code` = 'site_qq' LIMIT 1 [ RunTime:0.000177s ]
[ sql ] [ SQL ] SELECT `value` FROM `box_config` WHERE  `code` = 'site_mail' LIMIT 1 [ RunTime:0.000162s ]
[ sql ] [ SQL ] SELECT `value` FROM `box_config` WHERE  `code` = 'site_url' LIMIT 1 [ RunTime:0.000160s ]
[ sql ] [ SQL ] SELECT `value` FROM `box_config` WHERE  `code` = 'site_icp' LIMIT 1 [ RunTime:0.000174s ]
