---------------------------------------------------------------
[ 2019-09-30T11:35:03+08:00 ] 27.157.76.160 GET ccpay.3ii.cn/
[ sql ] [ DB ] CONNECT:[ UseTime:0.000477s ] mysql:host=127.0.0.1;port=3306;dbname=epay_3ii_cn;charset=utf8
[ sql ] [ SQL ] SHOW COLUMNS FROM `box_config` [ RunTime:0.001109s ]
[ sql ] [ SQL ] SELECT `value` FROM `box_config` WHERE  `code` = 'admin_login_path' LIMIT 1 [ RunTime:0.000319s ]
[ sql ] [ SQL ] SELECT `value` FROM `box_config` WHERE  `code` = 'site_author' LIMIT 1 [ RunTime:0.000426s ]
[ sql ] [ SQL ] SELECT `value` FROM `box_config` WHERE  `code` = 'site_title' LIMIT 1 [ RunTime:0.000269s ]
[ sql ] [ SQL ] SELECT `value` FROM `box_config` WHERE  `code` = 'site_description' LIMIT 1 [ RunTime:0.000235s ]
[ sql ] [ SQL ] SELECT `value` FROM `box_config` WHERE  `code` = 'site_keywords' LIMIT 1 [ RunTime:0.000197s ]
[ sql ] [ SQL ] SELECT `value` FROM `box_config` WHERE  `code` = 'site_name' LIMIT 1 [ RunTime:0.000169s ]
[ sql ] [ SQL ] SELECT `value` FROM `box_config` WHERE  `code` = 'site_desc' LIMIT 1 [ RunTime:0.000177s ]
[ sql ] [ SQL ] SELECT `value` FROM `box_config` WHERE  `code` = 'site_url' LIMIT 1 [ RunTime:0.000187s ]
[ sql ] [ SQL ] SELECT `value` FROM `box_config` WHERE  `code` = 'site_logo' LIMIT 1 [ RunTime:0.000211s ]
[ sql ] [ SQL ] SELECT `value` FROM `box_config` WHERE  `code` = 'site_url' LIMIT 1 [ RunTime:0.000172s ]
[ sql ] [ SQL ] SELECT `value` FROM `box_config` WHERE  `code` = 'site_name' LIMIT 1 [ RunTime:0.000187s ]
[ sql ] [ SQL ] SELECT `value` FROM `box_config` WHERE  `code` = 'site_url' LIMIT 1 [ RunTime:0.000184s ]
[ sql ] [ SQL ] SELECT `value` FROM `box_config` WHERE  `code` = 'site_url' LIMIT 1 [ RunTime:0.000187s ]
[ sql ] [ SQL ] SELECT `value` FROM `box_config` WHERE  `code` = 'site_url' LIMIT 1 [ RunTime:0.000167s ]
[ sql ] [ SQL ] SELECT `value` FROM `box_config` WHERE  `code` = 'site_url' LIMIT 1 [ RunTime:0.000184s ]
[ sql ] [ SQL ] SELECT `value` FROM `box_config` WHERE  `code` = 'site_url' LIMIT 1 [ RunTime:0.000183s ]
[ sql ] [ SQL ] SELECT `value` FROM `box_config` WHERE  `code` = 'site_name' LIMIT 1 [ RunTime:0.000210s ]
[ sql ] [ SQL ] SELECT `value` FROM `box_config` WHERE  `code` = 'site_url' LIMIT 1 [ RunTime:0.000209s ]
[ sql ] [ SQL ] SELECT `value` FROM `box_config` WHERE  `code` = 'site_url' LIMIT 1 [ RunTime:0.000178s ]
[ sql ] [ SQL ] SELECT `value` FROM `box_config` WHERE  `code` = 'site_url' LIMIT 1 [ RunTime:0.000167s ]
[ sql ] [ SQL ] SELECT `value` FROM `box_config` WHERE  `code` = 'user_level2_price' LIMIT 1 [ RunTime:0.000188s ]
[ sql ] [ SQL ] SELECT `value` FROM `box_config` WHERE  `code` = 'user_level2_mout' LIMIT 1 [ RunTime:0.000194s ]
[ sql ] [ SQL ] SELECT `value` FROM `box_config` WHERE  `code` = 'user_level3_price' LIMIT 1 [ RunTime:0.000176s ]
[ sql ] [ SQL ] SELECT `value` FROM `box_config` WHERE  `code` = 'user_level3_mout' LIMIT 1 [ RunTime:0.000172s ]
[ sql ] [ SQL ] SELECT `value` FROM `box_config` WHERE  `code` = 'user_level1_price' LIMIT 1 [ RunTime:0.000194s ]
[ sql ] [ SQL ] SELECT `value` FROM `box_config` WHERE  `code` = 'user_level1_mout' LIMIT 1 [ RunTime:0.000178s ]
[ sql ] [ SQL ] SELECT `value` FROM `box_config` WHERE  `code` = 'site_name' LIMIT 1 [ RunTime:0.000181s ]
[ sql ] [ SQL ] SELECT `value` FROM `box_config` WHERE  `code` = 'site_name' LIMIT 1 [ RunTime:0.000180s ]
[ sql ] [ SQL ] SELECT `value` FROM `box_config` WHERE  `code` = 'site_name' LIMIT 1 [ RunTime:0.000189s ]
[ sql ] [ SQL ] SELECT `value` FROM `box_config` WHERE  `code` = 'site_name' LIMIT 1 [ RunTime:0.000167s ]
[ sql ] [ SQL ] SELECT `value` FROM `box_config` WHERE  `code` = 'site_engname' LIMIT 1 [ RunTime:0.000167s ]
[ sql ] [ SQL ] SELECT `value` FROM `box_config` WHERE  `code` = 'site_engname' LIMIT 1 [ RunTime:0.000206s ]
[ sql ] [ SQL ] SELECT `value` FROM `box_config` WHERE  `code` = 'site_name' LIMIT 1 [ RunTime:0.000188s ]
[ sql ] [ SQL ] SELECT `value` FROM `box_config` WHERE  `code` = 'site_name' LIMIT 1 [ RunTime:0.000167s ]
[ sql ] [ SQL ] SELECT `value` FROM `box_config` WHERE  `code` = 'site_wechat' LIMIT 1 [ RunTime:0.000196s ]
[ sql ] [ SQL ] SELECT `value` FROM `box_config` WHERE  `code` = 'site_qq' LIMIT 1 [ RunTime:0.000177s ]
[ sql ] [ SQL ] SELECT `value` FROM `box_config` WHERE  `code` = 'site_mail' LIMIT 1 [ RunTime:0.000186s ]
[ sql ] [ SQL ] SELECT `value` FROM `box_config` WHERE  `code` = 'site_url' LIMIT 1 [ RunTime:0.000193s ]
[ sql ] [ SQL ] SELECT `value` FROM `box_config` WHERE  `code` = 'site_icp' LIMIT 1 [ RunTime:0.000174s ]
---------------------------------------------------------------
[ 2019-09-30T11:35:06+08:00 ] 27.157.76.160 GET ccpay.3ii.cn/1213213
[ sql ] [ DB ] CONNECT:[ UseTime:0.000437s ] mysql:host=127.0.0.1;port=3306;dbname=epay_3ii_cn;charset=utf8
[ sql ] [ SQL ] SHOW COLUMNS FROM `box_config` [ RunTime:0.000804s ]
[ sql ] [ SQL ] SELECT `value` FROM `box_config` WHERE  `code` = 'admin_login_path' LIMIT 1 [ RunTime:0.000250s ]
---------------------------------------------------------------
[ 2019-09-30T11:35:08+08:00 ] 27.157.76.160 GET ccpay.3ii.cn/1213213
[ sql ] [ DB ] CONNECT:[ UseTime:0.000537s ] mysql:host=127.0.0.1;port=3306;dbname=epay_3ii_cn;charset=utf8
[ sql ] [ SQL ] SHOW COLUMNS FROM `box_config` [ RunTime:0.001008s ]
[ sql ] [ SQL ] SELECT `value` FROM `box_config` WHERE  `code` = 'admin_login_path' LIMIT 1 [ RunTime:0.000325s ]
---------------------------------------------------------------
[ 2019-09-30T11:35:11+08:00 ] 27.157.76.160 GET ccpay.3ii.cn/
[ sql ] [ DB ] CONNECT:[ UseTime:0.000695s ] mysql:host=127.0.0.1;port=3306;dbname=epay_3ii_cn;charset=utf8
[ sql ] [ SQL ] SHOW COLUMNS FROM `box_config` [ RunTime:0.000833s ]
[ sql ] [ SQL ] SELECT `value` FROM `box_config` WHERE  `code` = 'admin_login_path' LIMIT 1 [ RunTime:0.000280s ]
[ sql ] [ SQL ] SELECT `value` FROM `box_config` WHERE  `code` = 'site_author' LIMIT 1 [ RunTime:0.000350s ]
[ sql ] [ SQL ] SELECT `value` FROM `box_config` WHERE  `code` = 'site_title' LIMIT 1 [ RunTime:0.000183s ]
[ sql ] [ SQL ] SELECT `value` FROM `box_config` WHERE  `code` = 'site_description' LIMIT 1 [ RunTime:0.000185s ]
[ sql ] [ SQL ] SELECT `value` FROM `box_config` WHERE  `code` = 'site_keywords' LIMIT 1 [ RunTime:0.000188s ]
[ sql ] [ SQL ] SELECT `value` FROM `box_config` WHERE  `code` = 'site_name' LIMIT 1 [ RunTime:0.000194s ]
[ sql ] [ SQL ] SELECT `value` FROM `box_config` WHERE  `code` = 'site_desc' LIMIT 1 [ RunTime:0.000168s ]
[ sql ] [ SQL ] SELECT `value` FROM `box_config` WHERE  `code` = 'site_url' LIMIT 1 [ RunTime:0.000197s ]
[ sql ] [ SQL ] SELECT `value` FROM `box_config` WHERE  `code` = 'site_logo' LIMIT 1 [ RunTime:0.000197s ]
[ sql ] [ SQL ] SELECT `value` FROM `box_config` WHERE  `code` = 'site_url' LIMIT 1 [ RunTime:0.000164s ]
[ sql ] [ SQL ] SELECT `value` FROM `box_config` WHERE  `code` = 'site_name' LIMIT 1 [ RunTime:0.000163s ]
[ sql ] [ SQL ] SELECT `value` FROM `box_config` WHERE  `code` = 'site_url' LIMIT 1 [ RunTime:0.000175s ]
[ sql ] [ SQL ] SELECT `value` FROM `box_config` WHERE  `code` = 'site_url' LIMIT 1 [ RunTime:0.000190s ]
[ sql ] [ SQL ] SELECT `value` FROM `box_config` WHERE  `code` = 'site_url' LIMIT 1 [ RunTime:0.000183s ]
[ sql ] [ SQL ] SELECT `value` FROM `box_config` WHERE  `code` = 'site_url' LIMIT 1 [ RunTime:0.000176s ]
[ sql ] [ SQL ] SELECT `value` FROM `box_config` WHERE  `code` = 'site_url' LIMIT 1 [ RunTime:0.000183s ]
[ sql ] [ SQL ] SELECT `value` FROM `box_config` WHERE  `code` = 'site_name' LIMIT 1 [ RunTime:0.000212s ]
[ sql ] [ SQL ] SELECT `value` FROM `box_config` WHERE  `code` = 'site_url' LIMIT 1 [ RunTime:0.000172s ]
[ sql ] [ SQL ] SELECT `value` FROM `box_config` WHERE  `code` = 'site_url' LIMIT 1 [ RunTime:0.000167s ]
[ sql ] [ SQL ] SELECT `value` FROM `box_config` WHERE  `code` = 'site_url' LIMIT 1 [ RunTime:0.000222s ]
[ sql ] [ SQL ] SELECT `value` FROM `box_config` WHERE  `code` = 'user_level2_price' LIMIT 1 [ RunTime:0.000196s ]
[ sql ] [ SQL ] SELECT `value` FROM `box_config` WHERE  `code` = 'user_level2_mout' LIMIT 1 [ RunTime:0.000167s ]
[ sql ] [ SQL ] SELECT `value` FROM `box_config` WHERE  `code` = 'user_level3_price' LIMIT 1 [ RunTime:0.000247s ]
[ sql ] [ SQL ] SELECT `value` FROM `box_config` WHERE  `code` = 'user_level3_mout' LIMIT 1 [ RunTime:0.000268s ]
[ sql ] [ SQL ] SELECT `value` FROM `box_config` WHERE  `code` = 'user_level1_price' LIMIT 1 [ RunTime:0.000176s ]
[ sql ] [ SQL ] SELECT `value` FROM `box_config` WHERE  `code` = 'user_level1_mout' LIMIT 1 [ RunTime:0.000187s ]
[ sql ] [ SQL ] SELECT `value` FROM `box_config` WHERE  `code` = 'site_name' LIMIT 1 [ RunTime:0.000242s ]
[ sql ] [ SQL ] SELECT `value` FROM `box_config` WHERE  `code` = 'site_name' LIMIT 1 [ RunTime:0.000189s ]
[ sql ] [ SQL ] SELECT `value` FROM `box_config` WHERE  `code` = 'site_name' LIMIT 1 [ RunTime:0.000182s ]
[ sql ] [ SQL ] SELECT `value` FROM `box_config` WHERE  `code` = 'site_name' LIMIT 1 [ RunTime:0.000218s ]
[ sql ] [ SQL ] SELECT `value` FROM `box_config` WHERE  `code` = 'site_engname' LIMIT 1 [ RunTime:0.000183s ]
[ sql ] [ SQL ] SELECT `value` FROM `box_config` WHERE  `code` = 'site_engname' LIMIT 1 [ RunTime:0.000162s ]
[ sql ] [ SQL ] SELECT `value` FROM `box_config` WHERE  `code` = 'site_name' LIMIT 1 [ RunTime:0.000168s ]
[ sql ] [ SQL ] SELECT `value` FROM `box_config` WHERE  `code` = 'site_name' LIMIT 1 [ RunTime:0.000167s ]
[ sql ] [ SQL ] SELECT `value` FROM `box_config` WHERE  `code` = 'site_wechat' LIMIT 1 [ RunTime:0.000180s ]
[ sql ] [ SQL ] SELECT `value` FROM `box_config` WHERE  `code` = 'site_qq' LIMIT 1 [ RunTime:0.000161s ]
[ sql ] [ SQL ] SELECT `value` FROM `box_config` WHERE  `code` = 'site_mail' LIMIT 1 [ RunTime:0.000161s ]
[ sql ] [ SQL ] SELECT `value` FROM `box_config` WHERE  `code` = 'site_url' LIMIT 1 [ RunTime:0.000183s ]
[ sql ] [ SQL ] SELECT `value` FROM `box_config` WHERE  `code` = 'site_icp' LIMIT 1 [ RunTime:0.000182s ]
---------------------------------------------------------------
[ 2019-09-30T11:35:14+08:00 ] 27.157.76.160 GET ccpay.3ii.cn/admin
[ sql ] [ DB ] CONNECT:[ UseTime:0.000385s ] mysql:host=127.0.0.1;port=3306;dbname=epay_3ii_cn;charset=utf8
[ sql ] [ SQL ] SHOW COLUMNS FROM `box_config` [ RunTime:0.000773s ]
[ sql ] [ SQL ] SELECT `value` FROM `box_config` WHERE  `code` = 'admin_login_path' LIMIT 1 [ RunTime:0.000242s ]
[ sql ] [ SQL ] SHOW COLUMNS FROM `box_admin` [ RunTime:0.000808s ]
[ sql ] [ SQL ] SELECT * FROM `box_admin` WHERE  `names` IS NULL LIMIT 1 [ RunTime:0.000330s ]
[ sql ] [ SQL ] SHOW COLUMNS FROM `box_operation` [ RunTime:0.000555s ]
[ sql ] [ SQL ] INSERT INTO `box_operation` (`action` , `name` , `time`) VALUES ('admin/index/index' , NULL , 1569814514) [ RunTime:0.007417s ]
[ sql ] [ SQL ] SELECT `value` FROM `box_config` WHERE  `code` = 'admin_login_path' LIMIT 1 [ RunTime:0.000261s ]
[ sql ] [ SQL ] SELECT `value` FROM `box_config` WHERE  `code` = 'admin_login_path' LIMIT 1 [ RunTime:0.000257s ]
[ sql ] [ SQL ] SELECT `value` FROM `box_config` WHERE  `code` = 'admin_login_path' LIMIT 1 [ RunTime:0.000197s ]
[ sql ] [ SQL ] SELECT `value` FROM `box_config` WHERE  `code` = 'admin_login_path' LIMIT 1 [ RunTime:0.000176s ]
---------------------------------------------------------------
[ 2019-09-30T11:35:15+08:00 ] 27.157.76.160 GET ccpay.3ii.cn/admin
[ sql ] [ DB ] CONNECT:[ UseTime:0.000400s ] mysql:host=127.0.0.1;port=3306;dbname=epay_3ii_cn;charset=utf8
[ sql ] [ SQL ] SHOW COLUMNS FROM `box_config` [ RunTime:0.000753s ]
[ sql ] [ SQL ] SELECT `value` FROM `box_config` WHERE  `code` = 'admin_login_path' LIMIT 1 [ RunTime:0.000246s ]
[ sql ] [ SQL ] SHOW COLUMNS FROM `box_admin` [ RunTime:0.000794s ]
[ sql ] [ SQL ] SELECT * FROM `box_admin` WHERE  `names` IS NULL LIMIT 1 [ RunTime:0.000238s ]
[ sql ] [ SQL ] SHOW COLUMNS FROM `box_operation` [ RunTime:0.000563s ]
[ sql ] [ SQL ] INSERT INTO `box_operation` (`action` , `name` , `time`) VALUES ('admin/index/index' , NULL , 1569814515) [ RunTime:0.000282s ]
[ sql ] [ SQL ] SELECT `value` FROM `box_config` WHERE  `code` = 'admin_login_path' LIMIT 1 [ RunTime:0.000206s ]
[ sql ] [ SQL ] SELECT `value` FROM `box_config` WHERE  `code` = 'admin_login_path' LIMIT 1 [ RunTime:0.000185s ]
[ sql ] [ SQL ] SELECT `value` FROM `box_config` WHERE  `code` = 'admin_login_path' LIMIT 1 [ RunTime:0.000200s ]
[ sql ] [ SQL ] SELECT `value` FROM `box_config` WHERE  `code` = 'admin_login_path' LIMIT 1 [ RunTime:0.000181s ]
---------------------------------------------------------------
[ 2019-09-30T11:35:17+08:00 ] 27.157.76.160 GET ccpay.3ii.cn/asdf
[ sql ] [ DB ] CONNECT:[ UseTime:0.000355s ] mysql:host=127.0.0.1;port=3306;dbname=epay_3ii_cn;charset=utf8
[ sql ] [ SQL ] SHOW COLUMNS FROM `box_config` [ RunTime:0.000801s ]
[ sql ] [ SQL ] SELECT `value` FROM `box_config` WHERE  `code` = 'admin_login_path' LIMIT 1 [ RunTime:0.000258s ]
